<?xml version="1.0" encoding="UTF-8"?>
<testsuite xmlns:xsi="http://www.w3.org/2001/XMLSchema-instance" xsi:noNamespaceSchemaLocation="https://maven.apache.org/surefire/maven-surefire-plugin/xsd/surefire-test-report-3.0.xsd" version="3.0" name="com.ntros.mprocswift.MoneyProcessorSwiftServerApplicationTests" time="3.155" tests="1" errors="0" skipped="0" failures="0">
  <properties>
[...]
</properties>
  <testcase name="contextLoads" classname="com.ntros.mprocswift.MoneyProcessorSwiftServerApplicationTests" time="0.33">
    <system-out><![CDATA[23:46:32.178 [main] INFO org.springframework.test.context.support.AnnotationConfigContextLoaderUtils -- Could not detect default configuration classes for test class [com.ntros.mprocswift.MoneyProcessorSwiftServerApplicationTests]: MoneyProcessorSwiftServerApplicationTests does not declare any static, non-private, non-final, nested classes annotated with @Configuration.
23:46:32.225 [main] INFO org.springframework.boot.test.context.SpringBootTestContextBootstrapper -- Found @SpringBootConfiguration com.ntros.mprocswift.MoneyProcessorSwiftServerApplication for test class com.ntros.mprocswift.MoneyProcessorSwiftServerApplicationTests

  .   ____          _            __ _ _
 /\\ / ___'_ __ _ _(_)_ __  __ _ \ \ \ \
( ( )\___ | '_ | '_| | '_ \/ _` | \ \ \ \
 \\/  ___)| |_)| | | | | || (_| |  ) ) ) )
  '  |____| .__|_| |_|_| |_\__, | / / / /
 =========|_|==============|___/=/_/_/_/
 :: Spring Boot ::                (v3.2.2)

2024-02-24T23:46:32.442+02:00  INFO 87695 --- [           main] oneyProcessorSwiftServerApplicationTests : Starting MoneyProcessorSwiftServerApplicationTests using Java 21.0.1 with PID 87695 (started by rafa95 in /Users/rafa95/Dev/mps-proj/mproc-swift-server/mproc-swift-server/bootstrap)
2024-02-24T23:46:32.443+02:00  INFO 87695 --- [           main] oneyProcessorSwiftServerApplicationTests : The following 1 profile is active: "test"
2024-02-24T23:46:32.443+02:00 DEBUG 87695 --- [           main] o.s.boot.SpringApplication               : Loading source class com.ntros.mprocswift.MoneyProcessorSwiftServerApplication
2024-02-24T23:46:32.457+02:00 DEBUG 87695 --- [           main] o.s.w.c.s.GenericWebApplicationContext   : Refreshing org.springframework.web.context.support.GenericWebApplicationContext@632aa1a3
2024-02-24T23:46:32.465+02:00 DEBUG 87695 --- [           main] o.s.b.f.s.DefaultListableBeanFactory     : Creating shared instance of singleton bean 'org.springframework.context.annotation.internalConfigurationAnnotationProcessor'
2024-02-24T23:46:32.471+02:00 DEBUG 87695 --- [           main] o.s.b.f.s.DefaultListableBeanFactory     : Creating shared instance of singleton bean 'org.springframework.boot.autoconfigure.internalCachingMetadataReaderFactory'
2024-02-24T23:46:32.490+02:00 DEBUG 87695 --- [           main] o.s.c.a.ClassPathBeanDefinitionScanner   : Identified candidate component class: file [/Users/rafa95/Dev/mps-proj/mproc-swift-server/mproc-swift-server/bootstrap/target/classes/com/ntros/mprocswift/config/AppConfig.class]
2024-02-24T23:46:32.492+02:00 DEBUG 87695 --- [           main] o.s.c.a.ClassPathBeanDefinitionScanner   : Identified candidate component class: file [/Users/rafa95/Dev/mps-proj/mproc-swift-server/mproc-swift-server/bootstrap/target/classes/com/ntros/mprocswift/config/AsyncConfig.class]
2024-02-24T23:46:32.495+02:00 DEBUG 87695 --- [           main] o.s.c.a.ClassPathBeanDefinitionScanner   : Identified candidate component class: URL [jar:file:/Users/rafa95/Dev/mps-proj/mproc-swift-server/mproc-swift-server/rest/target/rest-1.0-SNAPSHOT.jar!/com/ntros/mprocswift/handler/GlobalExceptionHandler.class]
2024-02-24T23:46:32.497+02:00 DEBUG 87695 --- [           main] o.s.c.a.ClassPathBeanDefinitionScanner   : Identified candidate component class: URL [jar:file:/Users/rafa95/Dev/mps-proj/mproc-swift-server/mproc-swift-server/rest/target/rest-1.0-SNAPSHOT.jar!/com/ntros/mprocswift/controller/RegistrationController.class]
2024-02-24T23:46:32.500+02:00 DEBUG 87695 --- [           main] o.s.c.a.ClassPathBeanDefinitionScanner   : Identified candidate component class: URL [jar:file:/Users/rafa95/Dev/mps-proj/mproc-swift-server/mproc-swift-server/rest/target/rest-1.0-SNAPSHOT.jar!/com/ntros/mprocswift/controller/AccountController.class]
2024-02-24T23:46:32.501+02:00 DEBUG 87695 --- [           main] o.s.c.a.ClassPathBeanDefinitionScanner   : Identified candidate component class: URL [jar:file:/Users/rafa95/Dev/mps-proj/mproc-swift-server/mproc-swift-server/rest/target/rest-1.0-SNAPSHOT.jar!/com/ntros/mprocswift/controller/transfer/ExternalTransferController.class]
2024-02-24T23:46:32.501+02:00 DEBUG 87695 --- [           main] o.s.c.a.ClassPathBeanDefinitionScanner   : Identified candidate component class: URL [jar:file:/Users/rafa95/Dev/mps-proj/mproc-swift-server/mproc-swift-server/rest/target/rest-1.0-SNAPSHOT.jar!/com/ntros/mprocswift/controller/transfer/WalletToWalletTransferController.class]
2024-02-24T23:46:32.502+02:00 DEBUG 87695 --- [           main] o.s.c.a.ClassPathBeanDefinitionScanner   : Ignored because not a concrete top-level class: URL [jar:file:/Users/rafa95/Dev/mps-proj/mproc-swift-server/mproc-swift-server/rest/target/rest-1.0-SNAPSHOT.jar!/com/ntros/mprocswift/controller/transfer/AbstractTransferController.class]
2024-02-24T23:46:32.502+02:00 DEBUG 87695 --- [           main] o.s.c.a.ClassPathBeanDefinitionScanner   : Identified candidate component class: URL [jar:file:/Users/rafa95/Dev/mps-proj/mproc-swift-server/mproc-swift-server/rest/target/rest-1.0-SNAPSHOT.jar!/com/ntros/mprocswift/controller/transfer/InternalTransferController.class]
2024-02-24T23:46:32.502+02:00 DEBUG 87695 --- [           main] o.s.c.a.ClassPathBeanDefinitionScanner   : Identified candidate component class: URL [jar:file:/Users/rafa95/Dev/mps-proj/mproc-swift-server/mproc-swift-server/rest/target/rest-1.0-SNAPSHOT.jar!/com/ntros/mprocswift/controller/TransactionController.class]
2024-02-24T23:46:32.503+02:00 DEBUG 87695 --- [           main] o.s.c.a.ClassPathBeanDefinitionScanner   : Identified candidate component class: URL [jar:file:/Users/rafa95/Dev/mps-proj/mproc-swift-server/mproc-swift-server/rest/target/rest-1.0-SNAPSHOT.jar!/com/ntros/mprocswift/controller/CurrencyController.class]
2024-02-24T23:46:32.503+02:00 DEBUG 87695 --- [           main] o.s.c.a.ClassPathBeanDefinitionScanner   : Ignored because not a concrete top-level class: URL [jar:file:/Users/rafa95/Dev/mps-proj/mproc-swift-server/mproc-swift-server/rest/target/rest-1.0-SNAPSHOT.jar!/com/ntros/mprocswift/controller/AbstractApiController.class]
2024-02-24T23:46:32.503+02:00 DEBUG 87695 --- [           main] o.s.c.a.ClassPathBeanDefinitionScanner   : Identified candidate component class: URL [jar:file:/Users/rafa95/Dev/mps-proj/mproc-swift-server/mproc-swift-server/rest/target/rest-1.0-SNAPSHOT.jar!/com/ntros/mprocswift/controller/WalletController.class]
2024-02-24T23:46:32.504+02:00 DEBUG 87695 --- [           main] o.s.c.a.ClassPathBeanDefinitionScanner   : Identified candidate component class: URL [jar:file:/Users/rafa95/Dev/mps-proj/mproc-swift-server/mproc-swift-server/rest/target/rest-1.0-SNAPSHOT.jar!/com/ntros/mprocswift/controller/UserController.class]
2024-02-24T23:46:32.504+02:00 DEBUG 87695 --- [           main] o.s.c.a.ClassPathBeanDefinitionScanner   : Identified candidate component class: URL [jar:file:/Users/rafa95/Dev/mps-proj/mproc-swift-server/mproc-swift-server/service/target/service-1.0-SNAPSHOT.jar!/com/ntros/mprocswift/converter/CurrencyConverter.class]
2024-02-24T23:46:32.504+02:00 DEBUG 87695 --- [           main] o.s.c.a.ClassPathBeanDefinitionScanner   : Identified candidate component class: URL [jar:file:/Users/rafa95/Dev/mps-proj/mproc-swift-server/mproc-swift-server/service/target/service-1.0-SNAPSHOT.jar!/com/ntros/mprocswift/converter/WalletConverter.class]
2024-02-24T23:46:32.504+02:00 DEBUG 87695 --- [           main] o.s.c.a.ClassPathBeanDefinitionScanner   : Identified candidate component class: URL [jar:file:/Users/rafa95/Dev/mps-proj/mproc-swift-server/mproc-swift-server/service/target/service-1.0-SNAPSHOT.jar!/com/ntros/mprocswift/converter/MoneyTransferConverter.class]
2024-02-24T23:46:32.504+02:00 DEBUG 87695 --- [           main] o.s.c.a.ClassPathBeanDefinitionScanner   : Identified candidate component class: URL [jar:file:/Users/rafa95/Dev/mps-proj/mproc-swift-server/mproc-swift-server/service/target/service-1.0-SNAPSHOT.jar!/com/ntros/mprocswift/converter/AccountConverter.class]
2024-02-24T23:46:32.506+02:00 DEBUG 87695 --- [           main] o.s.c.a.ClassPathBeanDefinitionScanner   : Identified candidate component class: URL [jar:file:/Users/rafa95/Dev/mps-proj/mproc-swift-server/mproc-swift-server/service/target/service-1.0-SNAPSHOT.jar!/com/ntros/mprocswift/service/transaction/MoneyTransferDataService.class]
2024-02-24T23:46:32.507+02:00 DEBUG 87695 --- [           main] o.s.c.a.ClassPathBeanDefinitionScanner   : Identified candidate component class: URL [jar:file:/Users/rafa95/Dev/mps-proj/mproc-swift-server/mproc-swift-server/service/target/service-1.0-SNAPSHOT.jar!/com/ntros/mprocswift/service/card/CardDataService.class]
2024-02-24T23:46:32.508+02:00 DEBUG 87695 --- [           main] o.s.c.a.ClassPathBeanDefinitionScanner   : Identified candidate component class: URL [jar:file:/Users/rafa95/Dev/mps-proj/mproc-swift-server/mproc-swift-server/service/target/service-1.0-SNAPSHOT.jar!/com/ntros/mprocswift/service/transfer/ExternalTransferService.class]
2024-02-24T23:46:32.508+02:00 DEBUG 87695 --- [           main] o.s.c.a.ClassPathBeanDefinitionScanner   : Identified candidate component class: URL [jar:file:/Users/rafa95/Dev/mps-proj/mproc-swift-server/mproc-swift-server/service/target/service-1.0-SNAPSHOT.jar!/com/ntros/mprocswift/service/transfer/InternalTransferService.class]
2024-02-24T23:46:32.508+02:00 DEBUG 87695 --- [           main] o.s.c.a.ClassPathBeanDefinitionScanner   : Identified candidate component class: URL [jar:file:/Users/rafa95/Dev/mps-proj/mproc-swift-server/mproc-swift-server/service/target/service-1.0-SNAPSHOT.jar!/com/ntros/mprocswift/service/transfer/WalletToWalletTransferService.class]
2024-02-24T23:46:32.509+02:00 DEBUG 87695 --- [           main] o.s.c.a.ClassPathBeanDefinitionScanner   : Ignored because not a concrete top-level class: URL [jar:file:/Users/rafa95/Dev/mps-proj/mproc-swift-server/mproc-swift-server/service/target/service-1.0-SNAPSHOT.jar!/com/ntros/mprocswift/service/transfer/AbstractTransferService.class]
2024-02-24T23:46:32.509+02:00 DEBUG 87695 --- [           main] o.s.c.a.ClassPathBeanDefinitionScanner   : Identified candidate component class: URL [jar:file:/Users/rafa95/Dev/mps-proj/mproc-swift-server/mproc-swift-server/service/target/service-1.0-SNAPSHOT.jar!/com/ntros/mprocswift/service/user/RoleDataService.class]
2024-02-24T23:46:32.509+02:00 DEBUG 87695 --- [           main] o.s.c.a.ClassPathBeanDefinitionScanner   : Identified candidate component class: URL [jar:file:/Users/rafa95/Dev/mps-proj/mproc-swift-server/mproc-swift-server/service/target/service-1.0-SNAPSHOT.jar!/com/ntros/mprocswift/service/user/UserDataService.class]
2024-02-24T23:46:32.509+02:00 DEBUG 87695 --- [           main] o.s.c.a.ClassPathBeanDefinitionScanner   : Identified candidate component class: URL [jar:file:/Users/rafa95/Dev/mps-proj/mproc-swift-server/mproc-swift-server/service/target/service-1.0-SNAPSHOT.jar!/com/ntros/mprocswift/service/user/AddressDataService.class]
2024-02-24T23:46:32.511+02:00 DEBUG 87695 --- [           main] o.s.c.a.ClassPathBeanDefinitionScanner   : Identified candidate component class: URL [jar:file:/Users/rafa95/Dev/mps-proj/mproc-swift-server/mproc-swift-server/service/target/service-1.0-SNAPSHOT.jar!/com/ntros/mprocswift/service/wallet/WalletDataService.class]
2024-02-24T23:46:32.511+02:00 DEBUG 87695 --- [           main] o.s.c.a.ClassPathBeanDefinitionScanner   : Identified candidate component class: URL [jar:file:/Users/rafa95/Dev/mps-proj/mproc-swift-server/mproc-swift-server/service/target/service-1.0-SNAPSHOT.jar!/com/ntros/mprocswift/service/account/AccountDataService.class]
2024-02-24T23:46:32.512+02:00 DEBUG 87695 --- [           main] o.s.c.a.ClassPathBeanDefinitionScanner   : Identified candidate component class: URL [jar:file:/Users/rafa95/Dev/mps-proj/mproc-swift-server/mproc-swift-server/service/target/service-1.0-SNAPSHOT.jar!/com/ntros/mprocswift/service/currency/CurrencyDataService.class]
2024-02-24T23:46:32.512+02:00 DEBUG 87695 --- [           main] o.s.c.a.ClassPathBeanDefinitionScanner   : Identified candidate component class: URL [jar:file:/Users/rafa95/Dev/mps-proj/mproc-swift-server/mproc-swift-server/service/target/service-1.0-SNAPSHOT.jar!/com/ntros/mprocswift/service/currency/CurrencyExchangeRateDataService.class]
2024-02-24T23:46:32.512+02:00 DEBUG 87695 --- [           main] o.s.c.a.ClassPathBeanDefinitionScanner   : Ignored because not a concrete top-level class: URL [jar:file:/Users/rafa95/Dev/mps-proj/mproc-swift-server/mproc-swift-server/persistence/target/persistence-1.0-SNAPSHOT.jar!/com/ntros/mprocswift/repository/transaction/TransactionRepository.class]
2024-02-24T23:46:32.513+02:00 DEBUG 87695 --- [           main] o.s.c.a.ClassPathBeanDefinitionScanner   : Ignored because not a concrete top-level class: URL [jar:file:/Users/rafa95/Dev/mps-proj/mproc-swift-server/mproc-swift-server/persistence/target/persistence-1.0-SNAPSHOT.jar!/com/ntros/mprocswift/repository/transaction/MoneyTransferRepository.class]
2024-02-24T23:46:32.514+02:00 DEBUG 87695 --- [           main] o.s.c.a.ClassPathBeanDefinitionScanner   : Ignored because not a concrete top-level class: URL [jar:file:/Users/rafa95/Dev/mps-proj/mproc-swift-server/mproc-swift-server/persistence/target/persistence-1.0-SNAPSHOT.jar!/com/ntros/mprocswift/repository/WalletRepository.class]
2024-02-24T23:46:32.514+02:00 DEBUG 87695 --- [           main] o.s.c.a.ClassPathBeanDefinitionScanner   : Ignored because not a concrete top-level class: URL [jar:file:/Users/rafa95/Dev/mps-proj/mproc-swift-server/mproc-swift-server/persistence/target/persistence-1.0-SNAPSHOT.jar!/com/ntros/mprocswift/repository/MerchantRepository.class]
2024-02-24T23:46:32.514+02:00 DEBUG 87695 --- [           main] o.s.c.a.ClassPathBeanDefinitionScanner   : Ignored because not a concrete top-level class: URL [jar:file:/Users/rafa95/Dev/mps-proj/mproc-swift-server/mproc-swift-server/persistence/target/persistence-1.0-SNAPSHOT.jar!/com/ntros/mprocswift/repository/CardRepository.class]
2024-02-24T23:46:32.514+02:00 DEBUG 87695 --- [           main] o.s.c.a.ClassPathBeanDefinitionScanner   : Ignored because not a concrete top-level class: URL [jar:file:/Users/rafa95/Dev/mps-proj/mproc-swift-server/mproc-swift-server/persistence/target/persistence-1.0-SNAPSHOT.jar!/com/ntros/mprocswift/repository/user/UserRepository.class]
2024-02-24T23:46:32.514+02:00 DEBUG 87695 --- [           main] o.s.c.a.ClassPathBeanDefinitionScanner   : Ignored because not a concrete top-level class: URL [jar:file:/Users/rafa95/Dev/mps-proj/mproc-swift-server/mproc-swift-server/persistence/target/persistence-1.0-SNAPSHOT.jar!/com/ntros/mprocswift/repository/user/AddressRepository.class]
2024-02-24T23:46:32.515+02:00 DEBUG 87695 --- [           main] o.s.c.a.ClassPathBeanDefinitionScanner   : Ignored because not a concrete top-level class: URL [jar:file:/Users/rafa95/Dev/mps-proj/mproc-swift-server/mproc-swift-server/persistence/target/persistence-1.0-SNAPSHOT.jar!/com/ntros/mprocswift/repository/user/RoleRepository.class]
2024-02-24T23:46:32.515+02:00 DEBUG 87695 --- [           main] o.s.c.a.ClassPathBeanDefinitionScanner   : Ignored because not a concrete top-level class: URL [jar:file:/Users/rafa95/Dev/mps-proj/mproc-swift-server/mproc-swift-server/persistence/target/persistence-1.0-SNAPSHOT.jar!/com/ntros/mprocswift/repository/account/AccountDetailsRepository.class]
2024-02-24T23:46:32.515+02:00 DEBUG 87695 --- [           main] o.s.c.a.ClassPathBeanDefinitionScanner   : Ignored because not a concrete top-level class: URL [jar:file:/Users/rafa95/Dev/mps-proj/mproc-swift-server/mproc-swift-server/persistence/target/persistence-1.0-SNAPSHOT.jar!/com/ntros/mprocswift/repository/account/AccountRepository.class]
2024-02-24T23:46:32.515+02:00 DEBUG 87695 --- [           main] o.s.c.a.ClassPathBeanDefinitionScanner   : Ignored because not a concrete top-level class: URL [jar:file:/Users/rafa95/Dev/mps-proj/mproc-swift-server/mproc-swift-server/persistence/target/persistence-1.0-SNAPSHOT.jar!/com/ntros/mprocswift/repository/currency/CurrencyRepository.class]
2024-02-24T23:46:32.515+02:00 DEBUG 87695 --- [           main] o.s.c.a.ClassPathBeanDefinitionScanner   : Ignored because not a concrete top-level class: URL [jar:file:/Users/rafa95/Dev/mps-proj/mproc-swift-server/mproc-swift-server/persistence/target/persistence-1.0-SNAPSHOT.jar!/com/ntros/mprocswift/repository/currency/CurrencyExchangeRateRepository.class]
2024-02-24T23:46:32.688+02:00 DEBUG 87695 --- [           main] o.s.b.f.s.DefaultListableBeanFactory     : Overriding bean definition for bean 'taskExecutor' with a different definition: replacing [Root bean: class [null]; scope=; abstract=false; lazyInit=null; autowireMode=3; dependencyCheck=0; autowireCandidate=true; primary=false; factoryBeanName=appConfig; factoryMethodName=taskExecutor; initMethodNames=null; destroyMethodNames=[(inferred)]; defined in class path resource [com/ntros/mprocswift/config/AppConfig.class]] with [Root bean: class [null]; scope=; abstract=false; lazyInit=null; autowireMode=3; dependencyCheck=0; autowireCandidate=true; primary=false; factoryBeanName=asyncConfig; factoryMethodName=getAsyncExecutor; initMethodNames=null; destroyMethodNames=[(inferred)]; defined in class path resource [com/ntros/mprocswift/config/AsyncConfig.class]]
2024-02-24T23:46:32.768+02:00  INFO 87695 --- [           main] .s.d.r.c.RepositoryConfigurationDelegate : Bootstrapping Spring Data JPA repositories in DEFAULT mode.
2024-02-24T23:46:32.771+02:00 DEBUG 87695 --- [           main] o.s.b.f.s.DefaultListableBeanFactory     : Creating shared instance of singleton bean 'org.springframework.boot.autoconfigure.AutoConfigurationPackages'
2024-02-24T23:46:32.774+02:00 DEBUG 87695 --- [           main] o.s.b.a.AutoConfigurationPackages        : @EnableAutoConfiguration was declared on a class in the package 'com.ntros.mprocswift'. Automatic @Repository and @Entity scanning is enabled.
2024-02-24T23:46:32.775+02:00 DEBUG 87695 --- [           main] .s.d.r.c.RepositoryConfigurationDelegate : Scanning for JPA repositories in packages com.ntros.mprocswift.
2024-02-24T23:46:32.783+02:00 DEBUG 87695 --- [           main] o.s.d.r.c.RepositoryComponentProvider    : Identified candidate component class: URL [jar:file:/Users/rafa95/Dev/mps-proj/mproc-swift-server/mproc-swift-server/persistence/target/persistence-1.0-SNAPSHOT.jar!/com/ntros/mprocswift/repository/transaction/TransactionRepository.class]
2024-02-24T23:46:32.783+02:00 DEBUG 87695 --- [           main] o.s.d.r.c.RepositoryComponentProvider    : Identified candidate component class: URL [jar:file:/Users/rafa95/Dev/mps-proj/mproc-swift-server/mproc-swift-server/persistence/target/persistence-1.0-SNAPSHOT.jar!/com/ntros/mprocswift/repository/transaction/MoneyTransferRepository.class]
2024-02-24T23:46:32.783+02:00 DEBUG 87695 --- [           main] o.s.d.r.c.RepositoryComponentProvider    : Identified candidate component class: URL [jar:file:/Users/rafa95/Dev/mps-proj/mproc-swift-server/mproc-swift-server/persistence/target/persistence-1.0-SNAPSHOT.jar!/com/ntros/mprocswift/repository/WalletRepository.class]
2024-02-24T23:46:32.783+02:00 DEBUG 87695 --- [           main] o.s.d.r.c.RepositoryComponentProvider    : Identified candidate component class: URL [jar:file:/Users/rafa95/Dev/mps-proj/mproc-swift-server/mproc-swift-server/persistence/target/persistence-1.0-SNAPSHOT.jar!/com/ntros/mprocswift/repository/MerchantRepository.class]
2024-02-24T23:46:32.783+02:00 DEBUG 87695 --- [           main] o.s.d.r.c.RepositoryComponentProvider    : Identified candidate component class: URL [jar:file:/Users/rafa95/Dev/mps-proj/mproc-swift-server/mproc-swift-server/persistence/target/persistence-1.0-SNAPSHOT.jar!/com/ntros/mprocswift/repository/CardRepository.class]
2024-02-24T23:46:32.783+02:00 DEBUG 87695 --- [           main] o.s.d.r.c.RepositoryComponentProvider    : Identified candidate component class: URL [jar:file:/Users/rafa95/Dev/mps-proj/mproc-swift-server/mproc-swift-server/persistence/target/persistence-1.0-SNAPSHOT.jar!/com/ntros/mprocswift/repository/user/UserRepository.class]
2024-02-24T23:46:32.783+02:00 DEBUG 87695 --- [           main] o.s.d.r.c.RepositoryComponentProvider    : Identified candidate component class: URL [jar:file:/Users/rafa95/Dev/mps-proj/mproc-swift-server/mproc-swift-server/persistence/target/persistence-1.0-SNAPSHOT.jar!/com/ntros/mprocswift/repository/user/AddressRepository.class]
2024-02-24T23:46:32.783+02:00 DEBUG 87695 --- [           main] o.s.d.r.c.RepositoryComponentProvider    : Identified candidate component class: URL [jar:file:/Users/rafa95/Dev/mps-proj/mproc-swift-server/mproc-swift-server/persistence/target/persistence-1.0-SNAPSHOT.jar!/com/ntros/mprocswift/repository/user/RoleRepository.class]
2024-02-24T23:46:32.783+02:00 DEBUG 87695 --- [           main] o.s.d.r.c.RepositoryComponentProvider    : Identified candidate component class: URL [jar:file:/Users/rafa95/Dev/mps-proj/mproc-swift-server/mproc-swift-server/persistence/target/persistence-1.0-SNAPSHOT.jar!/com/ntros/mprocswift/repository/account/AccountDetailsRepository.class]
2024-02-24T23:46:32.783+02:00 DEBUG 87695 --- [           main] o.s.d.r.c.RepositoryComponentProvider    : Identified candidate component class: URL [jar:file:/Users/rafa95/Dev/mps-proj/mproc-swift-server/mproc-swift-server/persistence/target/persistence-1.0-SNAPSHOT.jar!/com/ntros/mprocswift/repository/account/AccountRepository.class]
2024-02-24T23:46:32.784+02:00 DEBUG 87695 --- [           main] o.s.d.r.c.RepositoryComponentProvider    : Identified candidate component class: URL [jar:file:/Users/rafa95/Dev/mps-proj/mproc-swift-server/mproc-swift-server/persistence/target/persistence-1.0-SNAPSHOT.jar!/com/ntros/mprocswift/repository/currency/CurrencyRepository.class]
2024-02-24T23:46:32.784+02:00 DEBUG 87695 --- [           main] o.s.d.r.c.RepositoryComponentProvider    : Identified candidate component class: URL [jar:file:/Users/rafa95/Dev/mps-proj/mproc-swift-server/mproc-swift-server/persistence/target/persistence-1.0-SNAPSHOT.jar!/com/ntros/mprocswift/repository/currency/CurrencyExchangeRateRepository.class]
2024-02-24T23:46:32.812+02:00  INFO 87695 --- [           main] .s.d.r.c.RepositoryConfigurationDelegate : Finished Spring Data repository scanning in 36 ms. Found 12 JPA repository interfaces.
2024-02-24T23:46:32.918+02:00 DEBUG 87695 --- [           main] o.s.b.f.s.DefaultListableBeanFactory     : Creating shared instance of singleton bean 'propertySourcesPlaceholderConfigurer'
2024-02-24T23:46:32.920+02:00 DEBUG 87695 --- [           main] o.s.b.f.s.DefaultListableBeanFactory     : Creating shared instance of singleton bean 'org.springframework.boot.test.mock.mockito.MockitoPostProcessor'
2024-02-24T23:46:32.921+02:00 DEBUG 87695 --- [           main] o.s.b.f.s.DefaultListableBeanFactory     : Creating shared instance of singleton bean 'emBeanDefinitionRegistrarPostProcessor'
2024-02-24T23:46:32.921+02:00 DEBUG 87695 --- [           main] o.s.b.f.s.DefaultListableBeanFactory     : Creating shared instance of singleton bean 'org.springframework.boot.sql.init.dependency.DatabaseInitializationDependencyConfigurer$DependsOnDatabaseInitializationPostProcessor'
2024-02-24T23:46:32.945+02:00 DEBUG 87695 --- [           main] o.s.b.f.s.DefaultListableBeanFactory     : Creating shared instance of singleton bean 'org.springframework.context.event.internalEventListenerProcessor'
2024-02-24T23:46:32.945+02:00 DEBUG 87695 --- [           main] o.s.b.f.s.DefaultListableBeanFactory     : Creating shared instance of singleton bean 'preserveErrorControllerTargetClassPostProcessor'
2024-02-24T23:46:32.946+02:00 DEBUG 87695 --- [           main] o.s.b.f.s.DefaultListableBeanFactory     : Creating shared instance of singleton bean 'org.springframework.context.event.internalEventListenerFactory'
2024-02-24T23:46:32.946+02:00 DEBUG 87695 --- [           main] o.s.b.f.s.DefaultListableBeanFactory     : Creating shared instance of singleton bean 'org.springframework.transaction.config.internalTransactionalEventListenerFactory'
2024-02-24T23:46:32.948+02:00 DEBUG 87695 --- [           main] o.s.b.f.s.DefaultListableBeanFactory     : Creating shared instance of singleton bean 'org.springframework.boot.test.mock.mockito.MockitoPostProcessor$SpyPostProcessor'
2024-02-24T23:46:32.949+02:00 DEBUG 87695 --- [           main] o.s.b.f.s.DefaultListableBeanFactory     : Creating shared instance of singleton bean 'org.springframework.context.annotation.internalAutowiredAnnotationProcessor'
2024-02-24T23:46:32.950+02:00 DEBUG 87695 --- [           main] o.s.b.f.s.DefaultListableBeanFactory     : Creating shared instance of singleton bean 'org.springframework.context.annotation.internalCommonAnnotationProcessor'
2024-02-24T23:46:32.951+02:00 DEBUG 87695 --- [           main] o.s.b.f.s.DefaultListableBeanFactory     : Creating shared instance of singleton bean 'org.springframework.context.annotation.internalPersistenceAnnotationProcessor'
2024-02-24T23:46:32.951+02:00 DEBUG 87695 --- [           main] o.s.b.f.s.DefaultListableBeanFactory     : Creating shared instance of singleton bean 'org.springframework.boot.context.properties.ConfigurationPropertiesBindingPostProcessor'
2024-02-24T23:46:32.951+02:00 DEBUG 87695 --- [           main] o.s.b.f.s.DefaultListableBeanFactory     : Creating shared instance of singleton bean 'org.springframework.boot.context.internalConfigurationPropertiesBinder'
2024-02-24T23:46:32.953+02:00 DEBUG 87695 --- [           main] o.s.b.f.s.DefaultListableBeanFactory     : Creating shared instance of singleton bean 'jdbcConnectionDetailsHikariBeanPostProcessor'
2024-02-24T23:46:32.954+02:00 DEBUG 87695 --- [           main] o.s.b.f.s.DefaultListableBeanFactory     : Creating shared instance of singleton bean 'org.springframework.context.annotation.internalAsyncAnnotationProcessor'
2024-02-24T23:46:32.954+02:00 DEBUG 87695 --- [           main] o.s.b.f.s.DefaultListableBeanFactory     : Creating shared instance of singleton bean 'org.springframework.scheduling.annotation.ProxyAsyncConfiguration'
2024-02-24T23:46:32.963+02:00 DEBUG 87695 --- [           main] o.s.b.f.s.DefaultListableBeanFactory     : Creating shared instance of singleton bean 'methodValidationPostProcessor'
2024-02-24T23:46:32.975+02:00 DEBUG 87695 --- [           main] o.s.b.f.s.DefaultListableBeanFactory     : Autowiring by type from bean name 'methodValidationPostProcessor' via factory method to bean named 'environment'
2024-02-24T23:46:32.976+02:00 DEBUG 87695 --- [           main] o.s.b.f.s.DefaultListableBeanFactory     : Creating shared instance of singleton bean 'org.springframework.boot.context.properties.EnableConfigurationPropertiesRegistrar.methodValidationExcludeFilter'
2024-02-24T23:46:32.981+02:00 DEBUG 87695 --- [           main] o.s.b.f.s.DefaultListableBeanFactory     : Creating shared instance of singleton bean 'org.springframework.aop.config.internalAutoProxyCreator'
2024-02-24T23:46:32.986+02:00 DEBUG 87695 --- [           main] o.s.b.f.s.DefaultListableBeanFactory     : Creating shared instance of singleton bean 'persistenceExceptionTranslationPostProcessor'
2024-02-24T23:46:32.987+02:00 DEBUG 87695 --- [           main] o.s.b.f.s.DefaultListableBeanFactory     : Autowiring by type from bean name 'persistenceExceptionTranslationPostProcessor' via factory method to bean named 'environment'
2024-02-24T23:46:32.988+02:00 DEBUG 87695 --- [           main] o.s.b.f.s.DefaultListableBeanFactory     : Creating shared instance of singleton bean 'webServerFactoryCustomizerBeanPostProcessor'
2024-02-24T23:46:32.988+02:00 DEBUG 87695 --- [           main] o.s.b.f.s.DefaultListableBeanFactory     : Creating shared instance of singleton bean 'errorPageRegistrarBeanPostProcessor'
2024-02-24T23:46:32.988+02:00 DEBUG 87695 --- [           main] o.s.b.f.s.DefaultListableBeanFactory     : Creating shared instance of singleton bean 'projectingArgumentResolverBeanPostProcessor'
2024-02-24T23:46:32.989+02:00 DEBUG 87695 --- [           main] o.s.b.f.s.DefaultListableBeanFactory     : Creating shared instance of singleton bean 'org.springframework.transaction.config.internalTransactionAdvisor'
2024-02-24T23:46:32.989+02:00 DEBUG 87695 --- [           main] o.s.b.f.s.DefaultListableBeanFactory     : Creating shared instance of singleton bean 'org.springframework.transaction.annotation.ProxyTransactionManagementConfiguration'
2024-02-24T23:46:32.995+02:00 DEBUG 87695 --- [           main] o.s.b.f.s.DefaultListableBeanFactory     : Creating shared instance of singleton bean 'transactionAttributeSource'
2024-02-24T23:46:32.997+02:00 DEBUG 87695 --- [           main] o.s.b.f.s.DefaultListableBeanFactory     : Creating shared instance of singleton bean 'transactionInterceptor'
2024-02-24T23:46:32.998+02:00 DEBUG 87695 --- [           main] o.s.b.f.s.DefaultListableBeanFactory     : Autowiring by type from bean name 'transactionInterceptor' via factory method to bean named 'transactionAttributeSource'
2024-02-24T23:46:33.000+02:00 DEBUG 87695 --- [           main] o.s.b.f.s.DefaultListableBeanFactory     : Autowiring by type from bean name 'org.springframework.transaction.config.internalTransactionAdvisor' via factory method to bean named 'transactionAttributeSource'
2024-02-24T23:46:33.001+02:00 DEBUG 87695 --- [           main] o.s.b.f.s.DefaultListableBeanFactory     : Autowiring by type from bean name 'org.springframework.transaction.config.internalTransactionAdvisor' via factory method to bean named 'transactionInterceptor'
2024-02-24T23:46:33.010+02:00 DEBUG 87695 --- [           main] o.s.u.c.s.UiApplicationContextUtils      : Unable to locate ThemeSource with name 'themeSource': using default [org.springframework.ui.context.support.ResourceBundleThemeSource@606a1bc4]
2024-02-24T23:46:33.011+02:00 DEBUG 87695 --- [           main] o.s.b.f.s.DefaultListableBeanFactory     : Creating shared instance of singleton bean 'dataSourceScriptDatabaseInitializer'
2024-02-24T23:46:33.011+02:00 DEBUG 87695 --- [           main] o.s.b.f.s.DefaultListableBeanFactory     : Creating shared instance of singleton bean 'org.springframework.boot.autoconfigure.sql.init.DataSourceInitializationConfiguration'
2024-02-24T23:46:33.011+02:00 DEBUG 87695 --- [           main] o.s.b.f.s.DefaultListableBeanFactory     : Creating shared instance of singleton bean 'dataSource'
2024-02-24T23:46:33.012+02:00 DEBUG 87695 --- [           main] o.s.b.f.s.DefaultListableBeanFactory     : Creating shared instance of singleton bean 'org.springframework.boot.autoconfigure.jdbc.DataSourceConfiguration$Hikari'
2024-02-24T23:46:33.012+02:00 DEBUG 87695 --- [           main] o.s.b.f.s.DefaultListableBeanFactory     : Creating shared instance of singleton bean 'spring.datasource-org.springframework.boot.autoconfigure.jdbc.DataSourceProperties'
2024-02-24T23:46:33.012+02:00 DEBUG 87695 --- [           main] o.s.b.f.s.DefaultListableBeanFactory     : Creating shared instance of singleton bean 'org.springframework.boot.context.properties.BoundConfigurationProperties'
2024-02-24T23:46:33.019+02:00 DEBUG 87695 --- [           main] o.s.b.f.s.DefaultListableBeanFactory     : Creating shared instance of singleton bean 'jdbcConnectionDetails'
2024-02-24T23:46:33.019+02:00 DEBUG 87695 --- [           main] o.s.b.f.s.DefaultListableBeanFactory     : Creating shared instance of singleton bean 'org.springframework.boot.autoconfigure.jdbc.DataSourceAutoConfiguration$PooledDataSourceConfiguration'
2024-02-24T23:46:33.020+02:00 DEBUG 87695 --- [           main] o.s.b.f.s.DefaultListableBeanFactory     : Autowiring by type from bean name 'jdbcConnectionDetails' via factory method to bean named 'spring.datasource-org.springframework.boot.autoconfigure.jdbc.DataSourceProperties'
2024-02-24T23:46:33.021+02:00 DEBUG 87695 --- [           main] o.s.b.f.s.DefaultListableBeanFactory     : Autowiring by type from bean name 'dataSource' via factory method to bean named 'spring.datasource-org.springframework.boot.autoconfigure.jdbc.DataSourceProperties'
2024-02-24T23:46:33.021+02:00 DEBUG 87695 --- [           main] o.s.b.f.s.DefaultListableBeanFactory     : Autowiring by type from bean name 'dataSource' via factory method to bean named 'jdbcConnectionDetails'
2024-02-24T23:46:33.031+02:00 DEBUG 87695 --- [           main] o.s.b.f.s.DefaultListableBeanFactory     : Creating shared instance of singleton bean 'spring.sql.init-org.springframework.boot.autoconfigure.sql.init.SqlInitializationProperties'
2024-02-24T23:46:33.033+02:00 DEBUG 87695 --- [           main] o.s.b.f.s.DefaultListableBeanFactory     : Autowiring by type from bean name 'dataSourceScriptDatabaseInitializer' via factory method to bean named 'dataSource'
2024-02-24T23:46:33.033+02:00 DEBUG 87695 --- [           main] o.s.b.f.s.DefaultListableBeanFactory     : Autowiring by type from bean name 'dataSourceScriptDatabaseInitializer' via factory method to bean named 'spring.sql.init-org.springframework.boot.autoconfigure.sql.init.SqlInitializationProperties'
2024-02-24T23:46:33.036+02:00 DEBUG 87695 --- [           main] o.s.b.f.s.DefaultListableBeanFactory     : Creating shared instance of singleton bean 'entityManagerFactory'
2024-02-24T23:46:33.036+02:00 DEBUG 87695 --- [           main] o.s.b.f.s.DefaultListableBeanFactory     : Creating shared instance of singleton bean 'org.springframework.boot.autoconfigure.orm.jpa.HibernateJpaConfiguration'
2024-02-24T23:46:33.037+02:00 DEBUG 87695 --- [           main] o.s.b.f.s.DefaultListableBeanFactory     : Creating shared instance of singleton bean 'spring.jpa-org.springframework.boot.autoconfigure.orm.jpa.JpaProperties'
2024-02-24T23:46:33.038+02:00 DEBUG 87695 --- [           main] o.s.b.f.s.DefaultListableBeanFactory     : Creating shared instance of singleton bean 'spring.jpa.hibernate-org.springframework.boot.autoconfigure.orm.jpa.HibernateProperties'
2024-02-24T23:46:33.039+02:00 DEBUG 87695 --- [           main] o.s.b.f.s.DefaultListableBeanFactory     : Autowiring by type from bean name 'org.springframework.boot.autoconfigure.orm.jpa.HibernateJpaConfiguration' via constructor to bean named 'dataSource'
2024-02-24T23:46:33.039+02:00 DEBUG 87695 --- [           main] o.s.b.f.s.DefaultListableBeanFactory     : Autowiring by type from bean name 'org.springframework.boot.autoconfigure.orm.jpa.HibernateJpaConfiguration' via constructor to bean named 'spring.jpa-org.springframework.boot.autoconfigure.orm.jpa.JpaProperties'
2024-02-24T23:46:33.039+02:00 DEBUG 87695 --- [           main] o.s.b.f.s.DefaultListableBeanFactory     : Autowiring by type from bean name 'org.springframework.boot.autoconfigure.orm.jpa.HibernateJpaConfiguration' via constructor to bean named 'org.springframework.beans.factory.support.DefaultListableBeanFactory@1450078a'
2024-02-24T23:46:33.039+02:00 DEBUG 87695 --- [           main] o.s.b.f.s.DefaultListableBeanFactory     : Autowiring by type from bean name 'org.springframework.boot.autoconfigure.orm.jpa.HibernateJpaConfiguration' via constructor to bean named 'spring.jpa.hibernate-org.springframework.boot.autoconfigure.orm.jpa.HibernateProperties'
2024-02-24T23:46:33.041+02:00 DEBUG 87695 --- [           main] o.s.b.f.s.DefaultListableBeanFactory     : Creating shared instance of singleton bean 'hikariPoolDataSourceMetadataProvider'
2024-02-24T23:46:33.041+02:00 DEBUG 87695 --- [           main] o.s.b.f.s.DefaultListableBeanFactory     : Creating shared instance of singleton bean 'org.springframework.boot.autoconfigure.jdbc.metadata.DataSourcePoolMetadataProvidersConfiguration$HikariPoolDataSourceMetadataProviderConfiguration'
2024-02-24T23:46:33.043+02:00 DEBUG 87695 --- [           main] o.s.b.f.s.DefaultListableBeanFactory     : Creating shared instance of singleton bean 'entityManagerFactoryBuilder'
2024-02-24T23:46:33.044+02:00 DEBUG 87695 --- [           main] o.s.b.f.s.DefaultListableBeanFactory     : Creating shared instance of singleton bean 'jpaVendorAdapter'
2024-02-24T23:46:33.049+02:00 DEBUG 87695 --- [           main] o.s.b.f.s.DefaultListableBeanFactory     : Autowiring by type from bean name 'entityManagerFactoryBuilder' via factory method to bean named 'jpaVendorAdapter'
2024-02-24T23:46:33.051+02:00 DEBUG 87695 --- [           main] o.s.b.f.s.DefaultListableBeanFactory     : Creating shared instance of singleton bean 'persistenceManagedTypes'
2024-02-24T23:46:33.051+02:00 DEBUG 87695 --- [           main] o.s.b.f.s.DefaultListableBeanFactory     : Autowiring by type from bean name 'persistenceManagedTypes' via factory method to bean named 'org.springframework.beans.factory.support.DefaultListableBeanFactory@1450078a'
2024-02-24T23:46:33.051+02:00 DEBUG 87695 --- [           main] o.s.b.f.s.DefaultListableBeanFactory     : Autowiring by type from bean name 'persistenceManagedTypes' via factory method to bean named 'org.springframework.web.context.support.GenericWebApplicationContext@632aa1a3'
2024-02-24T23:46:33.058+02:00 DEBUG 87695 --- [           main] o.s.b.f.s.DefaultListableBeanFactory     : Autowiring by type from bean name 'entityManagerFactory' via factory method to bean named 'entityManagerFactoryBuilder'
2024-02-24T23:46:33.058+02:00 DEBUG 87695 --- [           main] o.s.b.f.s.DefaultListableBeanFactory     : Autowiring by type from bean name 'entityManagerFactory' via factory method to bean named 'persistenceManagedTypes'
2024-02-24T23:46:33.065+02:00 DEBUG 87695 --- [           main] j.LocalContainerEntityManagerFactoryBean : Building JPA container EntityManagerFactory for persistence unit 'default'
2024-02-24T23:46:33.072+02:00  INFO 87695 --- [           main] o.hibernate.jpa.internal.util.LogHelper  : HHH000204: Processing PersistenceUnitInfo [name: default]
2024-02-24T23:46:33.095+02:00  INFO 87695 --- [           main] org.hibernate.Version                    : HHH000412: Hibernate ORM core version 6.4.1.Final
2024-02-24T23:46:33.110+02:00  INFO 87695 --- [           main] o.h.c.internal.RegionFactoryInitiator    : HHH000026: Second-level cache disabled
2024-02-24T23:46:33.215+02:00  INFO 87695 --- [           main] o.s.o.j.p.SpringPersistenceUnitInfo      : No LoadTimeWeaver setup: ignoring JPA class transformer
2024-02-24T23:46:33.226+02:00  INFO 87695 --- [           main] com.zaxxer.hikari.HikariDataSource       : HikariPool-1 - Starting...
2024-02-24T23:46:33.440+02:00  INFO 87695 --- [           main] com.zaxxer.hikari.pool.PoolBase          : HikariPool-1 - Driver does not support get/set network timeout for connections. (feature not supported)
2024-02-24T23:46:33.441+02:00  INFO 87695 --- [           main] com.zaxxer.hikari.pool.HikariPool        : HikariPool-1 - Added connection org.hsqldb.jdbc.JDBCConnection@7956f93a
2024-02-24T23:46:33.441+02:00  INFO 87695 --- [           main] com.zaxxer.hikari.HikariDataSource       : HikariPool-1 - Start completed.
2024-02-24T23:46:33.943+02:00  INFO 87695 --- [           main] o.h.e.t.j.p.i.JtaPlatformInitiator       : HHH000489: No JTA platform available (set 'hibernate.transaction.jta.platform' to enable JTA platform integration)
2024-02-24T23:46:33.992+02:00  INFO 87695 --- [           main] j.LocalContainerEntityManagerFactoryBean : Initialized JPA EntityManagerFactory for persistence unit 'default'
2024-02-24T23:46:33.995+02:00 DEBUG 87695 --- [           main] o.s.b.f.s.DefaultListableBeanFactory     : Creating shared instance of singleton bean 'moneyProcessorSwiftServerApplication'
2024-02-24T23:46:33.997+02:00 DEBUG 87695 --- [           main] o.s.b.f.s.DefaultListableBeanFactory     : Creating shared instance of singleton bean 'appConfig'
2024-02-24T23:46:33.997+02:00 DEBUG 87695 --- [           main] o.s.b.f.s.DefaultListableBeanFactory     : Creating shared instance of singleton bean 'asyncConfig'
2024-02-24T23:46:33.998+02:00 DEBUG 87695 --- [           main] o.s.b.f.s.DefaultListableBeanFactory     : Creating shared instance of singleton bean 'globalExceptionHandler'
2024-02-24T23:46:34.000+02:00 DEBUG 87695 --- [           main] o.s.b.f.s.DefaultListableBeanFactory     : Creating shared instance of singleton bean 'registrationController'
2024-02-24T23:46:34.001+02:00 DEBUG 87695 --- [           main] o.s.b.f.s.DefaultListableBeanFactory     : Creating shared instance of singleton bean 'userDataService'
2024-02-24T23:46:34.002+02:00 DEBUG 87695 --- [           main] o.s.b.f.s.DefaultListableBeanFactory     : Creating shared instance of singleton bean 'userRepository'
2024-02-24T23:46:34.005+02:00 DEBUG 87695 --- [           main] o.s.b.f.s.DefaultListableBeanFactory     : Creating shared instance of singleton bean 'jpa.named-queries#9'
2024-02-24T23:46:34.006+02:00 DEBUG 87695 --- [           main] o.s.b.f.s.DefaultListableBeanFactory     : Creating shared instance of singleton bean 'jpa.UserRepository.fragments#0'
2024-02-24T23:46:34.009+02:00 DEBUG 87695 --- [           main] o.s.b.f.s.DefaultListableBeanFactory     : Creating shared instance of singleton bean 'jpaSharedEM_entityManagerFactory'
2024-02-24T23:46:34.024+02:00 DEBUG 87695 --- [           main] o.s.b.f.s.DefaultListableBeanFactory     : Creating shared instance of singleton bean 'jpaMappingContext'
2024-02-24T23:46:34.024+02:00 DEBUG 87695 --- [           main] .c.JpaMetamodelMappingContextFactoryBean : Initializing JpaMetamodelMappingContext…
2024-02-24T23:46:34.030+02:00 DEBUG 87695 --- [           main] .c.JpaMetamodelMappingContextFactoryBean : Finished initializing JpaMetamodelMappingContext
2024-02-24T23:46:34.045+02:00 DEBUG 87695 --- [           main] tor$SharedEntityManagerInvocationHandler : Creating new EntityManager for shared EntityManager invocation
2024-02-24T23:46:34.067+02:00 DEBUG 87695 --- [           main] tor$SharedEntityManagerInvocationHandler : Creating new EntityManager for shared EntityManager invocation
2024-02-24T23:46:34.085+02:00 DEBUG 87695 --- [           main] o.s.d.r.c.s.RepositoryFactorySupport     : Initializing repository instance for com.ntros.mprocswift.repository.user.UserRepository…
2024-02-24T23:46:34.093+02:00 DEBUG 87695 --- [           main] tor$SharedEntityManagerInvocationHandler : Creating new EntityManager for shared EntityManager invocation
2024-02-24T23:46:34.123+02:00  INFO 87695 --- [           main] o.s.d.j.r.query.QueryEnhancerFactory     : Hibernate is in classpath; If applicable, HQL parser will be used.
2024-02-24T23:46:34.229+02:00 DEBUG 87695 --- [           main] o.s.d.jpa.repository.query.NamedQuery    : Did not find named query User.findByUsername.count
2024-02-24T23:46:34.229+02:00 DEBUG 87695 --- [           main] tor$SharedEntityManagerInvocationHandler : Creating new EntityManager for shared EntityManager invocation
2024-02-24T23:46:34.358+02:00 DEBUG 87695 --- [           main] o.s.d.r.c.s.RepositoryFactorySupport     : Finished creation of repository instance for com.ntros.mprocswift.repository.user.UserRepository.
2024-02-24T23:46:34.362+02:00 DEBUG 87695 --- [           main] o.s.b.f.s.DefaultListableBeanFactory     : Creating shared instance of singleton bean 'addressDataService'
2024-02-24T23:46:34.363+02:00 DEBUG 87695 --- [           main] o.s.b.f.s.DefaultListableBeanFactory     : Creating shared instance of singleton bean 'addressRepository'
2024-02-24T23:46:34.363+02:00 DEBUG 87695 --- [           main] o.s.b.f.s.DefaultListableBeanFactory     : Creating shared instance of singleton bean 'jpa.named-queries#3'
2024-02-24T23:46:34.364+02:00 DEBUG 87695 --- [           main] o.s.b.f.s.DefaultListableBeanFactory     : Creating shared instance of singleton bean 'jpa.AddressRepository.fragments#0'
2024-02-24T23:46:34.364+02:00 DEBUG 87695 --- [           main] tor$SharedEntityManagerInvocationHandler : Creating new EntityManager for shared EntityManager invocation
2024-02-24T23:46:34.366+02:00 DEBUG 87695 --- [           main] o.s.d.r.c.s.RepositoryFactorySupport     : Initializing repository instance for com.ntros.mprocswift.repository.user.AddressRepository…
2024-02-24T23:46:34.366+02:00 DEBUG 87695 --- [           main] tor$SharedEntityManagerInvocationHandler : Creating new EntityManager for shared EntityManager invocation
2024-02-24T23:46:34.372+02:00 DEBUG 87695 --- [           main] o.s.d.r.c.s.RepositoryFactorySupport     : Finished creation of repository instance for com.ntros.mprocswift.repository.user.AddressRepository.
2024-02-24T23:46:34.373+02:00 DEBUG 87695 --- [           main] o.s.b.f.s.DefaultListableBeanFactory     : Autowiring by type from bean name 'addressDataService' via constructor to bean named 'addressRepository'
2024-02-24T23:46:34.373+02:00 DEBUG 87695 --- [           main] o.s.b.f.s.DefaultListableBeanFactory     : Autowiring by type from bean name 'userDataService' via constructor to bean named 'userRepository'
2024-02-24T23:46:34.373+02:00 DEBUG 87695 --- [           main] o.s.b.f.s.DefaultListableBeanFactory     : Autowiring by type from bean name 'userDataService' via constructor to bean named 'addressDataService'
2024-02-24T23:46:34.384+02:00 DEBUG 87695 --- [           main] o.s.b.f.s.DefaultListableBeanFactory     : Autowiring by type from bean name 'registrationController' via constructor to bean named 'userDataService'
2024-02-24T23:46:34.385+02:00 DEBUG 87695 --- [           main] o.s.b.f.s.DefaultListableBeanFactory     : Creating shared instance of singleton bean 'taskExecutor'
2024-02-24T23:46:34.386+02:00 DEBUG 87695 --- [           main] o.s.s.concurrent.ThreadPoolTaskExecutor  : Initializing ExecutorService
2024-02-24T23:46:34.387+02:00 DEBUG 87695 --- [           main] o.s.s.concurrent.ThreadPoolTaskExecutor  : Initializing ExecutorService 'taskExecutor'
2024-02-24T23:46:34.388+02:00 DEBUG 87695 --- [           main] o.s.b.f.s.DefaultListableBeanFactory     : Creating shared instance of singleton bean 'accountController'
2024-02-24T23:46:34.390+02:00 DEBUG 87695 --- [           main] o.s.b.f.s.DefaultListableBeanFactory     : Creating shared instance of singleton bean 'accountDataService'
2024-02-24T23:46:34.391+02:00 DEBUG 87695 --- [           main] o.s.b.f.s.DefaultListableBeanFactory     : Creating shared instance of singleton bean 'accountRepository'
2024-02-24T23:46:34.391+02:00 DEBUG 87695 --- [           main] o.s.b.f.s.DefaultListableBeanFactory     : Creating shared instance of singleton bean 'jpa.named-queries#10'
2024-02-24T23:46:34.392+02:00 DEBUG 87695 --- [           main] o.s.b.f.s.DefaultListableBeanFactory     : Creating shared instance of singleton bean 'jpa.AccountRepository.fragments#0'
2024-02-24T23:46:34.392+02:00 DEBUG 87695 --- [           main] tor$SharedEntityManagerInvocationHandler : Creating new EntityManager for shared EntityManager invocation
2024-02-24T23:46:34.400+02:00 DEBUG 87695 --- [           main] o.s.d.r.c.s.RepositoryFactorySupport     : Initializing repository instance for com.ntros.mprocswift.repository.account.AccountRepository…
2024-02-24T23:46:34.401+02:00 DEBUG 87695 --- [           main] tor$SharedEntityManagerInvocationHandler : Creating new EntityManager for shared EntityManager invocation
2024-02-24T23:46:34.414+02:00 DEBUG 87695 --- [           main] o.s.d.jpa.repository.query.NamedQuery    : Did not find named query Account.findAllByWalletCount.count
2024-02-24T23:46:34.414+02:00 DEBUG 87695 --- [           main] tor$SharedEntityManagerInvocationHandler : Creating new EntityManager for shared EntityManager invocation
2024-02-24T23:46:34.416+02:00 DEBUG 87695 --- [           main] o.s.d.jpa.repository.query.NamedQuery    : Did not find named query Account.findByAccountNumber.count
2024-02-24T23:46:34.416+02:00 DEBUG 87695 --- [           main] tor$SharedEntityManagerInvocationHandler : Creating new EntityManager for shared EntityManager invocation
2024-02-24T23:46:34.418+02:00 DEBUG 87695 --- [           main] o.s.d.r.c.s.RepositoryFactorySupport     : Finished creation of repository instance for com.ntros.mprocswift.repository.account.AccountRepository.
2024-02-24T23:46:34.419+02:00 DEBUG 87695 --- [           main] o.s.b.f.s.DefaultListableBeanFactory     : Creating shared instance of singleton bean 'walletRepository'
2024-02-24T23:46:34.419+02:00 DEBUG 87695 --- [           main] o.s.b.f.s.DefaultListableBeanFactory     : Creating shared instance of singleton bean 'jpa.named-queries#0'
2024-02-24T23:46:34.420+02:00 DEBUG 87695 --- [           main] o.s.b.f.s.DefaultListableBeanFactory     : Creating shared instance of singleton bean 'jpa.WalletRepository.fragments#0'
2024-02-24T23:46:34.420+02:00 DEBUG 87695 --- [           main] tor$SharedEntityManagerInvocationHandler : Creating new EntityManager for shared EntityManager invocation
2024-02-24T23:46:34.420+02:00 DEBUG 87695 --- [           main] o.s.d.r.c.s.RepositoryFactorySupport     : Initializing repository instance for com.ntros.mprocswift.repository.WalletRepository…
2024-02-24T23:46:34.420+02:00 DEBUG 87695 --- [           main] tor$SharedEntityManagerInvocationHandler : Creating new EntityManager for shared EntityManager invocation
2024-02-24T23:46:34.428+02:00 DEBUG 87695 --- [           main] o.s.d.jpa.repository.query.NamedQuery    : Did not find named query Wallet.findByCurrencyNameAccountId.count
2024-02-24T23:46:34.429+02:00 DEBUG 87695 --- [           main] tor$SharedEntityManagerInvocationHandler : Creating new EntityManager for shared EntityManager invocation
2024-02-24T23:46:34.429+02:00 DEBUG 87695 --- [           main] o.s.d.jpa.repository.query.NamedQuery    : Did not find named query Wallet.findAllByCurrencyId.count
2024-02-24T23:46:34.429+02:00 DEBUG 87695 --- [           main] tor$SharedEntityManagerInvocationHandler : Creating new EntityManager for shared EntityManager invocation
2024-02-24T23:46:34.431+02:00 DEBUG 87695 --- [           main] o.s.d.jpa.repository.query.NamedQuery    : Did not find named query Wallet.deleteByCurrencyCodeAccountNumber.count
2024-02-24T23:46:34.431+02:00 DEBUG 87695 --- [           main] tor$SharedEntityManagerInvocationHandler : Creating new EntityManager for shared EntityManager invocation
2024-02-24T23:46:34.434+02:00 DEBUG 87695 --- [           main] o.s.d.jpa.repository.query.NamedQuery    : Did not find named query Wallet.updateBalance.count
2024-02-24T23:46:34.435+02:00 DEBUG 87695 --- [           main] tor$SharedEntityManagerInvocationHandler : Creating new EntityManager for shared EntityManager invocation
2024-02-24T23:46:34.438+02:00 DEBUG 87695 --- [           main] o.s.d.jpa.repository.query.NamedQuery    : Did not find named query Wallet.findAllByCurrencyName.count
2024-02-24T23:46:34.438+02:00 DEBUG 87695 --- [           main] tor$SharedEntityManagerInvocationHandler : Creating new EntityManager for shared EntityManager invocation
2024-02-24T23:46:34.439+02:00 DEBUG 87695 --- [           main] o.s.d.jpa.repository.query.NamedQuery    : Did not find named query Wallet.findAllByCurrencyCode.count
2024-02-24T23:46:34.439+02:00 DEBUG 87695 --- [           main] tor$SharedEntityManagerInvocationHandler : Creating new EntityManager for shared EntityManager invocation
2024-02-24T23:46:34.439+02:00 DEBUG 87695 --- [           main] o.s.d.jpa.repository.query.NamedQuery    : Did not find named query Wallet.findByCurrencyCodeAccountId.count
2024-02-24T23:46:34.439+02:00 DEBUG 87695 --- [           main] tor$SharedEntityManagerInvocationHandler : Creating new EntityManager for shared EntityManager invocation
2024-02-24T23:46:34.440+02:00 DEBUG 87695 --- [           main] o.s.d.jpa.repository.query.NamedQuery    : Did not find named query Wallet.findAllByAccount.count
2024-02-24T23:46:34.440+02:00 DEBUG 87695 --- [           main] tor$SharedEntityManagerInvocationHandler : Creating new EntityManager for shared EntityManager invocation
2024-02-24T23:46:34.441+02:00 DEBUG 87695 --- [           main] o.s.d.jpa.repository.query.NamedQuery    : Did not find named query Wallet.findByCurrencyCodeAccountNumber.count
2024-02-24T23:46:34.441+02:00 DEBUG 87695 --- [           main] tor$SharedEntityManagerInvocationHandler : Creating new EntityManager for shared EntityManager invocation
2024-02-24T23:46:34.443+02:00 DEBUG 87695 --- [           main] o.s.d.r.c.s.RepositoryFactorySupport     : Finished creation of repository instance for com.ntros.mprocswift.repository.WalletRepository.
2024-02-24T23:46:34.444+02:00 DEBUG 87695 --- [           main] o.s.b.f.s.DefaultListableBeanFactory     : Creating shared instance of singleton bean 'currencyExchangeRateDataService'
2024-02-24T23:46:34.445+02:00 DEBUG 87695 --- [           main] o.s.b.f.s.DefaultListableBeanFactory     : Creating shared instance of singleton bean 'currencyExchangeRateRepository'
2024-02-24T23:46:34.445+02:00 DEBUG 87695 --- [           main] o.s.b.f.s.DefaultListableBeanFactory     : Creating shared instance of singleton bean 'jpa.named-queries#4'
2024-02-24T23:46:34.445+02:00 DEBUG 87695 --- [           main] o.s.b.f.s.DefaultListableBeanFactory     : Creating shared instance of singleton bean 'jpa.CurrencyExchangeRateRepository.fragments#0'
2024-02-24T23:46:34.446+02:00 DEBUG 87695 --- [           main] tor$SharedEntityManagerInvocationHandler : Creating new EntityManager for shared EntityManager invocation
2024-02-24T23:46:34.447+02:00 DEBUG 87695 --- [           main] o.s.d.r.c.s.RepositoryFactorySupport     : Initializing repository instance for com.ntros.mprocswift.repository.currency.CurrencyExchangeRateRepository…
2024-02-24T23:46:34.447+02:00 DEBUG 87695 --- [           main] tor$SharedEntityManagerInvocationHandler : Creating new EntityManager for shared EntityManager invocation
2024-02-24T23:46:34.456+02:00 DEBUG 87695 --- [           main] o.s.d.jpa.repository.query.NamedQuery    : Did not find named query CurrencyExchangeRate.findExchangeRateValueBySourceAndTarget.count
2024-02-24T23:46:34.456+02:00 DEBUG 87695 --- [           main] tor$SharedEntityManagerInvocationHandler : Creating new EntityManager for shared EntityManager invocation
2024-02-24T23:46:34.464+02:00 DEBUG 87695 --- [           main] o.s.d.jpa.repository.query.NamedQuery    : Did not find named query CurrencyExchangeRate.findExchangeRateBySourceCodeAndTargetCode.count
2024-02-24T23:46:34.464+02:00 DEBUG 87695 --- [           main] tor$SharedEntityManagerInvocationHandler : Creating new EntityManager for shared EntityManager invocation
2024-02-24T23:46:34.467+02:00 DEBUG 87695 --- [           main] o.s.d.jpa.repository.query.NamedQuery    : Did not find named query CurrencyExchangeRate.findExchangeRateBySourceAndTarget.count
2024-02-24T23:46:34.468+02:00 DEBUG 87695 --- [           main] tor$SharedEntityManagerInvocationHandler : Creating new EntityManager for shared EntityManager invocation
2024-02-24T23:46:34.470+02:00 DEBUG 87695 --- [           main] o.s.d.r.c.s.RepositoryFactorySupport     : Finished creation of repository instance for com.ntros.mprocswift.repository.currency.CurrencyExchangeRateRepository.
2024-02-24T23:46:34.471+02:00 DEBUG 87695 --- [           main] o.s.b.f.s.DefaultListableBeanFactory     : Creating shared instance of singleton bean 'currencyDataService'
2024-02-24T23:46:34.471+02:00 DEBUG 87695 --- [           main] o.s.b.f.s.DefaultListableBeanFactory     : Creating shared instance of singleton bean 'currencyRepository'
2024-02-24T23:46:34.472+02:00 DEBUG 87695 --- [           main] o.s.b.f.s.DefaultListableBeanFactory     : Creating shared instance of singleton bean 'jpa.named-queries#11'
2024-02-24T23:46:34.472+02:00 DEBUG 87695 --- [           main] o.s.b.f.s.DefaultListableBeanFactory     : Creating shared instance of singleton bean 'jpa.CurrencyRepository.fragments#0'
2024-02-24T23:46:34.473+02:00 DEBUG 87695 --- [           main] tor$SharedEntityManagerInvocationHandler : Creating new EntityManager for shared EntityManager invocation
2024-02-24T23:46:34.473+02:00 DEBUG 87695 --- [           main] o.s.d.r.c.s.RepositoryFactorySupport     : Initializing repository instance for com.ntros.mprocswift.repository.currency.CurrencyRepository…
2024-02-24T23:46:34.473+02:00 DEBUG 87695 --- [           main] tor$SharedEntityManagerInvocationHandler : Creating new EntityManager for shared EntityManager invocation
2024-02-24T23:46:34.480+02:00 DEBUG 87695 --- [           main] o.s.d.jpa.repository.query.NamedQuery    : Did not find named query Currency.findByCurrencyCode.count
2024-02-24T23:46:34.480+02:00 DEBUG 87695 --- [           main] tor$SharedEntityManagerInvocationHandler : Creating new EntityManager for shared EntityManager invocation
2024-02-24T23:46:34.482+02:00 DEBUG 87695 --- [           main] o.s.d.jpa.repository.query.NamedQuery    : Did not find named query Currency.findByCurrencyCodeActive.count
2024-02-24T23:46:34.482+02:00 DEBUG 87695 --- [           main] tor$SharedEntityManagerInvocationHandler : Creating new EntityManager for shared EntityManager invocation
2024-02-24T23:46:34.487+02:00 DEBUG 87695 --- [           main] o.s.d.jpa.repository.query.NamedQuery    : Did not find named query Currency.updateActivateAll.count
2024-02-24T23:46:34.487+02:00 DEBUG 87695 --- [           main] tor$SharedEntityManagerInvocationHandler : Creating new EntityManager for shared EntityManager invocation
2024-02-24T23:46:34.488+02:00 DEBUG 87695 --- [           main] o.s.d.jpa.repository.query.NamedQuery    : Did not find named query Currency.findByCurrencyName.count
2024-02-24T23:46:34.489+02:00 DEBUG 87695 --- [           main] tor$SharedEntityManagerInvocationHandler : Creating new EntityManager for shared EntityManager invocation
2024-02-24T23:46:34.490+02:00 DEBUG 87695 --- [           main] o.s.d.r.c.s.RepositoryFactorySupport     : Finished creation of repository instance for com.ntros.mprocswift.repository.currency.CurrencyRepository.
2024-02-24T23:46:34.491+02:00 DEBUG 87695 --- [           main] o.s.b.f.s.DefaultListableBeanFactory     : Autowiring by type from bean name 'currencyDataService' via constructor to bean named 'currencyRepository'
2024-02-24T23:46:34.491+02:00 DEBUG 87695 --- [           main] o.s.b.f.s.DefaultListableBeanFactory     : Autowiring by type from bean name 'currencyDataService' via constructor to bean named 'walletRepository'
2024-02-24T23:46:34.495+02:00 DEBUG 87695 --- [           main] o.s.b.f.s.DefaultListableBeanFactory     : Autowiring by type from bean name 'currencyExchangeRateDataService' via constructor to bean named 'currencyExchangeRateRepository'
2024-02-24T23:46:34.496+02:00 DEBUG 87695 --- [           main] o.s.b.f.s.DefaultListableBeanFactory     : Autowiring by type from bean name 'currencyExchangeRateDataService' via constructor to bean named 'currencyDataService'
2024-02-24T23:46:34.496+02:00 DEBUG 87695 --- [           main] o.s.b.f.s.DefaultListableBeanFactory     : Autowiring by type from bean name 'accountDataService' via constructor to bean named 'accountRepository'
2024-02-24T23:46:34.496+02:00 DEBUG 87695 --- [           main] o.s.b.f.s.DefaultListableBeanFactory     : Autowiring by type from bean name 'accountDataService' via constructor to bean named 'walletRepository'
2024-02-24T23:46:34.496+02:00 DEBUG 87695 --- [           main] o.s.b.f.s.DefaultListableBeanFactory     : Autowiring by type from bean name 'accountDataService' via constructor to bean named 'currencyExchangeRateDataService'
2024-02-24T23:46:34.500+02:00 DEBUG 87695 --- [           main] o.s.b.f.s.DefaultListableBeanFactory     : Creating shared instance of singleton bean 'accountConverter'
2024-02-24T23:46:34.501+02:00 DEBUG 87695 --- [           main] o.s.b.f.s.DefaultListableBeanFactory     : Creating shared instance of singleton bean 'walletConverter'
2024-02-24T23:46:34.501+02:00 DEBUG 87695 --- [           main] o.s.b.f.s.DefaultListableBeanFactory     : Creating shared instance of singleton bean 'accountDetailsRepository'
2024-02-24T23:46:34.502+02:00 DEBUG 87695 --- [           main] o.s.b.f.s.DefaultListableBeanFactory     : Creating shared instance of singleton bean 'jpa.named-queries#6'
2024-02-24T23:46:34.502+02:00 DEBUG 87695 --- [           main] o.s.b.f.s.DefaultListableBeanFactory     : Creating shared instance of singleton bean 'jpa.AccountDetailsRepository.fragments#0'
2024-02-24T23:46:34.503+02:00 DEBUG 87695 --- [           main] tor$SharedEntityManagerInvocationHandler : Creating new EntityManager for shared EntityManager invocation
2024-02-24T23:46:34.503+02:00 DEBUG 87695 --- [           main] o.s.d.r.c.s.RepositoryFactorySupport     : Initializing repository instance for com.ntros.mprocswift.repository.account.AccountDetailsRepository…
2024-02-24T23:46:34.504+02:00 DEBUG 87695 --- [           main] tor$SharedEntityManagerInvocationHandler : Creating new EntityManager for shared EntityManager invocation
2024-02-24T23:46:34.509+02:00 DEBUG 87695 --- [           main] o.s.d.r.c.s.RepositoryFactorySupport     : Finished creation of repository instance for com.ntros.mprocswift.repository.account.AccountDetailsRepository.
2024-02-24T23:46:34.509+02:00 DEBUG 87695 --- [           main] o.s.b.f.s.DefaultListableBeanFactory     : Autowiring by type from bean name 'accountConverter' via constructor to bean named 'walletConverter'
2024-02-24T23:46:34.509+02:00 DEBUG 87695 --- [           main] o.s.b.f.s.DefaultListableBeanFactory     : Autowiring by type from bean name 'accountConverter' via constructor to bean named 'accountDetailsRepository'
2024-02-24T23:46:34.510+02:00 DEBUG 87695 --- [           main] o.s.b.f.s.DefaultListableBeanFactory     : Autowiring by type from bean name 'accountController' via constructor to bean named 'accountDataService'
2024-02-24T23:46:34.510+02:00 DEBUG 87695 --- [           main] o.s.b.f.s.DefaultListableBeanFactory     : Autowiring by type from bean name 'accountController' via constructor to bean named 'accountConverter'
2024-02-24T23:46:34.510+02:00 DEBUG 87695 --- [           main] o.s.b.f.s.DefaultListableBeanFactory     : Creating shared instance of singleton bean 'externalTransferController'
2024-02-24T23:46:34.511+02:00 DEBUG 87695 --- [           main] o.s.b.f.s.DefaultListableBeanFactory     : Creating shared instance of singleton bean 'externalTransferService'
2024-02-24T23:46:34.512+02:00 DEBUG 87695 --- [           main] o.s.b.f.s.DefaultListableBeanFactory     : Creating shared instance of singleton bean 'transactionRepository'
2024-02-24T23:46:34.513+02:00 DEBUG 87695 --- [           main] o.s.b.f.s.DefaultListableBeanFactory     : Creating shared instance of singleton bean 'jpa.named-queries#5'
2024-02-24T23:46:34.514+02:00 DEBUG 87695 --- [           main] o.s.b.f.s.DefaultListableBeanFactory     : Creating shared instance of singleton bean 'jpa.TransactionRepository.fragments#0'
2024-02-24T23:46:34.514+02:00 DEBUG 87695 --- [           main] tor$SharedEntityManagerInvocationHandler : Creating new EntityManager for shared EntityManager invocation
2024-02-24T23:46:34.516+02:00 DEBUG 87695 --- [           main] o.s.d.r.c.s.RepositoryFactorySupport     : Initializing repository instance for com.ntros.mprocswift.repository.transaction.TransactionRepository…
2024-02-24T23:46:34.516+02:00 DEBUG 87695 --- [           main] tor$SharedEntityManagerInvocationHandler : Creating new EntityManager for shared EntityManager invocation
2024-02-24T23:46:34.521+02:00 DEBUG 87695 --- [           main] o.s.d.r.c.s.RepositoryFactorySupport     : Finished creation of repository instance for com.ntros.mprocswift.repository.transaction.TransactionRepository.
2024-02-24T23:46:34.522+02:00 DEBUG 87695 --- [           main] o.s.b.f.s.DefaultListableBeanFactory     : Creating shared instance of singleton bean 'moneyTransferRepository'
2024-02-24T23:46:34.522+02:00 DEBUG 87695 --- [           main] o.s.b.f.s.DefaultListableBeanFactory     : Creating shared instance of singleton bean 'jpa.named-queries#7'
2024-02-24T23:46:34.523+02:00 DEBUG 87695 --- [           main] o.s.b.f.s.DefaultListableBeanFactory     : Creating shared instance of singleton bean 'jpa.MoneyTransferRepository.fragments#0'
2024-02-24T23:46:34.523+02:00 DEBUG 87695 --- [           main] tor$SharedEntityManagerInvocationHandler : Creating new EntityManager for shared EntityManager invocation
2024-02-24T23:46:34.524+02:00 DEBUG 87695 --- [           main] o.s.d.r.c.s.RepositoryFactorySupport     : Initializing repository instance for com.ntros.mprocswift.repository.transaction.MoneyTransferRepository…
2024-02-24T23:46:34.525+02:00 DEBUG 87695 --- [           main] tor$SharedEntityManagerInvocationHandler : Creating new EntityManager for shared EntityManager invocation
2024-02-24T23:46:34.530+02:00 DEBUG 87695 --- [           main] o.s.d.jpa.repository.query.NamedQuery    : Did not find named query MoneyTransfer.findAllWithdrawsByAccount.count
2024-02-24T23:46:34.530+02:00 DEBUG 87695 --- [           main] tor$SharedEntityManagerInvocationHandler : Creating new EntityManager for shared EntityManager invocation
2024-02-24T23:46:34.531+02:00 DEBUG 87695 --- [           main] o.s.d.jpa.repository.query.NamedQuery    : Did not find named query MoneyTransfer.findAllReceivedByAccount.count
2024-02-24T23:46:34.531+02:00 DEBUG 87695 --- [           main] tor$SharedEntityManagerInvocationHandler : Creating new EntityManager for shared EntityManager invocation
2024-02-24T23:46:34.532+02:00 DEBUG 87695 --- [           main] o.s.d.jpa.repository.query.NamedQuery    : Did not find named query MoneyTransfer.findAllByAccount.count
2024-02-24T23:46:34.532+02:00 DEBUG 87695 --- [           main] tor$SharedEntityManagerInvocationHandler : Creating new EntityManager for shared EntityManager invocation
2024-02-24T23:46:34.534+02:00 DEBUG 87695 --- [           main] o.s.d.r.c.s.RepositoryFactorySupport     : Finished creation of repository instance for com.ntros.mprocswift.repository.transaction.MoneyTransferRepository.
2024-02-24T23:46:34.535+02:00 DEBUG 87695 --- [           main] o.s.b.f.s.DefaultListableBeanFactory     : Creating shared instance of singleton bean 'walletDataService'
2024-02-24T23:46:34.535+02:00 DEBUG 87695 --- [           main] o.s.b.f.s.DefaultListableBeanFactory     : Autowiring by type from bean name 'walletDataService' via constructor to bean named 'taskExecutor'
2024-02-24T23:46:34.536+02:00 DEBUG 87695 --- [           main] o.s.b.f.s.DefaultListableBeanFactory     : Autowiring by type from bean name 'walletDataService' via constructor to bean named 'walletRepository'
2024-02-24T23:46:34.536+02:00 DEBUG 87695 --- [           main] o.s.b.f.s.DefaultListableBeanFactory     : Autowiring by type from bean name 'walletDataService' via constructor to bean named 'walletConverter'
2024-02-24T23:46:34.536+02:00 DEBUG 87695 --- [           main] o.s.b.f.s.DefaultListableBeanFactory     : Autowiring by type from bean name 'walletDataService' via constructor to bean named 'accountRepository'
2024-02-24T23:46:34.536+02:00 DEBUG 87695 --- [           main] o.s.b.f.s.DefaultListableBeanFactory     : Autowiring by type from bean name 'walletDataService' via constructor to bean named 'currencyRepository'
2024-02-24T23:46:34.546+02:00 DEBUG 87695 --- [           main] o.s.b.f.s.DefaultListableBeanFactory     : Autowiring by type from bean name 'externalTransferController' via constructor to bean named 'externalTransferService'
2024-02-24T23:46:34.546+02:00 DEBUG 87695 --- [           main] o.s.b.f.s.DefaultListableBeanFactory     : Creating shared instance of singleton bean 'walletToWalletTransferController'
2024-02-24T23:46:34.547+02:00 DEBUG 87695 --- [           main] o.s.b.f.s.DefaultListableBeanFactory     : Creating shared instance of singleton bean 'walletToWalletTransferService'
2024-02-24T23:46:34.552+02:00 DEBUG 87695 --- [           main] o.s.b.f.s.DefaultListableBeanFactory     : Autowiring by type from bean name 'walletToWalletTransferController' via constructor to bean named 'walletToWalletTransferService'
2024-02-24T23:46:34.552+02:00 DEBUG 87695 --- [           main] o.s.b.f.s.DefaultListableBeanFactory     : Creating shared instance of singleton bean 'internalTransferController'
2024-02-24T23:46:34.553+02:00 DEBUG 87695 --- [           main] o.s.b.f.s.DefaultListableBeanFactory     : Creating shared instance of singleton bean 'internalTransferService'
2024-02-24T23:46:34.556+02:00 DEBUG 87695 --- [           main] o.s.b.f.s.DefaultListableBeanFactory     : Autowiring by type from bean name 'internalTransferController' via constructor to bean named 'internalTransferService'
2024-02-24T23:46:34.557+02:00 DEBUG 87695 --- [           main] o.s.b.f.s.DefaultListableBeanFactory     : Creating shared instance of singleton bean 'transactionController'
2024-02-24T23:46:34.557+02:00 DEBUG 87695 --- [           main] o.s.b.f.s.DefaultListableBeanFactory     : Creating shared instance of singleton bean 'moneyTransferDataService'
2024-02-24T23:46:34.557+02:00 DEBUG 87695 --- [           main] o.s.b.f.s.DefaultListableBeanFactory     : Autowiring by type from bean name 'moneyTransferDataService' via constructor to bean named 'moneyTransferRepository'
2024-02-24T23:46:34.557+02:00 DEBUG 87695 --- [           main] o.s.b.f.s.DefaultListableBeanFactory     : Creating shared instance of singleton bean 'moneyTransferConverter'
2024-02-24T23:46:34.558+02:00 DEBUG 87695 --- [           main] o.s.b.f.s.DefaultListableBeanFactory     : Autowiring by type from bean name 'transactionController' via constructor to bean named 'moneyTransferDataService'
2024-02-24T23:46:34.558+02:00 DEBUG 87695 --- [           main] o.s.b.f.s.DefaultListableBeanFactory     : Autowiring by type from bean name 'transactionController' via constructor to bean named 'moneyTransferConverter'
2024-02-24T23:46:34.558+02:00 DEBUG 87695 --- [           main] o.s.b.f.s.DefaultListableBeanFactory     : Creating shared instance of singleton bean 'currencyController'
2024-02-24T23:46:34.559+02:00 DEBUG 87695 --- [           main] o.s.b.f.s.DefaultListableBeanFactory     : Creating shared instance of singleton bean 'currencyConverter'
2024-02-24T23:46:34.560+02:00 DEBUG 87695 --- [           main] o.s.b.f.s.DefaultListableBeanFactory     : Autowiring by type from bean name 'currencyController' via constructor to bean named 'currencyDataService'
2024-02-24T23:46:34.560+02:00 DEBUG 87695 --- [           main] o.s.b.f.s.DefaultListableBeanFactory     : Autowiring by type from bean name 'currencyController' via constructor to bean named 'currencyConverter'
2024-02-24T23:46:34.560+02:00 DEBUG 87695 --- [           main] o.s.b.f.s.DefaultListableBeanFactory     : Creating shared instance of singleton bean 'walletController'
2024-02-24T23:46:34.560+02:00 DEBUG 87695 --- [           main] o.s.b.f.s.DefaultListableBeanFactory     : Autowiring by type from bean name 'walletController' via constructor to bean named 'walletDataService'
2024-02-24T23:46:34.561+02:00 DEBUG 87695 --- [           main] o.s.b.f.s.DefaultListableBeanFactory     : Autowiring by type from bean name 'walletController' via constructor to bean named 'walletConverter'
2024-02-24T23:46:34.561+02:00 DEBUG 87695 --- [           main] o.s.b.f.s.DefaultListableBeanFactory     : Creating shared instance of singleton bean 'userController'
2024-02-24T23:46:34.561+02:00 DEBUG 87695 --- [           main] o.s.b.f.s.DefaultListableBeanFactory     : Creating shared instance of singleton bean 'cardDataService'
2024-02-24T23:46:34.562+02:00 DEBUG 87695 --- [           main] o.s.b.f.s.DefaultListableBeanFactory     : Creating shared instance of singleton bean 'cardRepository'
2024-02-24T23:46:34.562+02:00 DEBUG 87695 --- [           main] o.s.b.f.s.DefaultListableBeanFactory     : Creating shared instance of singleton bean 'jpa.named-queries#2'
2024-02-24T23:46:34.562+02:00 DEBUG 87695 --- [           main] o.s.b.f.s.DefaultListableBeanFactory     : Creating shared instance of singleton bean 'jpa.CardRepository.fragments#0'
2024-02-24T23:46:34.563+02:00 DEBUG 87695 --- [           main] tor$SharedEntityManagerInvocationHandler : Creating new EntityManager for shared EntityManager invocation
2024-02-24T23:46:34.572+02:00 DEBUG 87695 --- [           main] o.s.d.r.c.s.RepositoryFactorySupport     : Initializing repository instance for com.ntros.mprocswift.repository.CardRepository…
2024-02-24T23:46:34.573+02:00 DEBUG 87695 --- [           main] tor$SharedEntityManagerInvocationHandler : Creating new EntityManager for shared EntityManager invocation
2024-02-24T23:46:34.580+02:00 DEBUG 87695 --- [           main] o.s.d.r.c.s.RepositoryFactorySupport     : Finished creation of repository instance for com.ntros.mprocswift.repository.CardRepository.
2024-02-24T23:46:34.581+02:00 DEBUG 87695 --- [           main] o.s.b.f.s.DefaultListableBeanFactory     : Autowiring by type from bean name 'cardDataService' via constructor to bean named 'cardRepository'
2024-02-24T23:46:34.584+02:00 DEBUG 87695 --- [           main] o.s.b.f.s.DefaultListableBeanFactory     : Creating shared instance of singleton bean 'roleDataService'
2024-02-24T23:46:34.585+02:00 DEBUG 87695 --- [           main] o.s.b.f.s.DefaultListableBeanFactory     : Creating shared instance of singleton bean 'roleRepository'
2024-02-24T23:46:34.586+02:00 DEBUG 87695 --- [           main] o.s.b.f.s.DefaultListableBeanFactory     : Creating shared instance of singleton bean 'jpa.named-queries#8'
2024-02-24T23:46:34.586+02:00 DEBUG 87695 --- [           main] o.s.b.f.s.DefaultListableBeanFactory     : Creating shared instance of singleton bean 'jpa.RoleRepository.fragments#0'
2024-02-24T23:46:34.586+02:00 DEBUG 87695 --- [           main] tor$SharedEntityManagerInvocationHandler : Creating new EntityManager for shared EntityManager invocation
2024-02-24T23:46:34.587+02:00 DEBUG 87695 --- [           main] o.s.d.r.c.s.RepositoryFactorySupport     : Initializing repository instance for com.ntros.mprocswift.repository.user.RoleRepository…
2024-02-24T23:46:34.587+02:00 DEBUG 87695 --- [           main] tor$SharedEntityManagerInvocationHandler : Creating new EntityManager for shared EntityManager invocation
2024-02-24T23:46:34.594+02:00 DEBUG 87695 --- [           main] o.s.d.jpa.repository.query.NamedQuery    : Looking up named query Role.findByRoleName
2024-02-24T23:46:34.594+02:00 DEBUG 87695 --- [           main] o.s.d.jpa.repository.query.NamedQuery    : Did not find named query Role.findByRoleName
2024-02-24T23:46:34.595+02:00 DEBUG 87695 --- [           main] tor$SharedEntityManagerInvocationHandler : Creating new EntityManager for shared EntityManager invocation
2024-02-24T23:46:34.604+02:00 DEBUG 87695 --- [           main] o.s.d.r.c.s.RepositoryFactorySupport     : Finished creation of repository instance for com.ntros.mprocswift.repository.user.RoleRepository.
2024-02-24T23:46:34.605+02:00 DEBUG 87695 --- [           main] o.s.b.f.s.DefaultListableBeanFactory     : Autowiring by type from bean name 'roleDataService' via constructor to bean named 'roleRepository'
2024-02-24T23:46:34.608+02:00 DEBUG 87695 --- [           main] o.s.b.f.s.DefaultListableBeanFactory     : Creating shared instance of singleton bean 'org.springframework.boot.autoconfigure.context.PropertyPlaceholderAutoConfiguration'
2024-02-24T23:46:34.608+02:00 DEBUG 87695 --- [           main] o.s.b.f.s.DefaultListableBeanFactory     : Creating shared instance of singleton bean 'org.springframework.boot.autoconfigure.ssl.SslAutoConfiguration'
2024-02-24T23:46:34.609+02:00 DEBUG 87695 --- [           main] o.s.b.f.s.DefaultListableBeanFactory     : Creating shared instance of singleton bean 'spring.ssl-org.springframework.boot.autoconfigure.ssl.SslProperties'
2024-02-24T23:46:34.610+02:00 DEBUG 87695 --- [           main] o.s.b.f.s.DefaultListableBeanFactory     : Autowiring by type from bean name 'org.springframework.boot.autoconfigure.ssl.SslAutoConfiguration' via constructor to bean named 'spring.ssl-org.springframework.boot.autoconfigure.ssl.SslProperties'
2024-02-24T23:46:34.610+02:00 DEBUG 87695 --- [           main] o.s.b.f.s.DefaultListableBeanFactory     : Creating shared instance of singleton bean 'fileWatcher'
2024-02-24T23:46:34.611+02:00 DEBUG 87695 --- [           main] o.s.b.f.s.DefaultListableBeanFactory     : Creating shared instance of singleton bean 'sslPropertiesSslBundleRegistrar'
2024-02-24T23:46:34.611+02:00 DEBUG 87695 --- [           main] o.s.b.f.s.DefaultListableBeanFactory     : Autowiring by type from bean name 'sslPropertiesSslBundleRegistrar' via factory method to bean named 'fileWatcher'
2024-02-24T23:46:34.612+02:00 DEBUG 87695 --- [           main] o.s.b.f.s.DefaultListableBeanFactory     : Creating shared instance of singleton bean 'sslBundleRegistry'
2024-02-24T23:46:34.613+02:00 DEBUG 87695 --- [           main] o.s.b.f.s.DefaultListableBeanFactory     : Creating shared instance of singleton bean 'org.springframework.boot.autoconfigure.websocket.servlet.WebSocketServletAutoConfiguration$TomcatWebSocketConfiguration'
2024-02-24T23:46:34.614+02:00 DEBUG 87695 --- [           main] o.s.b.f.s.DefaultListableBeanFactory     : Creating shared instance of singleton bean 'websocketServletWebServerCustomizer'
2024-02-24T23:46:34.615+02:00 DEBUG 87695 --- [           main] o.s.b.f.s.DefaultListableBeanFactory     : Creating shared instance of singleton bean 'org.springframework.boot.autoconfigure.websocket.servlet.WebSocketServletAutoConfiguration'
2024-02-24T23:46:34.615+02:00 DEBUG 87695 --- [           main] o.s.b.f.s.DefaultListableBeanFactory     : Creating shared instance of singleton bean 'org.springframework.boot.autoconfigure.web.servlet.ServletWebServerFactoryConfiguration$EmbeddedTomcat'
2024-02-24T23:46:34.615+02:00 DEBUG 87695 --- [           main] o.s.b.f.s.DefaultListableBeanFactory     : Creating shared instance of singleton bean 'tomcatServletWebServerFactory'
2024-02-24T23:46:34.639+02:00 DEBUG 87695 --- [           main] o.s.b.f.s.DefaultListableBeanFactory     : Creating shared instance of singleton bean 'servletWebServerFactoryCustomizer'
2024-02-24T23:46:34.639+02:00 DEBUG 87695 --- [           main] o.s.b.f.s.DefaultListableBeanFactory     : Creating shared instance of singleton bean 'org.springframework.boot.autoconfigure.web.servlet.ServletWebServerFactoryAutoConfiguration'
2024-02-24T23:46:34.640+02:00 DEBUG 87695 --- [           main] o.s.b.f.s.DefaultListableBeanFactory     : Creating shared instance of singleton bean 'server-org.springframework.boot.autoconfigure.web.ServerProperties'
2024-02-24T23:46:34.643+02:00 DEBUG 87695 --- [           main] o.s.b.f.s.DefaultListableBeanFactory     : Autowiring by type from bean name 'servletWebServerFactoryCustomizer' via factory method to bean named 'server-org.springframework.boot.autoconfigure.web.ServerProperties'
2024-02-24T23:46:34.644+02:00 DEBUG 87695 --- [           main] o.s.b.f.s.DefaultListableBeanFactory     : Creating shared instance of singleton bean 'tomcatServletWebServerFactoryCustomizer'
2024-02-24T23:46:34.644+02:00 DEBUG 87695 --- [           main] o.s.b.f.s.DefaultListableBeanFactory     : Autowiring by type from bean name 'tomcatServletWebServerFactoryCustomizer' via factory method to bean named 'server-org.springframework.boot.autoconfigure.web.ServerProperties'
2024-02-24T23:46:34.645+02:00 DEBUG 87695 --- [           main] o.s.b.f.s.DefaultListableBeanFactory     : Creating shared instance of singleton bean 'localeCharsetMappingsCustomizer'
[...]
         - @ConditionalOnClass did not find required class 'org.apache.pulsar.client.api.PulsarClient' (OnClassCondition)

   PulsarReactiveAutoConfiguration:
      Did not match:
         - @ConditionalOnClass did not find required class 'org.apache.pulsar.client.api.PulsarClient' (OnClassCondition)

   QuartzAutoConfiguration:
      Did not match:
         - @ConditionalOnClass did not find required class 'org.quartz.Scheduler' (OnClassCondition)

   R2dbcAutoConfiguration:
      Did not match:
         - @ConditionalOnClass did not find required class 'io.r2dbc.spi.ConnectionFactory' (OnClassCondition)

   R2dbcDataAutoConfiguration:
      Did not match:
         - @ConditionalOnClass did not find required class 'org.springframework.data.r2dbc.core.R2dbcEntityTemplate' (OnClassCondition)

   R2dbcInitializationConfiguration:
      Did not match:
         - @ConditionalOnClass did not find required classes 'io.r2dbc.spi.ConnectionFactory', 'org.springframework.r2dbc.connection.init.DatabasePopulator' (OnClassCondition)

   R2dbcRepositoriesAutoConfiguration:
      Did not match:
         - @ConditionalOnClass did not find required class 'io.r2dbc.spi.ConnectionFactory' (OnClassCondition)

   R2dbcTransactionManagerAutoConfiguration:
      Did not match:
         - @ConditionalOnClass did not find required class 'org.springframework.r2dbc.connection.R2dbcTransactionManager' (OnClassCondition)

   RSocketGraphQlClientAutoConfiguration:
      Did not match:
         - @ConditionalOnClass did not find required class 'graphql.GraphQL' (OnClassCondition)

   RSocketMessagingAutoConfiguration:
      Did not match:
         - @ConditionalOnClass did not find required class 'io.rsocket.RSocket' (OnClassCondition)

   RSocketRequesterAutoConfiguration:
      Did not match:
         - @ConditionalOnClass did not find required class 'io.rsocket.RSocket' (OnClassCondition)

   RSocketSecurityAutoConfiguration:
      Did not match:
         - @ConditionalOnClass did not find required class 'org.springframework.security.rsocket.core.SecuritySocketAcceptorInterceptor' (OnClassCondition)

   RSocketServerAutoConfiguration:
      Did not match:
         - @ConditionalOnClass did not find required class 'io.rsocket.core.RSocketServer' (OnClassCondition)

   RSocketStrategiesAutoConfiguration:
      Did not match:
         - @ConditionalOnClass did not find required class 'io.rsocket.RSocket' (OnClassCondition)

   RabbitAutoConfiguration:
      Did not match:
         - @ConditionalOnClass did not find required class 'com.rabbitmq.client.Channel' (OnClassCondition)

   ReactiveElasticsearchClientAutoConfiguration:
      Did not match:
         - @ConditionalOnClass did not find required class 'co.elastic.clients.transport.ElasticsearchTransport' (OnClassCondition)

   ReactiveElasticsearchRepositoriesAutoConfiguration:
      Did not match:
         - @ConditionalOnClass did not find required class 'org.springframework.data.elasticsearch.client.elc.ReactiveElasticsearchClient' (OnClassCondition)

   ReactiveMultipartAutoConfiguration:
      Did not match:
         - @ConditionalOnClass did not find required class 'org.springframework.web.reactive.config.WebFluxConfigurer' (OnClassCondition)

   ReactiveOAuth2ClientAutoConfiguration:
      Did not match:
         - @ConditionalOnClass did not find required class 'reactor.core.publisher.Flux' (OnClassCondition)

   ReactiveOAuth2ResourceServerAutoConfiguration:
      Did not match:
         - @ConditionalOnClass did not find required class 'org.springframework.security.config.annotation.web.reactive.EnableWebFluxSecurity' (OnClassCondition)

   ReactiveSecurityAutoConfiguration:
      Did not match:
         - @ConditionalOnClass did not find required class 'reactor.core.publisher.Flux' (OnClassCondition)

   ReactiveUserDetailsServiceAutoConfiguration:
      Did not match:
         - @ConditionalOnClass did not find required class 'org.springframework.security.authentication.ReactiveAuthenticationManager' (OnClassCondition)

   ReactiveWebServerFactoryAutoConfiguration:
      Did not match:
         - @ConditionalOnWebApplication did not find reactive web application classes (OnWebApplicationCondition)

   ReactorAutoConfiguration:
      Did not match:
         - @ConditionalOnClass did not find required class 'reactor.core.publisher.Hooks' (OnClassCondition)

   RedisAutoConfiguration:
      Did not match:
         - @ConditionalOnClass did not find required class 'org.springframework.data.redis.core.RedisOperations' (OnClassCondition)

   RedisCacheConfiguration:
      Did not match:
         - @ConditionalOnClass did not find required class 'org.springframework.data.redis.connection.RedisConnectionFactory' (OnClassCondition)

   RedisReactiveAutoConfiguration:
      Did not match:
         - @ConditionalOnClass did not find required class 'reactor.core.publisher.Flux' (OnClassCondition)

   RedisRepositoriesAutoConfiguration:
      Did not match:
         - @ConditionalOnClass did not find required class 'org.springframework.data.redis.repository.configuration.EnableRedisRepositories' (OnClassCondition)

   RepositoryRestMvcAutoConfiguration:
      Did not match:
         - @ConditionalOnClass did not find required class 'org.springframework.data.rest.webmvc.config.RepositoryRestMvcConfiguration' (OnClassCondition)

   Saml2RelyingPartyAutoConfiguration:
      Did not match:
         - @ConditionalOnClass did not find required class 'org.springframework.security.saml2.provider.service.registration.RelyingPartyRegistrationRepository' (OnClassCondition)

   SecurityAutoConfiguration:
      Did not match:
         - @ConditionalOnClass did not find required class 'org.springframework.security.authentication.DefaultAuthenticationEventPublisher' (OnClassCondition)

   SecurityFilterAutoConfiguration:
      Did not match:
         - @ConditionalOnClass did not find required class 'org.springframework.security.config.http.SessionCreationPolicy' (OnClassCondition)

   SendGridAutoConfiguration:
      Did not match:
         - @ConditionalOnClass did not find required class 'com.sendgrid.SendGrid' (OnClassCondition)

   ServletWebServerFactoryAutoConfiguration.ForwardedHeaderFilterConfiguration:
      Did not match:
         - @ConditionalOnProperty (server.forward-headers-strategy=framework) did not find property 'server.forward-headers-strategy' (OnPropertyCondition)

   ServletWebServerFactoryConfiguration.EmbeddedJetty:
      Did not match:
         - @ConditionalOnClass did not find required classes 'org.eclipse.jetty.server.Server', 'org.eclipse.jetty.util.Loader', 'org.eclipse.jetty.ee10.webapp.WebAppContext' (OnClassCondition)

   ServletWebServerFactoryConfiguration.EmbeddedUndertow:
      Did not match:
         - @ConditionalOnClass did not find required classes 'io.undertow.Undertow', 'org.xnio.SslClientAuthMode' (OnClassCondition)

   SessionAutoConfiguration:
      Did not match:
         - @ConditionalOnClass did not find required class 'org.springframework.session.Session' (OnClassCondition)

   SpringApplicationAdminJmxAutoConfiguration:
      Did not match:
         - @ConditionalOnProperty (spring.application.admin.enabled=true) did not find property 'enabled' (OnPropertyCondition)

   TaskExecutorConfigurations.SimpleAsyncTaskExecutorBuilderConfiguration#simpleAsyncTaskExecutorBuilderVirtualThreads:
      Did not match:
         - @ConditionalOnMissingBean (types: org.springframework.boot.task.SimpleAsyncTaskExecutorBuilder; SearchStrategy: all) found beans of type 'org.springframework.boot.task.SimpleAsyncTaskExecutorBuilder' simpleAsyncTaskExecutorBuilder (OnBeanCondition)

   TaskExecutorConfigurations.TaskExecutorConfiguration:
      Did not match:
         - @ConditionalOnMissingBean (types: java.util.concurrent.Executor; SearchStrategy: all) found beans of type 'java.util.concurrent.Executor' taskExecutor (OnBeanCondition)

   TaskSchedulingAutoConfiguration#scheduledBeanLazyInitializationExcludeFilter:
      Did not match:
         - @ConditionalOnBean (names: org.springframework.context.annotation.internalScheduledAnnotationProcessor; SearchStrategy: all) did not find any beans named org.springframework.context.annotation.internalScheduledAnnotationProcessor (OnBeanCondition)

   TaskSchedulingConfigurations.SimpleAsyncTaskSchedulerBuilderConfiguration#simpleAsyncTaskSchedulerBuilderVirtualThreads:
      Did not match:
         - @ConditionalOnMissingBean (types: org.springframework.boot.task.SimpleAsyncTaskSchedulerBuilder; SearchStrategy: all) found beans of type 'org.springframework.boot.task.SimpleAsyncTaskSchedulerBuilder' simpleAsyncTaskSchedulerBuilder (OnBeanCondition)

   TaskSchedulingConfigurations.TaskSchedulerConfiguration:
      Did not match:
         - @ConditionalOnBean (names: org.springframework.context.annotation.internalScheduledAnnotationProcessor; SearchStrategy: all) did not find any beans named org.springframework.context.annotation.internalScheduledAnnotationProcessor (OnBeanCondition)

   ThymeleafAutoConfiguration:
      Did not match:
         - @ConditionalOnClass did not find required class 'org.thymeleaf.spring6.SpringTemplateEngine' (OnClassCondition)

   TransactionAutoConfiguration#transactionalOperator:
      Did not match:
         - @ConditionalOnSingleCandidate (types: org.springframework.transaction.ReactiveTransactionManager; SearchStrategy: all) did not find any beans (OnBeanCondition)

   TransactionAutoConfiguration.AspectJTransactionManagementConfiguration:
      Did not match:
         - @ConditionalOnBean (types: org.springframework.transaction.aspectj.AbstractTransactionAspect; SearchStrategy: all) did not find any beans of type org.springframework.transaction.aspectj.AbstractTransactionAspect (OnBeanCondition)

   TransactionAutoConfiguration.EnableTransactionManagementConfiguration.JdkDynamicAutoProxyConfiguration:
      Did not match:
         - @ConditionalOnProperty (spring.aop.proxy-target-class=false) did not find property 'proxy-target-class' (OnPropertyCondition)

   UserDetailsServiceAutoConfiguration:
      Did not match:
         - @ConditionalOnClass did not find required class 'org.springframework.security.authentication.AuthenticationManager' (OnClassCondition)

   WebClientAutoConfiguration:
      Did not match:
         - @ConditionalOnClass did not find required class 'org.springframework.web.reactive.function.client.WebClient' (OnClassCondition)

   WebFluxAutoConfiguration:
      Did not match:
         - @ConditionalOnClass did not find required class 'org.springframework.web.reactive.config.WebFluxConfigurer' (OnClassCondition)

   WebMvcAutoConfiguration#hiddenHttpMethodFilter:
      Did not match:
         - @ConditionalOnProperty (spring.mvc.hiddenmethod.filter.enabled) did not find property 'enabled' (OnPropertyCondition)

   WebMvcAutoConfiguration.ProblemDetailsErrorHandlingConfiguration:
      Did not match:
         - @ConditionalOnProperty (spring.mvc.problemdetails.enabled=true) did not find property 'enabled' (OnPropertyCondition)

   WebMvcAutoConfiguration.ResourceChainCustomizerConfiguration:
      Did not match:
         - @ConditionalOnEnabledResourceChain did not find class org.webjars.WebJarAssetLocator (OnEnabledResourceChainCondition)

   WebMvcAutoConfiguration.WebMvcAutoConfigurationAdapter#beanNameViewResolver:
      Did not match:
         - @ConditionalOnMissingBean (types: org.springframework.web.servlet.view.BeanNameViewResolver; SearchStrategy: all) found beans of type 'org.springframework.web.servlet.view.BeanNameViewResolver' beanNameViewResolver (OnBeanCondition)

   WebServiceTemplateAutoConfiguration:
      Did not match:
         - @ConditionalOnClass did not find required class 'org.springframework.oxm.Marshaller' (OnClassCondition)

   WebServicesAutoConfiguration:
      Did not match:
         - @ConditionalOnClass did not find required class 'org.springframework.ws.transport.http.MessageDispatcherServlet' (OnClassCondition)

   WebSessionIdResolverAutoConfiguration:
      Did not match:
         - @ConditionalOnClass did not find required class 'reactor.core.publisher.Mono' (OnClassCondition)

   WebSocketMessagingAutoConfiguration:
      Did not match:
         - @ConditionalOnClass did not find required class 'org.springframework.web.socket.config.annotation.WebSocketMessageBrokerConfigurer' (OnClassCondition)

   WebSocketReactiveAutoConfiguration:
      Did not match:
         - @ConditionalOnWebApplication did not find reactive web application classes (OnWebApplicationCondition)

   WebSocketServletAutoConfiguration.JettyWebSocketConfiguration:
      Did not match:
         - @ConditionalOnClass did not find required class 'org.eclipse.jetty.ee10.websocket.jakarta.server.config.JakartaWebSocketServletContainerInitializer' (OnClassCondition)

   WebSocketServletAutoConfiguration.UndertowWebSocketConfiguration:
      Did not match:
         - @ConditionalOnClass did not find required class 'io.undertow.websockets.jsr.Bootstrap' (OnClassCondition)

   XADataSourceAutoConfiguration:
      Did not match:
         - @ConditionalOnBean (types: org.springframework.boot.jdbc.XADataSourceWrapper; SearchStrategy: all) did not find any beans of type org.springframework.boot.jdbc.XADataSourceWrapper (OnBeanCondition)
      Matched:
         - @ConditionalOnClass found required classes 'javax.sql.DataSource', 'jakarta.transaction.TransactionManager', 'org.springframework.jdbc.datasource.embedded.EmbeddedDatabaseType' (OnClassCondition)


Exclusions:
-----------

    None


Unconditional classes:
----------------------

    org.springframework.boot.autoconfigure.context.ConfigurationPropertiesAutoConfiguration

    org.springframework.boot.autoconfigure.ssl.SslAutoConfiguration

    org.springframework.boot.autoconfigure.context.LifecycleAutoConfiguration

    org.springframework.boot.autoconfigure.context.PropertyPlaceholderAutoConfiguration

    org.springframework.boot.autoconfigure.availability.ApplicationAvailabilityAutoConfiguration

    org.springframework.boot.autoconfigure.info.ProjectInfoAutoConfiguration



2024-02-24T23:46:34.905+02:00  INFO 87695 --- [           main] oneyProcessorSwiftServerApplicationTests : Started MoneyProcessorSwiftServerApplicationTests in 2.612 seconds (process running for 3.079)
2024-02-24T23:46:34.905+02:00 DEBUG 87695 --- [           main] o.s.b.a.ApplicationAvailabilityBean      : Application availability state LivenessState changed to CORRECT
2024-02-24T23:46:34.906+02:00 DEBUG 87695 --- [           main] o.s.b.a.ApplicationAvailabilityBean      : Application availability state ReadinessState changed to ACCEPTING_TRAFFIC
2024-02-24T23:46:34.907+02:00 DEBUG 87695 --- [           main] org.springframework.test.context.cache   : Spring test ApplicationContext cache statistics: [DefaultContextCache@414b785c size = 1, maxSize = 32, parentContextCount = 0, hitCount = 0, missCount = 1, failureCount = 0]
2024-02-24T23:46:34.907+02:00 DEBUG 87695 --- [           main] o.s.t.c.w.ServletTestExecutionListener   : Setting up MockHttpServletRequest, MockHttpServletResponse, ServletWebRequest, and RequestContextHolder for test class com.ntros.mprocswift.MoneyProcessorSwiftServerApplicationTests
2024-02-24T23:46:34.913+02:00 DEBUG 87695 --- [           main] DependencyInjectionTestExecutionListener : Performing dependency injection for test class com.ntros.mprocswift.MoneyProcessorSwiftServerApplicationTests
2024-02-24T23:46:34.913+02:00 DEBUG 87695 --- [           main] org.springframework.test.context.cache   : Spring test ApplicationContext cache statistics: [DefaultContextCache@414b785c size = 1, maxSize = 32, parentContextCount = 0, hitCount = 1, missCount = 1, failureCount = 0]
2024-02-24T23:46:34.913+02:00 DEBUG 87695 --- [           main] org.springframework.test.context.cache   : Spring test ApplicationContext cache statistics: [DefaultContextCache@414b785c size = 1, maxSize = 32, parentContextCount = 0, hitCount = 2, missCount = 1, failureCount = 0]
2024-02-24T23:46:34.916+02:00 DEBUG 87695 --- [           main] sContextBeforeModesTestExecutionListener : Before test method: class [MoneyProcessorSwiftServerApplicationTests], method [contextLoads], class annotated with @DirtiesContext [false] with mode [null], method annotated with @DirtiesContext [false] with mode [null]
2024-02-24T23:46:34.917+02:00 DEBUG 87695 --- [           main] org.springframework.test.context.cache   : Spring test ApplicationContext cache statistics: [DefaultContextCache@414b785c size = 1, maxSize = 32, parentContextCount = 0, hitCount = 3, missCount = 1, failureCount = 0]
2024-02-24T23:46:34.917+02:00 DEBUG 87695 --- [           main] org.springframework.test.context.cache   : Spring test ApplicationContext cache statistics: [DefaultContextCache@414b785c size = 1, maxSize = 32, parentContextCount = 0, hitCount = 4, missCount = 1, failureCount = 0]
2024-02-24T23:46:35.237+02:00 DEBUG 87695 --- [           main] org.springframework.test.context.cache   : Spring test ApplicationContext cache statistics: [DefaultContextCache@414b785c size = 1, maxSize = 32, parentContextCount = 0, hitCount = 5, missCount = 1, failureCount = 0]
2024-02-24T23:46:35.239+02:00 DEBUG 87695 --- [           main] org.springframework.test.context.cache   : Spring test ApplicationContext cache statistics: [DefaultContextCache@414b785c size = 1, maxSize = 32, parentContextCount = 0, hitCount = 6, missCount = 1, failureCount = 0]
2024-02-24T23:46:35.240+02:00 DEBUG 87695 --- [           main] org.springframework.test.context.cache   : Spring test ApplicationContext cache statistics: [DefaultContextCache@414b785c size = 1, maxSize = 32, parentContextCount = 0, hitCount = 7, missCount = 1, failureCount = 0]
2024-02-24T23:46:35.240+02:00 DEBUG 87695 --- [           main] org.springframework.test.context.cache   : Spring test ApplicationContext cache statistics: [DefaultContextCache@414b785c size = 1, maxSize = 32, parentContextCount = 0, hitCount = 8, missCount = 1, failureCount = 0]
2024-02-24T23:46:35.240+02:00 DEBUG 87695 --- [           main] org.springframework.test.context.cache   : Spring test ApplicationContext cache statistics: [DefaultContextCache@414b785c size = 1, maxSize = 32, parentContextCount = 0, hitCount = 9, missCount = 1, failureCount = 0]
2024-02-24T23:46:35.240+02:00 DEBUG 87695 --- [           main] org.springframework.test.context.cache   : Spring test ApplicationContext cache statistics: [DefaultContextCache@414b785c size = 1, maxSize = 32, parentContextCount = 0, hitCount = 10, missCount = 1, failureCount = 0]
2024-02-24T23:46:35.241+02:00 DEBUG 87695 --- [           main] org.springframework.test.context.cache   : Spring test ApplicationContext cache statistics: [DefaultContextCache@414b785c size = 1, maxSize = 32, parentContextCount = 0, hitCount = 11, missCount = 1, failureCount = 0]
2024-02-24T23:46:35.242+02:00 DEBUG 87695 --- [           main] .c.s.DirtiesContextTestExecutionListener : After test method: class [MoneyProcessorSwiftServerApplicationTests], method [contextLoads], class annotated with @DirtiesContext [false] with mode [null], method annotated with @DirtiesContext [false] with mode [null]
2024-02-24T23:46:35.242+02:00 DEBUG 87695 --- [           main] o.s.t.c.w.ServletTestExecutionListener   : Resetting RequestContextHolder for test class com.ntros.mprocswift.MoneyProcessorSwiftServerApplicationTests
]]></system-out>
    <system-err><![CDATA[WARNING: A Java agent has been loaded dynamically (/Users/rafa95/.m2/repository/net/bytebuddy/byte-buddy-agent/1.14.11/byte-buddy-agent-1.14.11.jar)
WARNING: If a serviceability tool is in use, please run with -XX:+EnableDynamicAgentLoading to hide this warning
WARNING: If a serviceability tool is not in use, please run with -Djdk.instrument.traceUsage for more information
WARNING: Dynamic loading of agents will be disallowed by default in a future release
]]></system-err>
  </testcase>
</testsuite>