<?xml version="1.0" encoding="UTF-8"?>
<testsuite xmlns:xsi="http://www.w3.org/2001/XMLSchema-instance" xsi:noNamespaceSchemaLocation="https://maven.apache.org/surefire/maven-surefire-plugin/xsd/surefire-test-report-3.0.xsd" version="3.0" name="com.ntros.mprocswift.MoneyProcessorSwiftServerApplicationTests" time="3.614" tests="1" errors="0" skipped="0" failures="0">
  <properties>
[...]
</properties>
  <testcase name="contextLoads" classname="com.ntros.mprocswift.MoneyProcessorSwiftServerApplicationTests" time="0.387">
    <system-out><![CDATA[02:44:56.484 [main] INFO org.springframework.test.context.support.AnnotationConfigContextLoaderUtils -- Could not detect default configuration classes for test class [com.ntros.mprocswift.MoneyProcessorSwiftServerApplicationTests]: MoneyProcessorSwiftServerApplicationTests does not declare any static, non-private, non-final, nested classes annotated with @Configuration.
02:44:56.536 [main] INFO org.springframework.boot.test.context.SpringBootTestContextBootstrapper -- Found @SpringBootConfiguration com.ntros.mprocswift.MoneyProcessorSwiftServerApplication for test class com.ntros.mprocswift.MoneyProcessorSwiftServerApplicationTests

  .   ____          _            __ _ _
 /\\ / ___'_ __ _ _(_)_ __  __ _ \ \ \ \
( ( )\___ | '_ | '_| | '_ \/ _` | \ \ \ \
 \\/  ___)| |_)| | | | | || (_| |  ) ) ) )
  '  |____| .__|_| |_|_| |_\__, | / / / /
 =========|_|==============|___/=/_/_/_/
 :: Spring Boot ::                (v3.2.2)

2024-03-29T02:44:56.778+02:00  INFO 41589 --- [           main] oneyProcessorSwiftServerApplicationTests : Starting MoneyProcessorSwiftServerApplicationTests using Java 21.0.1 with PID 41589 (started by rafa95 in /Users/rafa95/Dev/mpswift/mproc-swift-server/bootstrap)
2024-03-29T02:44:56.779+02:00  INFO 41589 --- [           main] oneyProcessorSwiftServerApplicationTests : The following 1 profile is active: "test"
2024-03-29T02:44:56.779+02:00 DEBUG 41589 --- [           main] o.s.boot.SpringApplication               : Loading source class com.ntros.mprocswift.MoneyProcessorSwiftServerApplication
2024-03-29T02:44:56.793+02:00 DEBUG 41589 --- [           main] o.s.w.c.s.GenericWebApplicationContext   : Refreshing org.springframework.web.context.support.GenericWebApplicationContext@22175d4f
2024-03-29T02:44:56.802+02:00 DEBUG 41589 --- [           main] o.s.b.f.s.DefaultListableBeanFactory     : Creating shared instance of singleton bean 'org.springframework.context.annotation.internalConfigurationAnnotationProcessor'
2024-03-29T02:44:56.809+02:00 DEBUG 41589 --- [           main] o.s.b.f.s.DefaultListableBeanFactory     : Creating shared instance of singleton bean 'org.springframework.boot.autoconfigure.internalCachingMetadataReaderFactory'
2024-03-29T02:44:56.829+02:00 DEBUG 41589 --- [           main] o.s.c.a.ClassPathBeanDefinitionScanner   : Identified candidate component class: file [/Users/rafa95/Dev/mpswift/mproc-swift-server/bootstrap/target/classes/com/ntros/mprocswift/config/AppConfig.class]
2024-03-29T02:44:56.831+02:00 DEBUG 41589 --- [           main] o.s.c.a.ClassPathBeanDefinitionScanner   : Identified candidate component class: file [/Users/rafa95/Dev/mpswift/mproc-swift-server/bootstrap/target/classes/com/ntros/mprocswift/config/AsyncConfig.class]
2024-03-29T02:44:56.835+02:00 DEBUG 41589 --- [           main] o.s.c.a.ClassPathBeanDefinitionScanner   : Identified candidate component class: URL [jar:file:/Users/rafa95/Dev/mpswift/mproc-swift-server/rest/target/rest-1.0-SNAPSHOT.jar!/com/ntros/mprocswift/handler/GlobalExceptionHandler.class]
2024-03-29T02:44:56.838+02:00 DEBUG 41589 --- [           main] o.s.c.a.ClassPathBeanDefinitionScanner   : Identified candidate component class: URL [jar:file:/Users/rafa95/Dev/mpswift/mproc-swift-server/rest/target/rest-1.0-SNAPSHOT.jar!/com/ntros/mprocswift/controller/RegistrationController.class]
2024-03-29T02:44:56.841+02:00 DEBUG 41589 --- [           main] o.s.c.a.ClassPathBeanDefinitionScanner   : Identified candidate component class: URL [jar:file:/Users/rafa95/Dev/mpswift/mproc-swift-server/rest/target/rest-1.0-SNAPSHOT.jar!/com/ntros/mprocswift/controller/AccountController.class]
2024-03-29T02:44:56.841+02:00 DEBUG 41589 --- [           main] o.s.c.a.ClassPathBeanDefinitionScanner   : Identified candidate component class: URL [jar:file:/Users/rafa95/Dev/mpswift/mproc-swift-server/rest/target/rest-1.0-SNAPSHOT.jar!/com/ntros/mprocswift/controller/transfer/ExternalTransferController.class]
2024-03-29T02:44:56.842+02:00 DEBUG 41589 --- [           main] o.s.c.a.ClassPathBeanDefinitionScanner   : Identified candidate component class: URL [jar:file:/Users/rafa95/Dev/mpswift/mproc-swift-server/rest/target/rest-1.0-SNAPSHOT.jar!/com/ntros/mprocswift/controller/transfer/WalletToWalletTransferController.class]
2024-03-29T02:44:56.842+02:00 DEBUG 41589 --- [           main] o.s.c.a.ClassPathBeanDefinitionScanner   : Ignored because not a concrete top-level class: URL [jar:file:/Users/rafa95/Dev/mpswift/mproc-swift-server/rest/target/rest-1.0-SNAPSHOT.jar!/com/ntros/mprocswift/controller/transfer/AbstractTransferController.class]
2024-03-29T02:44:56.842+02:00 DEBUG 41589 --- [           main] o.s.c.a.ClassPathBeanDefinitionScanner   : Identified candidate component class: URL [jar:file:/Users/rafa95/Dev/mpswift/mproc-swift-server/rest/target/rest-1.0-SNAPSHOT.jar!/com/ntros/mprocswift/controller/transfer/InternalTransferController.class]
2024-03-29T02:44:56.842+02:00 DEBUG 41589 --- [           main] o.s.c.a.ClassPathBeanDefinitionScanner   : Identified candidate component class: URL [jar:file:/Users/rafa95/Dev/mpswift/mproc-swift-server/rest/target/rest-1.0-SNAPSHOT.jar!/com/ntros/mprocswift/controller/CardController.class]
2024-03-29T02:44:56.843+02:00 DEBUG 41589 --- [           main] o.s.c.a.ClassPathBeanDefinitionScanner   : Identified candidate component class: URL [jar:file:/Users/rafa95/Dev/mpswift/mproc-swift-server/rest/target/rest-1.0-SNAPSHOT.jar!/com/ntros/mprocswift/controller/TransactionController.class]
2024-03-29T02:44:56.843+02:00 DEBUG 41589 --- [           main] o.s.c.a.ClassPathBeanDefinitionScanner   : Identified candidate component class: URL [jar:file:/Users/rafa95/Dev/mpswift/mproc-swift-server/rest/target/rest-1.0-SNAPSHOT.jar!/com/ntros/mprocswift/controller/CurrencyController.class]
2024-03-29T02:44:56.844+02:00 DEBUG 41589 --- [           main] o.s.c.a.ClassPathBeanDefinitionScanner   : Ignored because not a concrete top-level class: URL [jar:file:/Users/rafa95/Dev/mpswift/mproc-swift-server/rest/target/rest-1.0-SNAPSHOT.jar!/com/ntros/mprocswift/controller/AbstractApiController.class]
2024-03-29T02:44:56.844+02:00 DEBUG 41589 --- [           main] o.s.c.a.ClassPathBeanDefinitionScanner   : Identified candidate component class: URL [jar:file:/Users/rafa95/Dev/mpswift/mproc-swift-server/rest/target/rest-1.0-SNAPSHOT.jar!/com/ntros/mprocswift/controller/WalletController.class]
2024-03-29T02:44:56.845+02:00 DEBUG 41589 --- [           main] o.s.c.a.ClassPathBeanDefinitionScanner   : Identified candidate component class: URL [jar:file:/Users/rafa95/Dev/mpswift/mproc-swift-server/rest/target/rest-1.0-SNAPSHOT.jar!/com/ntros/mprocswift/controller/UserController.class]
2024-03-29T02:44:56.845+02:00 DEBUG 41589 --- [           main] o.s.c.a.ClassPathBeanDefinitionScanner   : Identified candidate component class: URL [jar:file:/Users/rafa95/Dev/mpswift/mproc-swift-server/service/target/service-1.0-SNAPSHOT.jar!/com/ntros/mprocswift/converter/CurrencyConverter.class]
2024-03-29T02:44:56.845+02:00 DEBUG 41589 --- [           main] o.s.c.a.ClassPathBeanDefinitionScanner   : Identified candidate component class: URL [jar:file:/Users/rafa95/Dev/mpswift/mproc-swift-server/service/target/service-1.0-SNAPSHOT.jar!/com/ntros/mprocswift/converter/WalletConverter.class]
2024-03-29T02:44:56.845+02:00 DEBUG 41589 --- [           main] o.s.c.a.ClassPathBeanDefinitionScanner   : Identified candidate component class: URL [jar:file:/Users/rafa95/Dev/mpswift/mproc-swift-server/service/target/service-1.0-SNAPSHOT.jar!/com/ntros/mprocswift/converter/MoneyTransferConverter.class]
2024-03-29T02:44:56.846+02:00 DEBUG 41589 --- [           main] o.s.c.a.ClassPathBeanDefinitionScanner   : Identified candidate component class: URL [jar:file:/Users/rafa95/Dev/mpswift/mproc-swift-server/service/target/service-1.0-SNAPSHOT.jar!/com/ntros/mprocswift/converter/AccountConverter.class]
2024-03-29T02:44:56.848+02:00 DEBUG 41589 --- [           main] o.s.c.a.ClassPathBeanDefinitionScanner   : Identified candidate component class: URL [jar:file:/Users/rafa95/Dev/mpswift/mproc-swift-server/service/target/service-1.0-SNAPSHOT.jar!/com/ntros/mprocswift/service/transaction/MoneyTransferDataService.class]
2024-03-29T02:44:56.848+02:00 DEBUG 41589 --- [           main] o.s.c.a.ClassPathBeanDefinitionScanner   : Identified candidate component class: URL [jar:file:/Users/rafa95/Dev/mpswift/mproc-swift-server/service/target/service-1.0-SNAPSHOT.jar!/com/ntros/mprocswift/service/card/CardDataService.class]
2024-03-29T02:44:56.849+02:00 DEBUG 41589 --- [           main] o.s.c.a.ClassPathBeanDefinitionScanner   : Identified candidate component class: URL [jar:file:/Users/rafa95/Dev/mpswift/mproc-swift-server/service/target/service-1.0-SNAPSHOT.jar!/com/ntros/mprocswift/service/payment/CardPaymentProcessingService.class]
2024-03-29T02:44:56.849+02:00 DEBUG 41589 --- [           main] o.s.c.a.ClassPathBeanDefinitionScanner   : Identified candidate component class: URL [jar:file:/Users/rafa95/Dev/mpswift/mproc-swift-server/service/target/service-1.0-SNAPSHOT.jar!/com/ntros/mprocswift/service/transfer/ExternalTransferService.class]
2024-03-29T02:44:56.849+02:00 DEBUG 41589 --- [           main] o.s.c.a.ClassPathBeanDefinitionScanner   : Identified candidate component class: URL [jar:file:/Users/rafa95/Dev/mpswift/mproc-swift-server/service/target/service-1.0-SNAPSHOT.jar!/com/ntros/mprocswift/service/transfer/InternalTransferService.class]
2024-03-29T02:44:56.850+02:00 DEBUG 41589 --- [           main] o.s.c.a.ClassPathBeanDefinitionScanner   : Identified candidate component class: URL [jar:file:/Users/rafa95/Dev/mpswift/mproc-swift-server/service/target/service-1.0-SNAPSHOT.jar!/com/ntros/mprocswift/service/transfer/WalletToWalletTransferService.class]
2024-03-29T02:44:56.851+02:00 DEBUG 41589 --- [           main] o.s.c.a.ClassPathBeanDefinitionScanner   : Ignored because not a concrete top-level class: URL [jar:file:/Users/rafa95/Dev/mpswift/mproc-swift-server/service/target/service-1.0-SNAPSHOT.jar!/com/ntros/mprocswift/service/transfer/AbstractTransferService.class]
2024-03-29T02:44:56.851+02:00 DEBUG 41589 --- [           main] o.s.c.a.ClassPathBeanDefinitionScanner   : Identified candidate component class: URL [jar:file:/Users/rafa95/Dev/mpswift/mproc-swift-server/service/target/service-1.0-SNAPSHOT.jar!/com/ntros/mprocswift/service/user/RoleDataService.class]
2024-03-29T02:44:56.851+02:00 DEBUG 41589 --- [           main] o.s.c.a.ClassPathBeanDefinitionScanner   : Identified candidate component class: URL [jar:file:/Users/rafa95/Dev/mpswift/mproc-swift-server/service/target/service-1.0-SNAPSHOT.jar!/com/ntros/mprocswift/service/user/UserDataService.class]
2024-03-29T02:44:56.852+02:00 DEBUG 41589 --- [           main] o.s.c.a.ClassPathBeanDefinitionScanner   : Identified candidate component class: URL [jar:file:/Users/rafa95/Dev/mpswift/mproc-swift-server/service/target/service-1.0-SNAPSHOT.jar!/com/ntros/mprocswift/service/user/AddressDataService.class]
2024-03-29T02:44:56.853+02:00 DEBUG 41589 --- [           main] o.s.c.a.ClassPathBeanDefinitionScanner   : Identified candidate component class: URL [jar:file:/Users/rafa95/Dev/mpswift/mproc-swift-server/service/target/service-1.0-SNAPSHOT.jar!/com/ntros/mprocswift/service/wallet/WalletDataService.class]
2024-03-29T02:44:56.853+02:00 DEBUG 41589 --- [           main] o.s.c.a.ClassPathBeanDefinitionScanner   : Identified candidate component class: URL [jar:file:/Users/rafa95/Dev/mpswift/mproc-swift-server/service/target/service-1.0-SNAPSHOT.jar!/com/ntros/mprocswift/service/account/AccountDataService.class]
2024-03-29T02:44:56.854+02:00 DEBUG 41589 --- [           main] o.s.c.a.ClassPathBeanDefinitionScanner   : Identified candidate component class: URL [jar:file:/Users/rafa95/Dev/mpswift/mproc-swift-server/service/target/service-1.0-SNAPSHOT.jar!/com/ntros/mprocswift/service/currency/CurrencyDataService.class]
2024-03-29T02:44:56.854+02:00 DEBUG 41589 --- [           main] o.s.c.a.ClassPathBeanDefinitionScanner   : Identified candidate component class: URL [jar:file:/Users/rafa95/Dev/mpswift/mproc-swift-server/service/target/service-1.0-SNAPSHOT.jar!/com/ntros/mprocswift/service/currency/CurrencyExchangeRateDataService.class]
2024-03-29T02:44:56.855+02:00 DEBUG 41589 --- [           main] o.s.c.a.ClassPathBeanDefinitionScanner   : Ignored because not a concrete top-level class: URL [jar:file:/Users/rafa95/Dev/mpswift/mproc-swift-server/persistence/target/persistence-1.0-SNAPSHOT.jar!/com/ntros/mprocswift/repository/transaction/TransactionRepository.class]
2024-03-29T02:44:56.857+02:00 DEBUG 41589 --- [           main] o.s.c.a.ClassPathBeanDefinitionScanner   : Ignored because not a concrete top-level class: URL [jar:file:/Users/rafa95/Dev/mpswift/mproc-swift-server/persistence/target/persistence-1.0-SNAPSHOT.jar!/com/ntros/mprocswift/repository/transaction/MoneyTransferRepository.class]
2024-03-29T02:44:56.857+02:00 DEBUG 41589 --- [           main] o.s.c.a.ClassPathBeanDefinitionScanner   : Ignored because not a concrete top-level class: URL [jar:file:/Users/rafa95/Dev/mpswift/mproc-swift-server/persistence/target/persistence-1.0-SNAPSHOT.jar!/com/ntros/mprocswift/repository/WalletRepository.class]
2024-03-29T02:44:56.858+02:00 DEBUG 41589 --- [           main] o.s.c.a.ClassPathBeanDefinitionScanner   : Ignored because not a concrete top-level class: URL [jar:file:/Users/rafa95/Dev/mpswift/mproc-swift-server/persistence/target/persistence-1.0-SNAPSHOT.jar!/com/ntros/mprocswift/repository/MerchantRepository.class]
2024-03-29T02:44:56.858+02:00 DEBUG 41589 --- [           main] o.s.c.a.ClassPathBeanDefinitionScanner   : Ignored because not a concrete top-level class: URL [jar:file:/Users/rafa95/Dev/mpswift/mproc-swift-server/persistence/target/persistence-1.0-SNAPSHOT.jar!/com/ntros/mprocswift/repository/CardRepository.class]
2024-03-29T02:44:56.858+02:00 DEBUG 41589 --- [           main] o.s.c.a.ClassPathBeanDefinitionScanner   : Ignored because not a concrete top-level class: URL [jar:file:/Users/rafa95/Dev/mpswift/mproc-swift-server/persistence/target/persistence-1.0-SNAPSHOT.jar!/com/ntros/mprocswift/repository/user/UserRepository.class]
2024-03-29T02:44:56.858+02:00 DEBUG 41589 --- [           main] o.s.c.a.ClassPathBeanDefinitionScanner   : Ignored because not a concrete top-level class: URL [jar:file:/Users/rafa95/Dev/mpswift/mproc-swift-server/persistence/target/persistence-1.0-SNAPSHOT.jar!/com/ntros/mprocswift/repository/user/AddressRepository.class]
2024-03-29T02:44:56.858+02:00 DEBUG 41589 --- [           main] o.s.c.a.ClassPathBeanDefinitionScanner   : Ignored because not a concrete top-level class: URL [jar:file:/Users/rafa95/Dev/mpswift/mproc-swift-server/persistence/target/persistence-1.0-SNAPSHOT.jar!/com/ntros/mprocswift/repository/user/RoleRepository.class]
2024-03-29T02:44:56.858+02:00 DEBUG 41589 --- [           main] o.s.c.a.ClassPathBeanDefinitionScanner   : Ignored because not a concrete top-level class: URL [jar:file:/Users/rafa95/Dev/mpswift/mproc-swift-server/persistence/target/persistence-1.0-SNAPSHOT.jar!/com/ntros/mprocswift/repository/account/AccountDetailsRepository.class]
2024-03-29T02:44:56.858+02:00 DEBUG 41589 --- [           main] o.s.c.a.ClassPathBeanDefinitionScanner   : Ignored because not a concrete top-level class: URL [jar:file:/Users/rafa95/Dev/mpswift/mproc-swift-server/persistence/target/persistence-1.0-SNAPSHOT.jar!/com/ntros/mprocswift/repository/account/AccountRepository.class]
2024-03-29T02:44:56.859+02:00 DEBUG 41589 --- [           main] o.s.c.a.ClassPathBeanDefinitionScanner   : Ignored because not a concrete top-level class: URL [jar:file:/Users/rafa95/Dev/mpswift/mproc-swift-server/persistence/target/persistence-1.0-SNAPSHOT.jar!/com/ntros/mprocswift/repository/currency/CurrencyRepository.class]
2024-03-29T02:44:56.859+02:00 DEBUG 41589 --- [           main] o.s.c.a.ClassPathBeanDefinitionScanner   : Ignored because not a concrete top-level class: URL [jar:file:/Users/rafa95/Dev/mpswift/mproc-swift-server/persistence/target/persistence-1.0-SNAPSHOT.jar!/com/ntros/mprocswift/repository/currency/CurrencyExchangeRateRepository.class]
2024-03-29T02:44:57.057+02:00 DEBUG 41589 --- [           main] o.s.b.f.s.DefaultListableBeanFactory     : Overriding bean definition for bean 'taskExecutor' with a different definition: replacing [Root bean: class [null]; scope=; abstract=false; lazyInit=null; autowireMode=3; dependencyCheck=0; autowireCandidate=true; primary=false; factoryBeanName=appConfig; factoryMethodName=taskExecutor; initMethodNames=null; destroyMethodNames=[(inferred)]; defined in class path resource [com/ntros/mprocswift/config/AppConfig.class]] with [Root bean: class [null]; scope=; abstract=false; lazyInit=null; autowireMode=3; dependencyCheck=0; autowireCandidate=true; primary=false; factoryBeanName=asyncConfig; factoryMethodName=getAsyncExecutor; initMethodNames=null; destroyMethodNames=[(inferred)]; defined in class path resource [com/ntros/mprocswift/config/AsyncConfig.class]]
2024-03-29T02:44:57.148+02:00  INFO 41589 --- [           main] .s.d.r.c.RepositoryConfigurationDelegate : Bootstrapping Spring Data JPA repositories in DEFAULT mode.
2024-03-29T02:44:57.151+02:00 DEBUG 41589 --- [           main] o.s.b.f.s.DefaultListableBeanFactory     : Creating shared instance of singleton bean 'org.springframework.boot.autoconfigure.AutoConfigurationPackages'
2024-03-29T02:44:57.154+02:00 DEBUG 41589 --- [           main] o.s.b.a.AutoConfigurationPackages        : @EnableAutoConfiguration was declared on a class in the package 'com.ntros.mprocswift'. Automatic @Repository and @Entity scanning is enabled.
2024-03-29T02:44:57.154+02:00 DEBUG 41589 --- [           main] .s.d.r.c.RepositoryConfigurationDelegate : Scanning for JPA repositories in packages com.ntros.mprocswift.
2024-03-29T02:44:57.162+02:00 DEBUG 41589 --- [           main] o.s.d.r.c.RepositoryComponentProvider    : Identified candidate component class: URL [jar:file:/Users/rafa95/Dev/mpswift/mproc-swift-server/persistence/target/persistence-1.0-SNAPSHOT.jar!/com/ntros/mprocswift/repository/transaction/TransactionRepository.class]
2024-03-29T02:44:57.162+02:00 DEBUG 41589 --- [           main] o.s.d.r.c.RepositoryComponentProvider    : Identified candidate component class: URL [jar:file:/Users/rafa95/Dev/mpswift/mproc-swift-server/persistence/target/persistence-1.0-SNAPSHOT.jar!/com/ntros/mprocswift/repository/transaction/MoneyTransferRepository.class]
2024-03-29T02:44:57.162+02:00 DEBUG 41589 --- [           main] o.s.d.r.c.RepositoryComponentProvider    : Identified candidate component class: URL [jar:file:/Users/rafa95/Dev/mpswift/mproc-swift-server/persistence/target/persistence-1.0-SNAPSHOT.jar!/com/ntros/mprocswift/repository/WalletRepository.class]
2024-03-29T02:44:57.162+02:00 DEBUG 41589 --- [           main] o.s.d.r.c.RepositoryComponentProvider    : Identified candidate component class: URL [jar:file:/Users/rafa95/Dev/mpswift/mproc-swift-server/persistence/target/persistence-1.0-SNAPSHOT.jar!/com/ntros/mprocswift/repository/MerchantRepository.class]
2024-03-29T02:44:57.163+02:00 DEBUG 41589 --- [           main] o.s.d.r.c.RepositoryComponentProvider    : Identified candidate component class: URL [jar:file:/Users/rafa95/Dev/mpswift/mproc-swift-server/persistence/target/persistence-1.0-SNAPSHOT.jar!/com/ntros/mprocswift/repository/CardRepository.class]
2024-03-29T02:44:57.163+02:00 DEBUG 41589 --- [           main] o.s.d.r.c.RepositoryComponentProvider    : Identified candidate component class: URL [jar:file:/Users/rafa95/Dev/mpswift/mproc-swift-server/persistence/target/persistence-1.0-SNAPSHOT.jar!/com/ntros/mprocswift/repository/user/UserRepository.class]
2024-03-29T02:44:57.163+02:00 DEBUG 41589 --- [           main] o.s.d.r.c.RepositoryComponentProvider    : Identified candidate component class: URL [jar:file:/Users/rafa95/Dev/mpswift/mproc-swift-server/persistence/target/persistence-1.0-SNAPSHOT.jar!/com/ntros/mprocswift/repository/user/AddressRepository.class]
2024-03-29T02:44:57.163+02:00 DEBUG 41589 --- [           main] o.s.d.r.c.RepositoryComponentProvider    : Identified candidate component class: URL [jar:file:/Users/rafa95/Dev/mpswift/mproc-swift-server/persistence/target/persistence-1.0-SNAPSHOT.jar!/com/ntros/mprocswift/repository/user/RoleRepository.class]
2024-03-29T02:44:57.163+02:00 DEBUG 41589 --- [           main] o.s.d.r.c.RepositoryComponentProvider    : Identified candidate component class: URL [jar:file:/Users/rafa95/Dev/mpswift/mproc-swift-server/persistence/target/persistence-1.0-SNAPSHOT.jar!/com/ntros/mprocswift/repository/account/AccountDetailsRepository.class]
2024-03-29T02:44:57.163+02:00 DEBUG 41589 --- [           main] o.s.d.r.c.RepositoryComponentProvider    : Identified candidate component class: URL [jar:file:/Users/rafa95/Dev/mpswift/mproc-swift-server/persistence/target/persistence-1.0-SNAPSHOT.jar!/com/ntros/mprocswift/repository/account/AccountRepository.class]
2024-03-29T02:44:57.163+02:00 DEBUG 41589 --- [           main] o.s.d.r.c.RepositoryComponentProvider    : Identified candidate component class: URL [jar:file:/Users/rafa95/Dev/mpswift/mproc-swift-server/persistence/target/persistence-1.0-SNAPSHOT.jar!/com/ntros/mprocswift/repository/currency/CurrencyRepository.class]
2024-03-29T02:44:57.163+02:00 DEBUG 41589 --- [           main] o.s.d.r.c.RepositoryComponentProvider    : Identified candidate component class: URL [jar:file:/Users/rafa95/Dev/mpswift/mproc-swift-server/persistence/target/persistence-1.0-SNAPSHOT.jar!/com/ntros/mprocswift/repository/currency/CurrencyExchangeRateRepository.class]
2024-03-29T02:44:57.234+02:00  INFO 41589 --- [           main] .s.d.r.c.RepositoryConfigurationDelegate : Finished Spring Data repository scanning in 79 ms. Found 12 JPA repository interfaces.
2024-03-29T02:44:57.339+02:00 DEBUG 41589 --- [           main] o.s.b.f.s.DefaultListableBeanFactory     : Creating shared instance of singleton bean 'propertySourcesPlaceholderConfigurer'
2024-03-29T02:44:57.341+02:00 DEBUG 41589 --- [           main] o.s.b.f.s.DefaultListableBeanFactory     : Creating shared instance of singleton bean 'org.springframework.boot.test.mock.mockito.MockitoPostProcessor'
2024-03-29T02:44:57.342+02:00 DEBUG 41589 --- [           main] o.s.b.f.s.DefaultListableBeanFactory     : Creating shared instance of singleton bean 'emBeanDefinitionRegistrarPostProcessor'
2024-03-29T02:44:57.342+02:00 DEBUG 41589 --- [           main] o.s.b.f.s.DefaultListableBeanFactory     : Creating shared instance of singleton bean 'org.springframework.boot.sql.init.dependency.DatabaseInitializationDependencyConfigurer$DependsOnDatabaseInitializationPostProcessor'
2024-03-29T02:44:57.367+02:00 DEBUG 41589 --- [           main] o.s.b.f.s.DefaultListableBeanFactory     : Creating shared instance of singleton bean 'org.springframework.context.event.internalEventListenerProcessor'
2024-03-29T02:44:57.368+02:00 DEBUG 41589 --- [           main] o.s.b.f.s.DefaultListableBeanFactory     : Creating shared instance of singleton bean 'preserveErrorControllerTargetClassPostProcessor'
2024-03-29T02:44:57.369+02:00 DEBUG 41589 --- [           main] o.s.b.f.s.DefaultListableBeanFactory     : Creating shared instance of singleton bean 'org.springframework.context.event.internalEventListenerFactory'
2024-03-29T02:44:57.369+02:00 DEBUG 41589 --- [           main] o.s.b.f.s.DefaultListableBeanFactory     : Creating shared instance of singleton bean 'org.springframework.transaction.config.internalTransactionalEventListenerFactory'
2024-03-29T02:44:57.371+02:00 DEBUG 41589 --- [           main] o.s.b.f.s.DefaultListableBeanFactory     : Creating shared instance of singleton bean 'org.springframework.boot.test.mock.mockito.MockitoPostProcessor$SpyPostProcessor'
2024-03-29T02:44:57.371+02:00 DEBUG 41589 --- [           main] o.s.b.f.s.DefaultListableBeanFactory     : Creating shared instance of singleton bean 'org.springframework.context.annotation.internalAutowiredAnnotationProcessor'
2024-03-29T02:44:57.372+02:00 DEBUG 41589 --- [           main] o.s.b.f.s.DefaultListableBeanFactory     : Creating shared instance of singleton bean 'org.springframework.context.annotation.internalCommonAnnotationProcessor'
2024-03-29T02:44:57.373+02:00 DEBUG 41589 --- [           main] o.s.b.f.s.DefaultListableBeanFactory     : Creating shared instance of singleton bean 'org.springframework.context.annotation.internalPersistenceAnnotationProcessor'
2024-03-29T02:44:57.374+02:00 DEBUG 41589 --- [           main] o.s.b.f.s.DefaultListableBeanFactory     : Creating shared instance of singleton bean 'org.springframework.boot.context.properties.ConfigurationPropertiesBindingPostProcessor'
2024-03-29T02:44:57.374+02:00 DEBUG 41589 --- [           main] o.s.b.f.s.DefaultListableBeanFactory     : Creating shared instance of singleton bean 'org.springframework.boot.context.internalConfigurationPropertiesBinder'
2024-03-29T02:44:57.375+02:00 DEBUG 41589 --- [           main] o.s.b.f.s.DefaultListableBeanFactory     : Creating shared instance of singleton bean 'jdbcConnectionDetailsHikariBeanPostProcessor'
2024-03-29T02:44:57.376+02:00 DEBUG 41589 --- [           main] o.s.b.f.s.DefaultListableBeanFactory     : Creating shared instance of singleton bean 'org.springframework.context.annotation.internalAsyncAnnotationProcessor'
2024-03-29T02:44:57.377+02:00 DEBUG 41589 --- [           main] o.s.b.f.s.DefaultListableBeanFactory     : Creating shared instance of singleton bean 'org.springframework.scheduling.annotation.ProxyAsyncConfiguration'
2024-03-29T02:44:57.390+02:00 DEBUG 41589 --- [           main] o.s.b.f.s.DefaultListableBeanFactory     : Creating shared instance of singleton bean 'methodValidationPostProcessor'
2024-03-29T02:44:57.400+02:00 DEBUG 41589 --- [           main] o.s.b.f.s.DefaultListableBeanFactory     : Autowiring by type from bean name 'methodValidationPostProcessor' via factory method to bean named 'environment'
2024-03-29T02:44:57.402+02:00 DEBUG 41589 --- [           main] o.s.b.f.s.DefaultListableBeanFactory     : Creating shared instance of singleton bean 'org.springframework.boot.context.properties.EnableConfigurationPropertiesRegistrar.methodValidationExcludeFilter'
2024-03-29T02:44:57.406+02:00 DEBUG 41589 --- [           main] o.s.b.f.s.DefaultListableBeanFactory     : Creating shared instance of singleton bean 'org.springframework.aop.config.internalAutoProxyCreator'
2024-03-29T02:44:57.413+02:00 DEBUG 41589 --- [           main] o.s.b.f.s.DefaultListableBeanFactory     : Creating shared instance of singleton bean 'persistenceExceptionTranslationPostProcessor'
2024-03-29T02:44:57.414+02:00 DEBUG 41589 --- [           main] o.s.b.f.s.DefaultListableBeanFactory     : Autowiring by type from bean name 'persistenceExceptionTranslationPostProcessor' via factory method to bean named 'environment'
2024-03-29T02:44:57.415+02:00 DEBUG 41589 --- [           main] o.s.b.f.s.DefaultListableBeanFactory     : Creating shared instance of singleton bean 'webServerFactoryCustomizerBeanPostProcessor'
2024-03-29T02:44:57.415+02:00 DEBUG 41589 --- [           main] o.s.b.f.s.DefaultListableBeanFactory     : Creating shared instance of singleton bean 'errorPageRegistrarBeanPostProcessor'
2024-03-29T02:44:57.415+02:00 DEBUG 41589 --- [           main] o.s.b.f.s.DefaultListableBeanFactory     : Creating shared instance of singleton bean 'projectingArgumentResolverBeanPostProcessor'
2024-03-29T02:44:57.416+02:00 DEBUG 41589 --- [           main] o.s.b.f.s.DefaultListableBeanFactory     : Creating shared instance of singleton bean 'org.springframework.transaction.config.internalTransactionAdvisor'
2024-03-29T02:44:57.416+02:00 DEBUG 41589 --- [           main] o.s.b.f.s.DefaultListableBeanFactory     : Creating shared instance of singleton bean 'org.springframework.transaction.annotation.ProxyTransactionManagementConfiguration'
2024-03-29T02:44:57.421+02:00 DEBUG 41589 --- [           main] o.s.b.f.s.DefaultListableBeanFactory     : Creating shared instance of singleton bean 'transactionAttributeSource'
2024-03-29T02:44:57.423+02:00 DEBUG 41589 --- [           main] o.s.b.f.s.DefaultListableBeanFactory     : Creating shared instance of singleton bean 'transactionInterceptor'
2024-03-29T02:44:57.423+02:00 DEBUG 41589 --- [           main] o.s.b.f.s.DefaultListableBeanFactory     : Autowiring by type from bean name 'transactionInterceptor' via factory method to bean named 'transactionAttributeSource'
2024-03-29T02:44:57.425+02:00 DEBUG 41589 --- [           main] o.s.b.f.s.DefaultListableBeanFactory     : Autowiring by type from bean name 'org.springframework.transaction.config.internalTransactionAdvisor' via factory method to bean named 'transactionAttributeSource'
2024-03-29T02:44:57.425+02:00 DEBUG 41589 --- [           main] o.s.b.f.s.DefaultListableBeanFactory     : Autowiring by type from bean name 'org.springframework.transaction.config.internalTransactionAdvisor' via factory method to bean named 'transactionInterceptor'
2024-03-29T02:44:57.435+02:00 DEBUG 41589 --- [           main] o.s.u.c.s.UiApplicationContextUtils      : Unable to locate ThemeSource with name 'themeSource': using default [org.springframework.ui.context.support.ResourceBundleThemeSource@44592c39]
2024-03-29T02:44:57.436+02:00 DEBUG 41589 --- [           main] o.s.b.f.s.DefaultListableBeanFactory     : Creating shared instance of singleton bean 'dataSourceScriptDatabaseInitializer'
2024-03-29T02:44:57.436+02:00 DEBUG 41589 --- [           main] o.s.b.f.s.DefaultListableBeanFactory     : Creating shared instance of singleton bean 'org.springframework.boot.autoconfigure.sql.init.DataSourceInitializationConfiguration'
2024-03-29T02:44:57.437+02:00 DEBUG 41589 --- [           main] o.s.b.f.s.DefaultListableBeanFactory     : Creating shared instance of singleton bean 'dataSource'
2024-03-29T02:44:57.437+02:00 DEBUG 41589 --- [           main] o.s.b.f.s.DefaultListableBeanFactory     : Creating shared instance of singleton bean 'org.springframework.boot.autoconfigure.jdbc.DataSourceConfiguration$Hikari'
2024-03-29T02:44:57.437+02:00 DEBUG 41589 --- [           main] o.s.b.f.s.DefaultListableBeanFactory     : Creating shared instance of singleton bean 'spring.datasource-org.springframework.boot.autoconfigure.jdbc.DataSourceProperties'
2024-03-29T02:44:57.438+02:00 DEBUG 41589 --- [           main] o.s.b.f.s.DefaultListableBeanFactory     : Creating shared instance of singleton bean 'org.springframework.boot.context.properties.BoundConfigurationProperties'
2024-03-29T02:44:57.446+02:00 DEBUG 41589 --- [           main] o.s.b.f.s.DefaultListableBeanFactory     : Creating shared instance of singleton bean 'jdbcConnectionDetails'
2024-03-29T02:44:57.446+02:00 DEBUG 41589 --- [           main] o.s.b.f.s.DefaultListableBeanFactory     : Creating shared instance of singleton bean 'org.springframework.boot.autoconfigure.jdbc.DataSourceAutoConfiguration$PooledDataSourceConfiguration'
2024-03-29T02:44:57.446+02:00 DEBUG 41589 --- [           main] o.s.b.f.s.DefaultListableBeanFactory     : Autowiring by type from bean name 'jdbcConnectionDetails' via factory method to bean named 'spring.datasource-org.springframework.boot.autoconfigure.jdbc.DataSourceProperties'
2024-03-29T02:44:57.447+02:00 DEBUG 41589 --- [           main] o.s.b.f.s.DefaultListableBeanFactory     : Autowiring by type from bean name 'dataSource' via factory method to bean named 'spring.datasource-org.springframework.boot.autoconfigure.jdbc.DataSourceProperties'
2024-03-29T02:44:57.447+02:00 DEBUG 41589 --- [           main] o.s.b.f.s.DefaultListableBeanFactory     : Autowiring by type from bean name 'dataSource' via factory method to bean named 'jdbcConnectionDetails'
2024-03-29T02:44:57.461+02:00 DEBUG 41589 --- [           main] o.s.b.f.s.DefaultListableBeanFactory     : Creating shared instance of singleton bean 'spring.sql.init-org.springframework.boot.autoconfigure.sql.init.SqlInitializationProperties'
2024-03-29T02:44:57.463+02:00 DEBUG 41589 --- [           main] o.s.b.f.s.DefaultListableBeanFactory     : Autowiring by type from bean name 'dataSourceScriptDatabaseInitializer' via factory method to bean named 'dataSource'
2024-03-29T02:44:57.463+02:00 DEBUG 41589 --- [           main] o.s.b.f.s.DefaultListableBeanFactory     : Autowiring by type from bean name 'dataSourceScriptDatabaseInitializer' via factory method to bean named 'spring.sql.init-org.springframework.boot.autoconfigure.sql.init.SqlInitializationProperties'
2024-03-29T02:44:57.466+02:00 DEBUG 41589 --- [           main] o.s.b.f.s.DefaultListableBeanFactory     : Creating shared instance of singleton bean 'entityManagerFactory'
2024-03-29T02:44:57.467+02:00 DEBUG 41589 --- [           main] o.s.b.f.s.DefaultListableBeanFactory     : Creating shared instance of singleton bean 'org.springframework.boot.autoconfigure.orm.jpa.HibernateJpaConfiguration'
2024-03-29T02:44:57.467+02:00 DEBUG 41589 --- [           main] o.s.b.f.s.DefaultListableBeanFactory     : Creating shared instance of singleton bean 'spring.jpa-org.springframework.boot.autoconfigure.orm.jpa.JpaProperties'
2024-03-29T02:44:57.469+02:00 DEBUG 41589 --- [           main] o.s.b.f.s.DefaultListableBeanFactory     : Creating shared instance of singleton bean 'spring.jpa.hibernate-org.springframework.boot.autoconfigure.orm.jpa.HibernateProperties'
2024-03-29T02:44:57.470+02:00 DEBUG 41589 --- [           main] o.s.b.f.s.DefaultListableBeanFactory     : Autowiring by type from bean name 'org.springframework.boot.autoconfigure.orm.jpa.HibernateJpaConfiguration' via constructor to bean named 'dataSource'
2024-03-29T02:44:57.470+02:00 DEBUG 41589 --- [           main] o.s.b.f.s.DefaultListableBeanFactory     : Autowiring by type from bean name 'org.springframework.boot.autoconfigure.orm.jpa.HibernateJpaConfiguration' via constructor to bean named 'spring.jpa-org.springframework.boot.autoconfigure.orm.jpa.JpaProperties'
2024-03-29T02:44:57.470+02:00 DEBUG 41589 --- [           main] o.s.b.f.s.DefaultListableBeanFactory     : Autowiring by type from bean name 'org.springframework.boot.autoconfigure.orm.jpa.HibernateJpaConfiguration' via constructor to bean named 'org.springframework.beans.factory.support.DefaultListableBeanFactory@30feffc'
2024-03-29T02:44:57.470+02:00 DEBUG 41589 --- [           main] o.s.b.f.s.DefaultListableBeanFactory     : Autowiring by type from bean name 'org.springframework.boot.autoconfigure.orm.jpa.HibernateJpaConfiguration' via constructor to bean named 'spring.jpa.hibernate-org.springframework.boot.autoconfigure.orm.jpa.HibernateProperties'
2024-03-29T02:44:57.471+02:00 DEBUG 41589 --- [           main] o.s.b.f.s.DefaultListableBeanFactory     : Creating shared instance of singleton bean 'hikariPoolDataSourceMetadataProvider'
2024-03-29T02:44:57.471+02:00 DEBUG 41589 --- [           main] o.s.b.f.s.DefaultListableBeanFactory     : Creating shared instance of singleton bean 'org.springframework.boot.autoconfigure.jdbc.metadata.DataSourcePoolMetadataProvidersConfiguration$HikariPoolDataSourceMetadataProviderConfiguration'
2024-03-29T02:44:57.474+02:00 DEBUG 41589 --- [           main] o.s.b.f.s.DefaultListableBeanFactory     : Creating shared instance of singleton bean 'entityManagerFactoryBuilder'
2024-03-29T02:44:57.475+02:00 DEBUG 41589 --- [           main] o.s.b.f.s.DefaultListableBeanFactory     : Creating shared instance of singleton bean 'jpaVendorAdapter'
2024-03-29T02:44:57.481+02:00 DEBUG 41589 --- [           main] o.s.b.f.s.DefaultListableBeanFactory     : Autowiring by type from bean name 'entityManagerFactoryBuilder' via factory method to bean named 'jpaVendorAdapter'
2024-03-29T02:44:57.484+02:00 DEBUG 41589 --- [           main] o.s.b.f.s.DefaultListableBeanFactory     : Creating shared instance of singleton bean 'persistenceManagedTypes'
2024-03-29T02:44:57.484+02:00 DEBUG 41589 --- [           main] o.s.b.f.s.DefaultListableBeanFactory     : Autowiring by type from bean name 'persistenceManagedTypes' via factory method to bean named 'org.springframework.beans.factory.support.DefaultListableBeanFactory@30feffc'
2024-03-29T02:44:57.484+02:00 DEBUG 41589 --- [           main] o.s.b.f.s.DefaultListableBeanFactory     : Autowiring by type from bean name 'persistenceManagedTypes' via factory method to bean named 'org.springframework.web.context.support.GenericWebApplicationContext@22175d4f'
2024-03-29T02:44:57.489+02:00 DEBUG 41589 --- [           main] o.s.b.f.s.DefaultListableBeanFactory     : Autowiring by type from bean name 'entityManagerFactory' via factory method to bean named 'entityManagerFactoryBuilder'
2024-03-29T02:44:57.489+02:00 DEBUG 41589 --- [           main] o.s.b.f.s.DefaultListableBeanFactory     : Autowiring by type from bean name 'entityManagerFactory' via factory method to bean named 'persistenceManagedTypes'
2024-03-29T02:44:57.498+02:00 DEBUG 41589 --- [           main] j.LocalContainerEntityManagerFactoryBean : Building JPA container EntityManagerFactory for persistence unit 'default'
2024-03-29T02:44:57.510+02:00  INFO 41589 --- [           main] o.hibernate.jpa.internal.util.LogHelper  : HHH000204: Processing PersistenceUnitInfo [name: default]
2024-03-29T02:44:57.539+02:00  INFO 41589 --- [           main] org.hibernate.Version                    : HHH000412: Hibernate ORM core version 6.4.1.Final
2024-03-29T02:44:57.566+02:00  INFO 41589 --- [           main] o.h.c.internal.RegionFactoryInitiator    : HHH000026: Second-level cache disabled
2024-03-29T02:44:57.681+02:00  INFO 41589 --- [           main] o.s.o.j.p.SpringPersistenceUnitInfo      : No LoadTimeWeaver setup: ignoring JPA class transformer
2024-03-29T02:44:57.696+02:00  INFO 41589 --- [           main] com.zaxxer.hikari.HikariDataSource       : HikariPool-1 - Starting...
2024-03-29T02:44:57.916+02:00  INFO 41589 --- [           main] com.zaxxer.hikari.pool.PoolBase          : HikariPool-1 - Driver does not support get/set network timeout for connections. (feature not supported)
2024-03-29T02:44:57.916+02:00  INFO 41589 --- [           main] com.zaxxer.hikari.pool.HikariPool        : HikariPool-1 - Added connection org.hsqldb.jdbc.JDBCConnection@16a09809
2024-03-29T02:44:57.917+02:00  INFO 41589 --- [           main] com.zaxxer.hikari.HikariDataSource       : HikariPool-1 - Start completed.
2024-03-29T02:44:58.462+02:00  INFO 41589 --- [           main] o.h.e.t.j.p.i.JtaPlatformInitiator       : HHH000489: No JTA platform available (set 'hibernate.transaction.jta.platform' to enable JTA platform integration)
2024-03-29T02:44:58.513+02:00  INFO 41589 --- [           main] j.LocalContainerEntityManagerFactoryBean : Initialized JPA EntityManagerFactory for persistence unit 'default'
2024-03-29T02:44:58.516+02:00 DEBUG 41589 --- [           main] o.s.b.f.s.DefaultListableBeanFactory     : Creating shared instance of singleton bean 'moneyProcessorSwiftServerApplication'
2024-03-29T02:44:58.517+02:00 DEBUG 41589 --- [           main] o.s.b.f.s.DefaultListableBeanFactory     : Creating shared instance of singleton bean 'appConfig'
2024-03-29T02:44:58.518+02:00 DEBUG 41589 --- [           main] o.s.b.f.s.DefaultListableBeanFactory     : Creating shared instance of singleton bean 'asyncConfig'
2024-03-29T02:44:58.518+02:00 DEBUG 41589 --- [           main] o.s.b.f.s.DefaultListableBeanFactory     : Creating shared instance of singleton bean 'globalExceptionHandler'
2024-03-29T02:44:58.521+02:00 DEBUG 41589 --- [           main] o.s.b.f.s.DefaultListableBeanFactory     : Creating shared instance of singleton bean 'registrationController'
2024-03-29T02:44:58.522+02:00 DEBUG 41589 --- [           main] o.s.b.f.s.DefaultListableBeanFactory     : Creating shared instance of singleton bean 'userDataService'
2024-03-29T02:44:58.523+02:00 DEBUG 41589 --- [           main] o.s.b.f.s.DefaultListableBeanFactory     : Creating shared instance of singleton bean 'userRepository'
2024-03-29T02:44:58.527+02:00 DEBUG 41589 --- [           main] o.s.b.f.s.DefaultListableBeanFactory     : Creating shared instance of singleton bean 'jpa.named-queries#1'
2024-03-29T02:44:58.529+02:00 DEBUG 41589 --- [           main] o.s.b.f.s.DefaultListableBeanFactory     : Creating shared instance of singleton bean 'jpa.UserRepository.fragments#0'
2024-03-29T02:44:58.531+02:00 DEBUG 41589 --- [           main] o.s.b.f.s.DefaultListableBeanFactory     : Creating shared instance of singleton bean 'jpaSharedEM_entityManagerFactory'
2024-03-29T02:44:58.546+02:00 DEBUG 41589 --- [           main] o.s.b.f.s.DefaultListableBeanFactory     : Creating shared instance of singleton bean 'jpaMappingContext'
2024-03-29T02:44:58.547+02:00 DEBUG 41589 --- [           main] .c.JpaMetamodelMappingContextFactoryBean : Initializing JpaMetamodelMappingContext…
2024-03-29T02:44:58.554+02:00 DEBUG 41589 --- [           main] .c.JpaMetamodelMappingContextFactoryBean : Finished initializing JpaMetamodelMappingContext
2024-03-29T02:44:58.567+02:00 DEBUG 41589 --- [           main] tor$SharedEntityManagerInvocationHandler : Creating new EntityManager for shared EntityManager invocation
2024-03-29T02:44:58.585+02:00 DEBUG 41589 --- [           main] tor$SharedEntityManagerInvocationHandler : Creating new EntityManager for shared EntityManager invocation
2024-03-29T02:44:58.602+02:00 DEBUG 41589 --- [           main] o.s.d.r.c.s.RepositoryFactorySupport     : Initializing repository instance for com.ntros.mprocswift.repository.user.UserRepository…
2024-03-29T02:44:58.610+02:00 DEBUG 41589 --- [           main] tor$SharedEntityManagerInvocationHandler : Creating new EntityManager for shared EntityManager invocation
2024-03-29T02:44:58.647+02:00  INFO 41589 --- [           main] o.s.d.j.r.query.QueryEnhancerFactory     : Hibernate is in classpath; If applicable, HQL parser will be used.
2024-03-29T02:44:58.761+02:00 DEBUG 41589 --- [           main] o.s.d.jpa.repository.query.NamedQuery    : Did not find named query User.findByUsername.count
2024-03-29T02:44:58.762+02:00 DEBUG 41589 --- [           main] tor$SharedEntityManagerInvocationHandler : Creating new EntityManager for shared EntityManager invocation
2024-03-29T02:44:58.892+02:00 DEBUG 41589 --- [           main] o.s.d.r.c.s.RepositoryFactorySupport     : Finished creation of repository instance for com.ntros.mprocswift.repository.user.UserRepository.
2024-03-29T02:44:58.896+02:00 DEBUG 41589 --- [           main] o.s.b.f.s.DefaultListableBeanFactory     : Creating shared instance of singleton bean 'addressDataService'
2024-03-29T02:44:58.896+02:00 DEBUG 41589 --- [           main] o.s.b.f.s.DefaultListableBeanFactory     : Creating shared instance of singleton bean 'addressRepository'
2024-03-29T02:44:58.897+02:00 DEBUG 41589 --- [           main] o.s.b.f.s.DefaultListableBeanFactory     : Creating shared instance of singleton bean 'jpa.named-queries#6'
2024-03-29T02:44:58.897+02:00 DEBUG 41589 --- [           main] o.s.b.f.s.DefaultListableBeanFactory     : Creating shared instance of singleton bean 'jpa.AddressRepository.fragments#0'
2024-03-29T02:44:58.898+02:00 DEBUG 41589 --- [           main] tor$SharedEntityManagerInvocationHandler : Creating new EntityManager for shared EntityManager invocation
2024-03-29T02:44:58.899+02:00 DEBUG 41589 --- [           main] o.s.d.r.c.s.RepositoryFactorySupport     : Initializing repository instance for com.ntros.mprocswift.repository.user.AddressRepository…
2024-03-29T02:44:58.900+02:00 DEBUG 41589 --- [           main] tor$SharedEntityManagerInvocationHandler : Creating new EntityManager for shared EntityManager invocation
2024-03-29T02:44:58.906+02:00 DEBUG 41589 --- [           main] o.s.d.r.c.s.RepositoryFactorySupport     : Finished creation of repository instance for com.ntros.mprocswift.repository.user.AddressRepository.
2024-03-29T02:44:58.907+02:00 DEBUG 41589 --- [           main] o.s.b.f.s.DefaultListableBeanFactory     : Autowiring by type from bean name 'addressDataService' via constructor to bean named 'addressRepository'
2024-03-29T02:44:58.907+02:00 DEBUG 41589 --- [           main] o.s.b.f.s.DefaultListableBeanFactory     : Autowiring by type from bean name 'userDataService' via constructor to bean named 'userRepository'
2024-03-29T02:44:58.907+02:00 DEBUG 41589 --- [           main] o.s.b.f.s.DefaultListableBeanFactory     : Autowiring by type from bean name 'userDataService' via constructor to bean named 'addressDataService'
2024-03-29T02:44:58.918+02:00 DEBUG 41589 --- [           main] o.s.b.f.s.DefaultListableBeanFactory     : Autowiring by type from bean name 'registrationController' via constructor to bean named 'userDataService'
2024-03-29T02:44:58.920+02:00 DEBUG 41589 --- [           main] o.s.b.f.s.DefaultListableBeanFactory     : Creating shared instance of singleton bean 'taskExecutor'
2024-03-29T02:44:58.921+02:00 DEBUG 41589 --- [           main] o.s.s.concurrent.ThreadPoolTaskExecutor  : Initializing ExecutorService
2024-03-29T02:44:58.921+02:00 DEBUG 41589 --- [           main] o.s.s.concurrent.ThreadPoolTaskExecutor  : Initializing ExecutorService 'taskExecutor'
2024-03-29T02:44:58.923+02:00 DEBUG 41589 --- [           main] o.s.b.f.s.DefaultListableBeanFactory     : Creating shared instance of singleton bean 'accountController'
2024-03-29T02:44:58.925+02:00 DEBUG 41589 --- [           main] o.s.b.f.s.DefaultListableBeanFactory     : Creating shared instance of singleton bean 'accountDataService'
2024-03-29T02:44:58.925+02:00 DEBUG 41589 --- [           main] o.s.b.f.s.DefaultListableBeanFactory     : Creating shared instance of singleton bean 'accountRepository'
2024-03-29T02:44:58.926+02:00 DEBUG 41589 --- [           main] o.s.b.f.s.DefaultListableBeanFactory     : Creating shared instance of singleton bean 'jpa.named-queries#11'
2024-03-29T02:44:58.926+02:00 DEBUG 41589 --- [           main] o.s.b.f.s.DefaultListableBeanFactory     : Creating shared instance of singleton bean 'jpa.AccountRepository.fragments#0'
2024-03-29T02:44:58.927+02:00 DEBUG 41589 --- [           main] tor$SharedEntityManagerInvocationHandler : Creating new EntityManager for shared EntityManager invocation
2024-03-29T02:44:58.934+02:00 DEBUG 41589 --- [           main] o.s.d.r.c.s.RepositoryFactorySupport     : Initializing repository instance for com.ntros.mprocswift.repository.account.AccountRepository…
2024-03-29T02:44:58.935+02:00 DEBUG 41589 --- [           main] tor$SharedEntityManagerInvocationHandler : Creating new EntityManager for shared EntityManager invocation
2024-03-29T02:44:58.942+02:00 DEBUG 41589 --- [           main] o.s.d.jpa.repository.query.NamedQuery    : Did not find named query Account.findAllByWalletCount.count
2024-03-29T02:44:58.943+02:00 DEBUG 41589 --- [           main] tor$SharedEntityManagerInvocationHandler : Creating new EntityManager for shared EntityManager invocation
2024-03-29T02:44:58.944+02:00 DEBUG 41589 --- [           main] o.s.d.jpa.repository.query.NamedQuery    : Did not find named query Account.findByAccountNumber.count
2024-03-29T02:44:58.944+02:00 DEBUG 41589 --- [           main] tor$SharedEntityManagerInvocationHandler : Creating new EntityManager for shared EntityManager invocation
2024-03-29T02:44:58.946+02:00 DEBUG 41589 --- [           main] o.s.d.r.c.s.RepositoryFactorySupport     : Finished creation of repository instance for com.ntros.mprocswift.repository.account.AccountRepository.
2024-03-29T02:44:58.947+02:00 DEBUG 41589 --- [           main] o.s.b.f.s.DefaultListableBeanFactory     : Creating shared instance of singleton bean 'walletRepository'
2024-03-29T02:44:58.947+02:00 DEBUG 41589 --- [           main] o.s.b.f.s.DefaultListableBeanFactory     : Creating shared instance of singleton bean 'jpa.named-queries#4'
2024-03-29T02:44:58.948+02:00 DEBUG 41589 --- [           main] o.s.b.f.s.DefaultListableBeanFactory     : Creating shared instance of singleton bean 'jpa.WalletRepository.fragments#0'
2024-03-29T02:44:58.948+02:00 DEBUG 41589 --- [           main] tor$SharedEntityManagerInvocationHandler : Creating new EntityManager for shared EntityManager invocation
2024-03-29T02:44:58.948+02:00 DEBUG 41589 --- [           main] o.s.d.r.c.s.RepositoryFactorySupport     : Initializing repository instance for com.ntros.mprocswift.repository.WalletRepository…
2024-03-29T02:44:58.949+02:00 DEBUG 41589 --- [           main] tor$SharedEntityManagerInvocationHandler : Creating new EntityManager for shared EntityManager invocation
2024-03-29T02:44:58.962+02:00 DEBUG 41589 --- [           main] o.s.d.jpa.repository.query.NamedQuery    : Did not find named query Wallet.findAllByCurrencyId.count
2024-03-29T02:44:58.963+02:00 DEBUG 41589 --- [           main] tor$SharedEntityManagerInvocationHandler : Creating new EntityManager for shared EntityManager invocation
2024-03-29T02:44:58.963+02:00 DEBUG 41589 --- [           main] o.s.d.jpa.repository.query.NamedQuery    : Did not find named query Wallet.findByCurrencyNameAccountId.count
2024-03-29T02:44:58.963+02:00 DEBUG 41589 --- [           main] tor$SharedEntityManagerInvocationHandler : Creating new EntityManager for shared EntityManager invocation
2024-03-29T02:44:58.965+02:00 DEBUG 41589 --- [           main] o.s.d.jpa.repository.query.NamedQuery    : Did not find named query Wallet.deleteByCurrencyCodeAccountNumber.count
2024-03-29T02:44:58.965+02:00 DEBUG 41589 --- [           main] tor$SharedEntityManagerInvocationHandler : Creating new EntityManager for shared EntityManager invocation
2024-03-29T02:44:58.969+02:00 DEBUG 41589 --- [           main] o.s.d.jpa.repository.query.NamedQuery    : Did not find named query Wallet.updateBalance.count
2024-03-29T02:44:58.969+02:00 DEBUG 41589 --- [           main] tor$SharedEntityManagerInvocationHandler : Creating new EntityManager for shared EntityManager invocation
2024-03-29T02:44:58.973+02:00 DEBUG 41589 --- [           main] o.s.d.jpa.repository.query.NamedQuery    : Did not find named query Wallet.findAllByCurrencyName.count
2024-03-29T02:44:58.973+02:00 DEBUG 41589 --- [           main] tor$SharedEntityManagerInvocationHandler : Creating new EntityManager for shared EntityManager invocation
2024-03-29T02:44:58.974+02:00 DEBUG 41589 --- [           main] o.s.d.jpa.repository.query.NamedQuery    : Did not find named query Wallet.findAllByCurrencyCode.count
2024-03-29T02:44:58.974+02:00 DEBUG 41589 --- [           main] tor$SharedEntityManagerInvocationHandler : Creating new EntityManager for shared EntityManager invocation
2024-03-29T02:44:58.975+02:00 DEBUG 41589 --- [           main] o.s.d.jpa.repository.query.NamedQuery    : Did not find named query Wallet.findAllByAccount.count
2024-03-29T02:44:58.975+02:00 DEBUG 41589 --- [           main] tor$SharedEntityManagerInvocationHandler : Creating new EntityManager for shared EntityManager invocation
2024-03-29T02:44:58.975+02:00 DEBUG 41589 --- [           main] o.s.d.jpa.repository.query.NamedQuery    : Did not find named query Wallet.findByCurrencyCodeAccountId.count
2024-03-29T02:44:58.975+02:00 DEBUG 41589 --- [           main] tor$SharedEntityManagerInvocationHandler : Creating new EntityManager for shared EntityManager invocation
2024-03-29T02:44:58.976+02:00 DEBUG 41589 --- [           main] o.s.d.jpa.repository.query.NamedQuery    : Did not find named query Wallet.findByCurrencyCodeAccountNumber.count
2024-03-29T02:44:58.976+02:00 DEBUG 41589 --- [           main] tor$SharedEntityManagerInvocationHandler : Creating new EntityManager for shared EntityManager invocation
2024-03-29T02:44:58.978+02:00 DEBUG 41589 --- [           main] o.s.d.r.c.s.RepositoryFactorySupport     : Finished creation of repository instance for com.ntros.mprocswift.repository.WalletRepository.
2024-03-29T02:44:58.979+02:00 DEBUG 41589 --- [           main] o.s.b.f.s.DefaultListableBeanFactory     : Creating shared instance of singleton bean 'currencyExchangeRateDataService'
2024-03-29T02:44:58.980+02:00 DEBUG 41589 --- [           main] o.s.b.f.s.DefaultListableBeanFactory     : Creating shared instance of singleton bean 'currencyExchangeRateRepository'
2024-03-29T02:44:58.980+02:00 DEBUG 41589 --- [           main] o.s.b.f.s.DefaultListableBeanFactory     : Creating shared instance of singleton bean 'jpa.named-queries#2'
2024-03-29T02:44:58.980+02:00 DEBUG 41589 --- [           main] o.s.b.f.s.DefaultListableBeanFactory     : Creating shared instance of singleton bean 'jpa.CurrencyExchangeRateRepository.fragments#0'
2024-03-29T02:44:58.981+02:00 DEBUG 41589 --- [           main] tor$SharedEntityManagerInvocationHandler : Creating new EntityManager for shared EntityManager invocation
2024-03-29T02:44:58.982+02:00 DEBUG 41589 --- [           main] o.s.d.r.c.s.RepositoryFactorySupport     : Initializing repository instance for com.ntros.mprocswift.repository.currency.CurrencyExchangeRateRepository…
2024-03-29T02:44:58.982+02:00 DEBUG 41589 --- [           main] tor$SharedEntityManagerInvocationHandler : Creating new EntityManager for shared EntityManager invocation
2024-03-29T02:44:58.990+02:00 DEBUG 41589 --- [           main] o.s.d.jpa.repository.query.NamedQuery    : Did not find named query CurrencyExchangeRate.findExchangeRateValueBySourceAndTarget.count
2024-03-29T02:44:58.990+02:00 DEBUG 41589 --- [           main] tor$SharedEntityManagerInvocationHandler : Creating new EntityManager for shared EntityManager invocation
2024-03-29T02:44:58.999+02:00 DEBUG 41589 --- [           main] o.s.d.jpa.repository.query.NamedQuery    : Did not find named query CurrencyExchangeRate.findExchangeRateBySourceCodeAndTargetCode.count
2024-03-29T02:44:58.999+02:00 DEBUG 41589 --- [           main] tor$SharedEntityManagerInvocationHandler : Creating new EntityManager for shared EntityManager invocation
2024-03-29T02:44:59.000+02:00 DEBUG 41589 --- [           main] o.s.d.jpa.repository.query.NamedQuery    : Did not find named query CurrencyExchangeRate.findExchangeRateBySourceAndTarget.count
2024-03-29T02:44:59.000+02:00 DEBUG 41589 --- [           main] tor$SharedEntityManagerInvocationHandler : Creating new EntityManager for shared EntityManager invocation
2024-03-29T02:44:59.003+02:00 DEBUG 41589 --- [           main] o.s.d.r.c.s.RepositoryFactorySupport     : Finished creation of repository instance for com.ntros.mprocswift.repository.currency.CurrencyExchangeRateRepository.
2024-03-29T02:44:59.004+02:00 DEBUG 41589 --- [           main] o.s.b.f.s.DefaultListableBeanFactory     : Creating shared instance of singleton bean 'currencyDataService'
2024-03-29T02:44:59.005+02:00 DEBUG 41589 --- [           main] o.s.b.f.s.DefaultListableBeanFactory     : Creating shared instance of singleton bean 'currencyRepository'
2024-03-29T02:44:59.006+02:00 DEBUG 41589 --- [           main] o.s.b.f.s.DefaultListableBeanFactory     : Creating shared instance of singleton bean 'jpa.named-queries#8'
2024-03-29T02:44:59.006+02:00 DEBUG 41589 --- [           main] o.s.b.f.s.DefaultListableBeanFactory     : Creating shared instance of singleton bean 'jpa.CurrencyRepository.fragments#0'
2024-03-29T02:44:59.006+02:00 DEBUG 41589 --- [           main] tor$SharedEntityManagerInvocationHandler : Creating new EntityManager for shared EntityManager invocation
2024-03-29T02:44:59.007+02:00 DEBUG 41589 --- [           main] o.s.d.r.c.s.RepositoryFactorySupport     : Initializing repository instance for com.ntros.mprocswift.repository.currency.CurrencyRepository…
2024-03-29T02:44:59.007+02:00 DEBUG 41589 --- [           main] tor$SharedEntityManagerInvocationHandler : Creating new EntityManager for shared EntityManager invocation
2024-03-29T02:44:59.011+02:00 DEBUG 41589 --- [           main] o.s.d.jpa.repository.query.NamedQuery    : Did not find named query Currency.findByCurrencyCode.count
2024-03-29T02:44:59.011+02:00 DEBUG 41589 --- [           main] tor$SharedEntityManagerInvocationHandler : Creating new EntityManager for shared EntityManager invocation
2024-03-29T02:44:59.012+02:00 DEBUG 41589 --- [           main] o.s.d.jpa.repository.query.NamedQuery    : Did not find named query Currency.updateActivateAll.count
2024-03-29T02:44:59.012+02:00 DEBUG 41589 --- [           main] tor$SharedEntityManagerInvocationHandler : Creating new EntityManager for shared EntityManager invocation
2024-03-29T02:44:59.014+02:00 DEBUG 41589 --- [           main] o.s.d.jpa.repository.query.NamedQuery    : Did not find named query Currency.findByCurrencyCodeActive.count
2024-03-29T02:44:59.014+02:00 DEBUG 41589 --- [           main] tor$SharedEntityManagerInvocationHandler : Creating new EntityManager for shared EntityManager invocation
2024-03-29T02:44:59.016+02:00 DEBUG 41589 --- [           main] o.s.d.jpa.repository.query.NamedQuery    : Did not find named query Currency.findByCurrencyName.count
2024-03-29T02:44:59.016+02:00 DEBUG 41589 --- [           main] tor$SharedEntityManagerInvocationHandler : Creating new EntityManager for shared EntityManager invocation
2024-03-29T02:44:59.018+02:00 DEBUG 41589 --- [           main] o.s.d.r.c.s.RepositoryFactorySupport     : Finished creation of repository instance for com.ntros.mprocswift.repository.currency.CurrencyRepository.
2024-03-29T02:44:59.019+02:00 DEBUG 41589 --- [           main] o.s.b.f.s.DefaultListableBeanFactory     : Autowiring by type from bean name 'currencyDataService' via constructor to bean named 'currencyRepository'
2024-03-29T02:44:59.019+02:00 DEBUG 41589 --- [           main] o.s.b.f.s.DefaultListableBeanFactory     : Autowiring by type from bean name 'currencyDataService' via constructor to bean named 'walletRepository'
2024-03-29T02:44:59.023+02:00 DEBUG 41589 --- [           main] o.s.b.f.s.DefaultListableBeanFactory     : Autowiring by type from bean name 'currencyExchangeRateDataService' via constructor to bean named 'currencyExchangeRateRepository'
2024-03-29T02:44:59.023+02:00 DEBUG 41589 --- [           main] o.s.b.f.s.DefaultListableBeanFactory     : Autowiring by type from bean name 'currencyExchangeRateDataService' via constructor to bean named 'currencyDataService'
2024-03-29T02:44:59.024+02:00 DEBUG 41589 --- [           main] o.s.b.f.s.DefaultListableBeanFactory     : Autowiring by type from bean name 'accountDataService' via constructor to bean named 'accountRepository'
2024-03-29T02:44:59.024+02:00 DEBUG 41589 --- [           main] o.s.b.f.s.DefaultListableBeanFactory     : Autowiring by type from bean name 'accountDataService' via constructor to bean named 'walletRepository'
2024-03-29T02:44:59.024+02:00 DEBUG 41589 --- [           main] o.s.b.f.s.DefaultListableBeanFactory     : Autowiring by type from bean name 'accountDataService' via constructor to bean named 'currencyExchangeRateDataService'
2024-03-29T02:44:59.031+02:00 DEBUG 41589 --- [           main] o.s.b.f.s.DefaultListableBeanFactory     : Creating shared instance of singleton bean 'accountConverter'
2024-03-29T02:44:59.032+02:00 DEBUG 41589 --- [           main] o.s.b.f.s.DefaultListableBeanFactory     : Creating shared instance of singleton bean 'walletConverter'
2024-03-29T02:44:59.032+02:00 DEBUG 41589 --- [           main] o.s.b.f.s.DefaultListableBeanFactory     : Creating shared instance of singleton bean 'accountDetailsRepository'
2024-03-29T02:44:59.033+02:00 DEBUG 41589 --- [           main] o.s.b.f.s.DefaultListableBeanFactory     : Creating shared instance of singleton bean 'jpa.named-queries#7'
2024-03-29T02:44:59.033+02:00 DEBUG 41589 --- [           main] o.s.b.f.s.DefaultListableBeanFactory     : Creating shared instance of singleton bean 'jpa.AccountDetailsRepository.fragments#0'
2024-03-29T02:44:59.034+02:00 DEBUG 41589 --- [           main] tor$SharedEntityManagerInvocationHandler : Creating new EntityManager for shared EntityManager invocation
2024-03-29T02:44:59.034+02:00 DEBUG 41589 --- [           main] o.s.d.r.c.s.RepositoryFactorySupport     : Initializing repository instance for com.ntros.mprocswift.repository.account.AccountDetailsRepository…
2024-03-29T02:44:59.035+02:00 DEBUG 41589 --- [           main] tor$SharedEntityManagerInvocationHandler : Creating new EntityManager for shared EntityManager invocation
2024-03-29T02:44:59.038+02:00 DEBUG 41589 --- [           main] o.s.d.r.c.s.RepositoryFactorySupport     : Finished creation of repository instance for com.ntros.mprocswift.repository.account.AccountDetailsRepository.
2024-03-29T02:44:59.038+02:00 DEBUG 41589 --- [           main] o.s.b.f.s.DefaultListableBeanFactory     : Autowiring by type from bean name 'accountConverter' via constructor to bean named 'walletConverter'
2024-03-29T02:44:59.039+02:00 DEBUG 41589 --- [           main] o.s.b.f.s.DefaultListableBeanFactory     : Autowiring by type from bean name 'accountConverter' via constructor to bean named 'accountDetailsRepository'
2024-03-29T02:44:59.039+02:00 DEBUG 41589 --- [           main] o.s.b.f.s.DefaultListableBeanFactory     : Autowiring by type from bean name 'accountController' via constructor to bean named 'accountDataService'
2024-03-29T02:44:59.039+02:00 DEBUG 41589 --- [           main] o.s.b.f.s.DefaultListableBeanFactory     : Autowiring by type from bean name 'accountController' via constructor to bean named 'accountConverter'
2024-03-29T02:44:59.039+02:00 DEBUG 41589 --- [           main] o.s.b.f.s.DefaultListableBeanFactory     : Creating shared instance of singleton bean 'externalTransferController'
2024-03-29T02:44:59.040+02:00 DEBUG 41589 --- [           main] o.s.b.f.s.DefaultListableBeanFactory     : Creating shared instance of singleton bean 'externalTransferService'
2024-03-29T02:44:59.040+02:00 DEBUG 41589 --- [           main] o.s.b.f.s.DefaultListableBeanFactory     : Creating shared instance of singleton bean 'transactionRepository'
2024-03-29T02:44:59.041+02:00 DEBUG 41589 --- [           main] o.s.b.f.s.DefaultListableBeanFactory     : Creating shared instance of singleton bean 'jpa.named-queries#9'
2024-03-29T02:44:59.041+02:00 DEBUG 41589 --- [           main] o.s.b.f.s.DefaultListableBeanFactory     : Creating shared instance of singleton bean 'jpa.TransactionRepository.fragments#0'
2024-03-29T02:44:59.041+02:00 DEBUG 41589 --- [           main] tor$SharedEntityManagerInvocationHandler : Creating new EntityManager for shared EntityManager invocation
2024-03-29T02:44:59.047+02:00 DEBUG 41589 --- [           main] o.s.d.r.c.s.RepositoryFactorySupport     : Initializing repository instance for com.ntros.mprocswift.repository.transaction.TransactionRepository…
2024-03-29T02:44:59.047+02:00 DEBUG 41589 --- [           main] tor$SharedEntityManagerInvocationHandler : Creating new EntityManager for shared EntityManager invocation
2024-03-29T02:44:59.051+02:00 DEBUG 41589 --- [           main] o.s.d.r.c.s.RepositoryFactorySupport     : Finished creation of repository instance for com.ntros.mprocswift.repository.transaction.TransactionRepository.
2024-03-29T02:44:59.052+02:00 DEBUG 41589 --- [           main] o.s.b.f.s.DefaultListableBeanFactory     : Creating shared instance of singleton bean 'moneyTransferRepository'
2024-03-29T02:44:59.052+02:00 DEBUG 41589 --- [           main] o.s.b.f.s.DefaultListableBeanFactory     : Creating shared instance of singleton bean 'jpa.named-queries#5'
2024-03-29T02:44:59.052+02:00 DEBUG 41589 --- [           main] o.s.b.f.s.DefaultListableBeanFactory     : Creating shared instance of singleton bean 'jpa.MoneyTransferRepository.fragments#0'
2024-03-29T02:44:59.053+02:00 DEBUG 41589 --- [           main] tor$SharedEntityManagerInvocationHandler : Creating new EntityManager for shared EntityManager invocation
2024-03-29T02:44:59.054+02:00 DEBUG 41589 --- [           main] o.s.d.r.c.s.RepositoryFactorySupport     : Initializing repository instance for com.ntros.mprocswift.repository.transaction.MoneyTransferRepository…
2024-03-29T02:44:59.054+02:00 DEBUG 41589 --- [           main] tor$SharedEntityManagerInvocationHandler : Creating new EntityManager for shared EntityManager invocation
2024-03-29T02:44:59.057+02:00 DEBUG 41589 --- [           main] o.s.d.jpa.repository.query.NamedQuery    : Did not find named query MoneyTransfer.findAllWithdrawsByAccount.count
2024-03-29T02:44:59.057+02:00 DEBUG 41589 --- [           main] tor$SharedEntityManagerInvocationHandler : Creating new EntityManager for shared EntityManager invocation
2024-03-29T02:44:59.058+02:00 DEBUG 41589 --- [           main] o.s.d.jpa.repository.query.NamedQuery    : Did not find named query MoneyTransfer.findAllByAccount.count
2024-03-29T02:44:59.058+02:00 DEBUG 41589 --- [           main] tor$SharedEntityManagerInvocationHandler : Creating new EntityManager for shared EntityManager invocation
2024-03-29T02:44:59.059+02:00 DEBUG 41589 --- [           main] o.s.d.jpa.repository.query.NamedQuery    : Did not find named query MoneyTransfer.findAllReceivedByAccount.count
2024-03-29T02:44:59.059+02:00 DEBUG 41589 --- [           main] tor$SharedEntityManagerInvocationHandler : Creating new EntityManager for shared EntityManager invocation
2024-03-29T02:44:59.061+02:00 DEBUG 41589 --- [           main] o.s.d.r.c.s.RepositoryFactorySupport     : Finished creation of repository instance for com.ntros.mprocswift.repository.transaction.MoneyTransferRepository.
2024-03-29T02:44:59.061+02:00 DEBUG 41589 --- [           main] o.s.b.f.s.DefaultListableBeanFactory     : Creating shared instance of singleton bean 'walletDataService'
2024-03-29T02:44:59.062+02:00 DEBUG 41589 --- [           main] o.s.b.f.s.DefaultListableBeanFactory     : Autowiring by type from bean name 'walletDataService' via constructor to bean named 'taskExecutor'
2024-03-29T02:44:59.062+02:00 DEBUG 41589 --- [           main] o.s.b.f.s.DefaultListableBeanFactory     : Autowiring by type from bean name 'walletDataService' via constructor to bean named 'walletRepository'
2024-03-29T02:44:59.062+02:00 DEBUG 41589 --- [           main] o.s.b.f.s.DefaultListableBeanFactory     : Autowiring by type from bean name 'walletDataService' via constructor to bean named 'walletConverter'
2024-03-29T02:44:59.062+02:00 DEBUG 41589 --- [           main] o.s.b.f.s.DefaultListableBeanFactory     : Autowiring by type from bean name 'walletDataService' via constructor to bean named 'accountRepository'
2024-03-29T02:44:59.062+02:00 DEBUG 41589 --- [           main] o.s.b.f.s.DefaultListableBeanFactory     : Autowiring by type from bean name 'walletDataService' via constructor to bean named 'currencyRepository'
2024-03-29T02:44:59.071+02:00 DEBUG 41589 --- [           main] o.s.b.f.s.DefaultListableBeanFactory     : Autowiring by type from bean name 'externalTransferController' via constructor to bean named 'externalTransferService'
2024-03-29T02:44:59.072+02:00 DEBUG 41589 --- [           main] o.s.b.f.s.DefaultListableBeanFactory     : Creating shared instance of singleton bean 'walletToWalletTransferController'
2024-03-29T02:44:59.073+02:00 DEBUG 41589 --- [           main] o.s.b.f.s.DefaultListableBeanFactory     : Creating shared instance of singleton bean 'walletToWalletTransferService'
2024-03-29T02:44:59.078+02:00 DEBUG 41589 --- [           main] o.s.b.f.s.DefaultListableBeanFactory     : Autowiring by type from bean name 'walletToWalletTransferController' via constructor to bean named 'walletToWalletTransferService'
2024-03-29T02:44:59.079+02:00 DEBUG 41589 --- [           main] o.s.b.f.s.DefaultListableBeanFactory     : Creating shared instance of singleton bean 'internalTransferController'
2024-03-29T02:44:59.079+02:00 DEBUG 41589 --- [           main] o.s.b.f.s.DefaultListableBeanFactory     : Creating shared instance of singleton bean 'internalTransferService'
2024-03-29T02:44:59.083+02:00 DEBUG 41589 --- [           main] o.s.b.f.s.DefaultListableBeanFactory     : Autowiring by type from bean name 'internalTransferController' via constructor to bean named 'internalTransferService'
2024-03-29T02:44:59.084+02:00 DEBUG 41589 --- [           main] o.s.b.f.s.DefaultListableBeanFactory     : Creating shared instance of singleton bean 'cardController'
2024-03-29T02:44:59.085+02:00 DEBUG 41589 --- [           main] o.s.b.f.s.DefaultListableBeanFactory     : Creating shared instance of singleton bean 'cardPaymentProcessingService'
2024-03-29T02:44:59.085+02:00 DEBUG 41589 --- [           main] o.s.b.f.s.DefaultListableBeanFactory     : Creating shared instance of singleton bean 'org.springframework.boot.autoconfigure.web.reactive.function.client.WebClientAutoConfiguration'
2024-03-29T02:44:59.088+02:00 DEBUG 41589 --- [           main] o.s.b.f.s.DefaultListableBeanFactory     : Creating shared instance of singleton bean 'webClientHttpConnectorCustomizer'
2024-03-29T02:44:59.088+02:00 DEBUG 41589 --- [           main] o.s.b.f.s.DefaultListableBeanFactory     : Creating shared instance of singleton bean 'org.springframework.boot.autoconfigure.web.reactive.function.client.ClientHttpConnectorAutoConfiguration'
2024-03-29T02:44:59.089+02:00 DEBUG 41589 --- [           main] o.s.b.f.s.DefaultListableBeanFactory     : Creating shared instance of singleton bean 'webClientHttpConnector'
2024-03-29T02:44:59.090+02:00 DEBUG 41589 --- [           main] o.s.b.f.s.DefaultListableBeanFactory     : Creating shared instance of singleton bean 'reactorClientHttpConnectorFactory'
2024-03-29T02:44:59.090+02:00 DEBUG 41589 --- [           main] o.s.b.f.s.DefaultListableBeanFactory     : Creating shared instance of singleton bean 'org.springframework.boot.autoconfigure.web.reactive.function.client.ClientHttpConnectorFactoryConfiguration$ReactorNetty'
2024-03-29T02:44:59.090+02:00 DEBUG 41589 --- [           main] o.s.b.f.s.DefaultListableBeanFactory     : Creating shared instance of singleton bean 'reactorResourceFactory'
2024-03-29T02:44:59.090+02:00 DEBUG 41589 --- [           main] o.s.b.f.s.DefaultListableBeanFactory     : Creating shared instance of singleton bean 'org.springframework.boot.autoconfigure.reactor.netty.ReactorNettyConfigurations$ReactorResourceFactoryConfiguration'
2024-03-29T02:44:59.091+02:00 DEBUG 41589 --- [           main] o.s.b.f.s.DefaultListableBeanFactory     : Creating shared instance of singleton bean 'spring.reactor.netty-org.springframework.boot.autoconfigure.reactor.netty.ReactorNettyProperties'
2024-03-29T02:44:59.092+02:00 DEBUG 41589 --- [           main] o.s.b.f.s.DefaultListableBeanFactory     : Autowiring by type from bean name 'reactorResourceFactory' via factory method to bean named 'spring.reactor.netty-org.springframework.boot.autoconfigure.reactor.netty.ReactorNettyProperties'
2024-03-29T02:44:59.117+02:00 DEBUG 41589 --- [           main] o.s.b.f.s.DefaultListableBeanFactory     : Autowiring by type from bean name 'reactorClientHttpConnectorFactory' via factory method to bean named 'reactorResourceFactory'
2024-03-29T02:44:59.117+02:00 DEBUG 41589 --- [           main] o.s.b.f.s.DefaultListableBeanFactory     : Autowiring by type from bean name 'webClientHttpConnector' via factory method to bean named 'reactorClientHttpConnectorFactory'
2024-03-29T02:44:59.208+02:00 ERROR 41589 --- [           main] i.n.r.d.DnsServerAddressStreamProviders  : Unable to load io.netty.resolver.dns.macos.MacOSDnsServerAddressStreamProvider, fallback to system defaults. This may result in incorrect DNS resolutions on MacOS. Check whether you have a dependency on 'io.netty:netty-resolver-dns-native-macos'. Use DEBUG level to see the full stack: java.lang.UnsatisfiedLinkError: failed to load the required native library
2024-03-29T02:44:59.212+02:00 DEBUG 41589 --- [           main] o.s.b.f.s.DefaultListableBeanFactory     : Autowiring by type from bean name 'webClientHttpConnectorCustomizer' via factory method to bean named 'webClientHttpConnector'
2024-03-29T02:44:59.212+02:00 DEBUG 41589 --- [           main] o.s.b.f.s.DefaultListableBeanFactory     : Creating shared instance of singleton bean 'exchangeStrategiesCustomizer'
2024-03-29T02:44:59.212+02:00 DEBUG 41589 --- [           main] o.s.b.f.s.DefaultListableBeanFactory     : Creating shared instance of singleton bean 'org.springframework.boot.autoconfigure.web.reactive.function.client.WebClientAutoConfiguration$WebClientCodecsConfiguration'
2024-03-29T02:44:59.212+02:00 DEBUG 41589 --- [           main] o.s.b.f.s.DefaultListableBeanFactory     : Creating shared instance of singleton bean 'defaultCodecCustomizer'
2024-03-29T02:44:59.212+02:00 DEBUG 41589 --- [           main] o.s.b.f.s.DefaultListableBeanFactory     : Creating shared instance of singleton bean 'org.springframework.boot.autoconfigure.http.codec.CodecsAutoConfiguration$DefaultCodecsConfiguration'
2024-03-29T02:44:59.213+02:00 DEBUG 41589 --- [           main] o.s.b.f.s.DefaultListableBeanFactory     : Creating shared instance of singleton bean 'spring.codec-org.springframework.boot.autoconfigure.codec.CodecProperties'
2024-03-29T02:44:59.213+02:00 DEBUG 41589 --- [           main] o.s.b.f.s.DefaultListableBeanFactory     : Autowiring by type from bean name 'defaultCodecCustomizer' via factory method to bean named 'spring.codec-org.springframework.boot.autoconfigure.codec.CodecProperties'
2024-03-29T02:44:59.214+02:00 DEBUG 41589 --- [           main] o.s.b.f.s.DefaultListableBeanFactory     : Creating shared instance of singleton bean 'jacksonCodecCustomizer'
2024-03-29T02:44:59.214+02:00 DEBUG 41589 --- [           main] o.s.b.f.s.DefaultListableBeanFactory     : Creating shared instance of singleton bean 'org.springframework.boot.autoconfigure.http.codec.CodecsAutoConfiguration$JacksonCodecConfiguration'
2024-03-29T02:44:59.214+02:00 DEBUG 41589 --- [           main] o.s.b.f.s.DefaultListableBeanFactory     : Creating shared instance of singleton bean 'jacksonObjectMapper'
2024-03-29T02:44:59.214+02:00 DEBUG 41589 --- [           main] o.s.b.f.s.DefaultListableBeanFactory     : Creating shared instance of singleton bean 'org.springframework.boot.autoconfigure.jackson.JacksonAutoConfiguration$JacksonObjectMapperConfiguration'
2024-03-29T02:44:59.214+02:00 DEBUG 41589 --- [           main] o.s.b.f.s.DefaultListableBeanFactory     : Creating shared instance of singleton bean 'org.springframework.boot.autoconfigure.jackson.JacksonAutoConfiguration$JacksonObjectMapperBuilderConfiguration'
2024-03-29T02:44:59.215+02:00 DEBUG 41589 --- [           main] o.s.b.f.s.DefaultListableBeanFactory     : Creating shared instance of singleton bean 'standardJacksonObjectMapperBuilderCustomizer'
2024-03-29T02:44:59.215+02:00 DEBUG 41589 --- [           main] o.s.b.f.s.DefaultListableBeanFactory     : Creating shared instance of singleton bean 'org.springframework.boot.autoconfigure.jackson.JacksonAutoConfiguration$Jackson2ObjectMapperBuilderCustomizerConfiguration'
2024-03-29T02:44:59.215+02:00 DEBUG 41589 --- [           main] o.s.b.f.s.DefaultListableBeanFactory     : Creating shared instance of singleton bean 'spring.jackson-org.springframework.boot.autoconfigure.jackson.JacksonProperties'
2024-03-29T02:44:59.216+02:00 DEBUG 41589 --- [           main] o.s.b.f.s.DefaultListableBeanFactory     : Autowiring by type from bean name 'standardJacksonObjectMapperBuilderCustomizer' via factory method to bean named 'spring.jackson-org.springframework.boot.autoconfigure.jackson.JacksonProperties'
2024-03-29T02:44:59.217+02:00 DEBUG 41589 --- [           main] o.s.b.f.s.DefaultListableBeanFactory     : Creating shared instance of singleton bean 'parameterNamesModule'
2024-03-29T02:44:59.217+02:00 DEBUG 41589 --- [           main] o.s.b.f.s.DefaultListableBeanFactory     : Creating shared instance of singleton bean 'org.springframework.boot.autoconfigure.jackson.JacksonAutoConfiguration$ParameterNamesModuleConfiguration'
2024-03-29T02:44:59.218+02:00 DEBUG 41589 --- [           main] o.s.b.f.s.DefaultListableBeanFactory     : Creating shared instance of singleton bean 'jsonMixinModule'
2024-03-29T02:44:59.218+02:00 DEBUG 41589 --- [           main] o.s.b.f.s.DefaultListableBeanFactory     : Creating shared instance of singleton bean 'org.springframework.boot.autoconfigure.jackson.JacksonAutoConfiguration$JacksonMixinConfiguration'
2024-03-29T02:44:59.219+02:00 DEBUG 41589 --- [           main] o.s.b.f.s.DefaultListableBeanFactory     : Creating shared instance of singleton bean 'jsonMixinModuleEntries'
2024-03-29T02:44:59.219+02:00 DEBUG 41589 --- [           main] o.s.b.f.s.DefaultListableBeanFactory     : Autowiring by type from bean name 'jsonMixinModuleEntries' via factory method to bean named 'org.springframework.web.context.support.GenericWebApplicationContext@22175d4f'
2024-03-29T02:44:59.221+02:00 DEBUG 41589 --- [           main] o.s.b.f.s.DefaultListableBeanFactory     : Autowiring by type from bean name 'jsonMixinModule' via factory method to bean named 'org.springframework.web.context.support.GenericWebApplicationContext@22175d4f'
2024-03-29T02:44:59.222+02:00 DEBUG 41589 --- [           main] o.s.b.f.s.DefaultListableBeanFactory     : Autowiring by type from bean name 'jsonMixinModule' via factory method to bean named 'jsonMixinModuleEntries'
2024-03-29T02:44:59.223+02:00 DEBUG 41589 --- [           main] o.s.b.f.s.DefaultListableBeanFactory     : Creating shared instance of singleton bean 'jsonComponentModule'
2024-03-29T02:44:59.223+02:00 DEBUG 41589 --- [           main] o.s.b.f.s.DefaultListableBeanFactory     : Creating shared instance of singleton bean 'org.springframework.boot.autoconfigure.jackson.JacksonAutoConfiguration'
2024-03-29T02:44:59.225+02:00 DEBUG 41589 --- [           main] o.s.b.f.s.DefaultListableBeanFactory     : Creating shared instance of singleton bean 'jacksonGeoModule'
2024-03-29T02:44:59.225+02:00 DEBUG 41589 --- [           main] o.s.b.f.s.DefaultListableBeanFactory     : Creating shared instance of singleton bean 'org.springframework.data.web.config.SpringDataJacksonConfiguration'
2024-03-29T02:44:59.226+02:00 DEBUG 41589 --- [           main] o.s.b.f.s.DefaultListableBeanFactory     : Creating shared instance of singleton bean 'pageModule'
2024-03-29T02:44:59.227+02:00 DEBUG 41589 --- [           main] o.s.b.f.s.DefaultListableBeanFactory     : Autowiring by type from bean name 'jacksonObjectMapperBuilder' via factory method to bean named 'org.springframework.web.context.support.GenericWebApplicationContext@22175d4f'
2024-03-29T02:44:59.228+02:00 DEBUG 41589 --- [           main] o.s.b.f.s.DefaultListableBeanFactory     : Autowiring by type from bean name 'jacksonObjectMapperBuilder' via factory method to bean named 'standardJacksonObjectMapperBuilderCustomizer'
2024-03-29T02:44:59.229+02:00 DEBUG 41589 --- [           main] o.s.b.f.s.DefaultListableBeanFactory     : Autowiring by type from bean name 'jacksonObjectMapper' via factory method to bean named 'jacksonObjectMapperBuilder'
2024-03-29T02:44:59.238+02:00 DEBUG 41589 --- [           main] o.s.b.f.s.DefaultListableBeanFactory     : Autowiring by type from bean name 'jacksonCodecCustomizer' via factory method to bean named 'jacksonObjectMapper'
2024-03-29T02:44:59.243+02:00 DEBUG 41589 --- [           main] o.s.b.f.s.DefaultListableBeanFactory     : Autowiring by type from bean name 'cardPaymentProcessingService' via constructor to bean named 'webClientBuilder'
2024-03-29T02:44:59.282+02:00 DEBUG 41589 --- [           main] o.s.b.f.s.DefaultListableBeanFactory     : Autowiring by type from bean name 'cardController' via constructor to bean named 'cardPaymentProcessingService'
[...]

   R2dbcAutoConfiguration:
      Did not match:
         - @ConditionalOnClass did not find required class 'io.r2dbc.spi.ConnectionFactory' (OnClassCondition)

   R2dbcDataAutoConfiguration:
      Did not match:
         - @ConditionalOnClass did not find required class 'org.springframework.data.r2dbc.core.R2dbcEntityTemplate' (OnClassCondition)

   R2dbcInitializationConfiguration:
      Did not match:
         - @ConditionalOnClass did not find required classes 'io.r2dbc.spi.ConnectionFactory', 'org.springframework.r2dbc.connection.init.DatabasePopulator' (OnClassCondition)

   R2dbcRepositoriesAutoConfiguration:
      Did not match:
         - @ConditionalOnClass did not find required class 'io.r2dbc.spi.ConnectionFactory' (OnClassCondition)

   R2dbcTransactionManagerAutoConfiguration:
      Did not match:
         - @ConditionalOnClass did not find required class 'org.springframework.r2dbc.connection.R2dbcTransactionManager' (OnClassCondition)

   RSocketGraphQlClientAutoConfiguration:
      Did not match:
         - @ConditionalOnClass did not find required class 'graphql.GraphQL' (OnClassCondition)

   RSocketMessagingAutoConfiguration:
      Did not match:
         - @ConditionalOnClass did not find required class 'io.rsocket.RSocket' (OnClassCondition)

   RSocketRequesterAutoConfiguration:
      Did not match:
         - @ConditionalOnClass did not find required class 'io.rsocket.RSocket' (OnClassCondition)

   RSocketSecurityAutoConfiguration:
      Did not match:
         - @ConditionalOnClass did not find required class 'org.springframework.security.rsocket.core.SecuritySocketAcceptorInterceptor' (OnClassCondition)

   RSocketServerAutoConfiguration:
      Did not match:
         - @ConditionalOnClass did not find required class 'io.rsocket.core.RSocketServer' (OnClassCondition)

   RSocketStrategiesAutoConfiguration:
      Did not match:
         - @ConditionalOnClass did not find required class 'io.rsocket.RSocket' (OnClassCondition)

   RabbitAutoConfiguration:
      Did not match:
         - @ConditionalOnClass did not find required class 'com.rabbitmq.client.Channel' (OnClassCondition)

   ReactiveElasticsearchClientAutoConfiguration:
      Did not match:
         - @ConditionalOnClass did not find required class 'co.elastic.clients.transport.ElasticsearchTransport' (OnClassCondition)

   ReactiveElasticsearchRepositoriesAutoConfiguration:
      Did not match:
         - @ConditionalOnClass did not find required class 'org.springframework.data.elasticsearch.client.elc.ReactiveElasticsearchClient' (OnClassCondition)

   ReactiveMultipartAutoConfiguration:
      Did not match:
         - not a reactive web application (OnWebApplicationCondition)
      Matched:
         - @ConditionalOnClass found required classes 'org.springframework.http.codec.multipart.DefaultPartHttpMessageReader', 'org.springframework.web.reactive.config.WebFluxConfigurer' (OnClassCondition)

   ReactiveOAuth2ClientAutoConfiguration:
      Did not match:
         - @ConditionalOnClass did not find required class 'org.springframework.security.config.annotation.web.reactive.EnableWebFluxSecurity' (OnClassCondition)

   ReactiveOAuth2ResourceServerAutoConfiguration:
      Did not match:
         - @ConditionalOnClass did not find required class 'org.springframework.security.config.annotation.web.reactive.EnableWebFluxSecurity' (OnClassCondition)

   ReactiveSecurityAutoConfiguration:
      Did not match:
         - @ConditionalOnClass did not find required class 'org.springframework.security.config.annotation.web.reactive.EnableWebFluxSecurity' (OnClassCondition)

   ReactiveUserDetailsServiceAutoConfiguration:
      Did not match:
         - @ConditionalOnClass did not find required class 'org.springframework.security.authentication.ReactiveAuthenticationManager' (OnClassCondition)

   ReactiveWebServerFactoryAutoConfiguration:
      Did not match:
         - not a reactive web application (OnWebApplicationCondition)
      Matched:
         - @ConditionalOnClass found required class 'org.springframework.http.ReactiveHttpInputMessage' (OnClassCondition)

   RedisAutoConfiguration:
      Did not match:
         - @ConditionalOnClass did not find required class 'org.springframework.data.redis.core.RedisOperations' (OnClassCondition)

   RedisCacheConfiguration:
      Did not match:
         - @ConditionalOnClass did not find required class 'org.springframework.data.redis.connection.RedisConnectionFactory' (OnClassCondition)

   RedisReactiveAutoConfiguration:
      Did not match:
         - @ConditionalOnClass did not find required class 'org.springframework.data.redis.connection.ReactiveRedisConnectionFactory' (OnClassCondition)

   RedisRepositoriesAutoConfiguration:
      Did not match:
         - @ConditionalOnClass did not find required class 'org.springframework.data.redis.repository.configuration.EnableRedisRepositories' (OnClassCondition)

   RepositoryRestMvcAutoConfiguration:
      Did not match:
         - @ConditionalOnClass did not find required class 'org.springframework.data.rest.webmvc.config.RepositoryRestMvcConfiguration' (OnClassCondition)

   Saml2RelyingPartyAutoConfiguration:
      Did not match:
         - @ConditionalOnClass did not find required class 'org.springframework.security.saml2.provider.service.registration.RelyingPartyRegistrationRepository' (OnClassCondition)

   SecurityAutoConfiguration:
      Did not match:
         - @ConditionalOnClass did not find required class 'org.springframework.security.authentication.DefaultAuthenticationEventPublisher' (OnClassCondition)

   SecurityFilterAutoConfiguration:
      Did not match:
         - @ConditionalOnClass did not find required class 'org.springframework.security.config.http.SessionCreationPolicy' (OnClassCondition)

   SendGridAutoConfiguration:
      Did not match:
         - @ConditionalOnClass did not find required class 'com.sendgrid.SendGrid' (OnClassCondition)

   ServletWebServerFactoryAutoConfiguration.ForwardedHeaderFilterConfiguration:
      Did not match:
         - @ConditionalOnProperty (server.forward-headers-strategy=framework) did not find property 'server.forward-headers-strategy' (OnPropertyCondition)

   ServletWebServerFactoryConfiguration.EmbeddedJetty:
      Did not match:
         - @ConditionalOnClass did not find required classes 'org.eclipse.jetty.server.Server', 'org.eclipse.jetty.util.Loader', 'org.eclipse.jetty.ee10.webapp.WebAppContext' (OnClassCondition)

   ServletWebServerFactoryConfiguration.EmbeddedUndertow:
      Did not match:
         - @ConditionalOnClass did not find required classes 'io.undertow.Undertow', 'org.xnio.SslClientAuthMode' (OnClassCondition)

   SessionAutoConfiguration:
      Did not match:
         - @ConditionalOnClass did not find required class 'org.springframework.session.Session' (OnClassCondition)

   SpringApplicationAdminJmxAutoConfiguration:
      Did not match:
         - @ConditionalOnProperty (spring.application.admin.enabled=true) did not find property 'enabled' (OnPropertyCondition)

   TaskExecutorConfigurations.SimpleAsyncTaskExecutorBuilderConfiguration#simpleAsyncTaskExecutorBuilderVirtualThreads:
      Did not match:
         - @ConditionalOnMissingBean (types: org.springframework.boot.task.SimpleAsyncTaskExecutorBuilder; SearchStrategy: all) found beans of type 'org.springframework.boot.task.SimpleAsyncTaskExecutorBuilder' simpleAsyncTaskExecutorBuilder (OnBeanCondition)

   TaskExecutorConfigurations.TaskExecutorConfiguration:
      Did not match:
         - @ConditionalOnMissingBean (types: java.util.concurrent.Executor; SearchStrategy: all) found beans of type 'java.util.concurrent.Executor' taskExecutor (OnBeanCondition)

   TaskSchedulingAutoConfiguration#scheduledBeanLazyInitializationExcludeFilter:
      Did not match:
         - @ConditionalOnBean (names: org.springframework.context.annotation.internalScheduledAnnotationProcessor; SearchStrategy: all) did not find any beans named org.springframework.context.annotation.internalScheduledAnnotationProcessor (OnBeanCondition)

   TaskSchedulingConfigurations.SimpleAsyncTaskSchedulerBuilderConfiguration#simpleAsyncTaskSchedulerBuilderVirtualThreads:
      Did not match:
         - @ConditionalOnMissingBean (types: org.springframework.boot.task.SimpleAsyncTaskSchedulerBuilder; SearchStrategy: all) found beans of type 'org.springframework.boot.task.SimpleAsyncTaskSchedulerBuilder' simpleAsyncTaskSchedulerBuilder (OnBeanCondition)

   TaskSchedulingConfigurations.TaskSchedulerConfiguration:
      Did not match:
         - @ConditionalOnBean (names: org.springframework.context.annotation.internalScheduledAnnotationProcessor; SearchStrategy: all) did not find any beans named org.springframework.context.annotation.internalScheduledAnnotationProcessor (OnBeanCondition)

   ThymeleafAutoConfiguration:
      Did not match:
         - @ConditionalOnClass did not find required class 'org.thymeleaf.spring6.SpringTemplateEngine' (OnClassCondition)

   TransactionAutoConfiguration#transactionalOperator:
      Did not match:
         - @ConditionalOnSingleCandidate (types: org.springframework.transaction.ReactiveTransactionManager; SearchStrategy: all) did not find any beans (OnBeanCondition)

   TransactionAutoConfiguration.AspectJTransactionManagementConfiguration:
      Did not match:
         - @ConditionalOnBean (types: org.springframework.transaction.aspectj.AbstractTransactionAspect; SearchStrategy: all) did not find any beans of type org.springframework.transaction.aspectj.AbstractTransactionAspect (OnBeanCondition)

   TransactionAutoConfiguration.EnableTransactionManagementConfiguration.JdkDynamicAutoProxyConfiguration:
      Did not match:
         - @ConditionalOnProperty (spring.aop.proxy-target-class=false) did not find property 'proxy-target-class' (OnPropertyCondition)

   UserDetailsServiceAutoConfiguration:
      Did not match:
         - @ConditionalOnClass did not find required class 'org.springframework.security.authentication.AuthenticationManager' (OnClassCondition)

   WebFluxAutoConfiguration:
      Did not match:
         - not a reactive web application (OnWebApplicationCondition)
      Matched:
         - @ConditionalOnClass found required class 'org.springframework.web.reactive.config.WebFluxConfigurer' (OnClassCondition)

   WebMvcAutoConfiguration#hiddenHttpMethodFilter:
      Did not match:
         - @ConditionalOnProperty (spring.mvc.hiddenmethod.filter.enabled) did not find property 'enabled' (OnPropertyCondition)

   WebMvcAutoConfiguration.ProblemDetailsErrorHandlingConfiguration:
      Did not match:
         - @ConditionalOnProperty (spring.mvc.problemdetails.enabled=true) did not find property 'enabled' (OnPropertyCondition)

   WebMvcAutoConfiguration.ResourceChainCustomizerConfiguration:
      Did not match:
         - @ConditionalOnEnabledResourceChain did not find class org.webjars.WebJarAssetLocator (OnEnabledResourceChainCondition)

   WebMvcAutoConfiguration.WebMvcAutoConfigurationAdapter#beanNameViewResolver:
      Did not match:
         - @ConditionalOnMissingBean (types: org.springframework.web.servlet.view.BeanNameViewResolver; SearchStrategy: all) found beans of type 'org.springframework.web.servlet.view.BeanNameViewResolver' beanNameViewResolver (OnBeanCondition)

   WebServiceTemplateAutoConfiguration:
      Did not match:
         - @ConditionalOnClass did not find required class 'org.springframework.oxm.Marshaller' (OnClassCondition)

   WebServicesAutoConfiguration:
      Did not match:
         - @ConditionalOnClass did not find required class 'org.springframework.ws.transport.http.MessageDispatcherServlet' (OnClassCondition)

   WebSessionIdResolverAutoConfiguration:
      Did not match:
         - not a reactive web application (OnWebApplicationCondition)
      Matched:
         - @ConditionalOnClass found required classes 'org.springframework.web.server.session.WebSessionManager', 'reactor.core.publisher.Mono' (OnClassCondition)

   WebSocketMessagingAutoConfiguration:
      Did not match:
         - @ConditionalOnClass did not find required class 'org.springframework.web.socket.config.annotation.WebSocketMessageBrokerConfigurer' (OnClassCondition)

   WebSocketReactiveAutoConfiguration:
      Did not match:
         - not a reactive web application (OnWebApplicationCondition)
      Matched:
         - @ConditionalOnClass found required classes 'jakarta.servlet.Servlet', 'jakarta.websocket.server.ServerContainer' (OnClassCondition)

   WebSocketServletAutoConfiguration.JettyWebSocketConfiguration:
      Did not match:
         - @ConditionalOnClass did not find required class 'org.eclipse.jetty.ee10.websocket.jakarta.server.config.JakartaWebSocketServletContainerInitializer' (OnClassCondition)

   WebSocketServletAutoConfiguration.UndertowWebSocketConfiguration:
      Did not match:
         - @ConditionalOnClass did not find required class 'io.undertow.websockets.jsr.Bootstrap' (OnClassCondition)

   XADataSourceAutoConfiguration:
      Did not match:
         - @ConditionalOnBean (types: org.springframework.boot.jdbc.XADataSourceWrapper; SearchStrategy: all) did not find any beans of type org.springframework.boot.jdbc.XADataSourceWrapper (OnBeanCondition)
      Matched:
         - @ConditionalOnClass found required classes 'javax.sql.DataSource', 'jakarta.transaction.TransactionManager', 'org.springframework.jdbc.datasource.embedded.EmbeddedDatabaseType' (OnClassCondition)


Exclusions:
-----------

    None


Unconditional classes:
----------------------

    org.springframework.boot.autoconfigure.context.ConfigurationPropertiesAutoConfiguration

    org.springframework.boot.autoconfigure.ssl.SslAutoConfiguration

    org.springframework.boot.autoconfigure.context.PropertyPlaceholderAutoConfiguration

    org.springframework.boot.autoconfigure.context.LifecycleAutoConfiguration

    org.springframework.boot.autoconfigure.availability.ApplicationAvailabilityAutoConfiguration

    org.springframework.boot.autoconfigure.info.ProjectInfoAutoConfiguration



2024-03-29T02:44:59.593+02:00  INFO 41589 --- [           main] oneyProcessorSwiftServerApplicationTests : Started MoneyProcessorSwiftServerApplicationTests in 2.973 seconds (process running for 3.49)
2024-03-29T02:44:59.594+02:00 DEBUG 41589 --- [           main] o.s.b.a.ApplicationAvailabilityBean      : Application availability state LivenessState changed to CORRECT
2024-03-29T02:44:59.595+02:00 DEBUG 41589 --- [           main] o.s.b.a.ApplicationAvailabilityBean      : Application availability state ReadinessState changed to ACCEPTING_TRAFFIC
2024-03-29T02:44:59.596+02:00 DEBUG 41589 --- [           main] org.springframework.test.context.cache   : Spring test ApplicationContext cache statistics: [DefaultContextCache@78571a17 size = 1, maxSize = 32, parentContextCount = 0, hitCount = 0, missCount = 1, failureCount = 0]
2024-03-29T02:44:59.596+02:00 DEBUG 41589 --- [           main] o.s.t.c.w.ServletTestExecutionListener   : Setting up MockHttpServletRequest, MockHttpServletResponse, ServletWebRequest, and RequestContextHolder for test class com.ntros.mprocswift.MoneyProcessorSwiftServerApplicationTests
2024-03-29T02:44:59.601+02:00 DEBUG 41589 --- [           main] DependencyInjectionTestExecutionListener : Performing dependency injection for test class com.ntros.mprocswift.MoneyProcessorSwiftServerApplicationTests
2024-03-29T02:44:59.602+02:00 DEBUG 41589 --- [           main] org.springframework.test.context.cache   : Spring test ApplicationContext cache statistics: [DefaultContextCache@78571a17 size = 1, maxSize = 32, parentContextCount = 0, hitCount = 1, missCount = 1, failureCount = 0]
2024-03-29T02:44:59.602+02:00 DEBUG 41589 --- [           main] org.springframework.test.context.cache   : Spring test ApplicationContext cache statistics: [DefaultContextCache@78571a17 size = 1, maxSize = 32, parentContextCount = 0, hitCount = 2, missCount = 1, failureCount = 0]
2024-03-29T02:44:59.604+02:00 DEBUG 41589 --- [           main] sContextBeforeModesTestExecutionListener : Before test method: class [MoneyProcessorSwiftServerApplicationTests], method [contextLoads], class annotated with @DirtiesContext [false] with mode [null], method annotated with @DirtiesContext [false] with mode [null]
2024-03-29T02:44:59.605+02:00 DEBUG 41589 --- [           main] org.springframework.test.context.cache   : Spring test ApplicationContext cache statistics: [DefaultContextCache@78571a17 size = 1, maxSize = 32, parentContextCount = 0, hitCount = 3, missCount = 1, failureCount = 0]
2024-03-29T02:44:59.605+02:00 DEBUG 41589 --- [           main] org.springframework.test.context.cache   : Spring test ApplicationContext cache statistics: [DefaultContextCache@78571a17 size = 1, maxSize = 32, parentContextCount = 0, hitCount = 4, missCount = 1, failureCount = 0]
2024-03-29T02:44:59.984+02:00 DEBUG 41589 --- [           main] org.springframework.test.context.cache   : Spring test ApplicationContext cache statistics: [DefaultContextCache@78571a17 size = 1, maxSize = 32, parentContextCount = 0, hitCount = 5, missCount = 1, failureCount = 0]
2024-03-29T02:44:59.986+02:00 DEBUG 41589 --- [           main] org.springframework.test.context.cache   : Spring test ApplicationContext cache statistics: [DefaultContextCache@78571a17 size = 1, maxSize = 32, parentContextCount = 0, hitCount = 6, missCount = 1, failureCount = 0]
2024-03-29T02:44:59.986+02:00 DEBUG 41589 --- [           main] org.springframework.test.context.cache   : Spring test ApplicationContext cache statistics: [DefaultContextCache@78571a17 size = 1, maxSize = 32, parentContextCount = 0, hitCount = 7, missCount = 1, failureCount = 0]
2024-03-29T02:44:59.986+02:00 DEBUG 41589 --- [           main] org.springframework.test.context.cache   : Spring test ApplicationContext cache statistics: [DefaultContextCache@78571a17 size = 1, maxSize = 32, parentContextCount = 0, hitCount = 8, missCount = 1, failureCount = 0]
2024-03-29T02:44:59.986+02:00 DEBUG 41589 --- [           main] org.springframework.test.context.cache   : Spring test ApplicationContext cache statistics: [DefaultContextCache@78571a17 size = 1, maxSize = 32, parentContextCount = 0, hitCount = 9, missCount = 1, failureCount = 0]
2024-03-29T02:44:59.987+02:00 DEBUG 41589 --- [           main] org.springframework.test.context.cache   : Spring test ApplicationContext cache statistics: [DefaultContextCache@78571a17 size = 1, maxSize = 32, parentContextCount = 0, hitCount = 10, missCount = 1, failureCount = 0]
2024-03-29T02:44:59.988+02:00 DEBUG 41589 --- [           main] org.springframework.test.context.cache   : Spring test ApplicationContext cache statistics: [DefaultContextCache@78571a17 size = 1, maxSize = 32, parentContextCount = 0, hitCount = 11, missCount = 1, failureCount = 0]
2024-03-29T02:44:59.988+02:00 DEBUG 41589 --- [           main] .c.s.DirtiesContextTestExecutionListener : After test method: class [MoneyProcessorSwiftServerApplicationTests], method [contextLoads], class annotated with @DirtiesContext [false] with mode [null], method annotated with @DirtiesContext [false] with mode [null]
2024-03-29T02:44:59.988+02:00 DEBUG 41589 --- [           main] o.s.t.c.w.ServletTestExecutionListener   : Resetting RequestContextHolder for test class com.ntros.mprocswift.MoneyProcessorSwiftServerApplicationTests
]]></system-out>
    <system-err><![CDATA[WARNING: A Java agent has been loaded dynamically (/Users/rafa95/.m2/repository/net/bytebuddy/byte-buddy-agent/1.14.11/byte-buddy-agent-1.14.11.jar)
WARNING: If a serviceability tool is in use, please run with -XX:+EnableDynamicAgentLoading to hide this warning
WARNING: If a serviceability tool is not in use, please run with -Djdk.instrument.traceUsage for more information
WARNING: Dynamic loading of agents will be disallowed by default in a future release
]]></system-err>
  </testcase>
</testsuite>